<?xml version="1.0" encoding="UTF-8"?>
<coverage generated="1773348571977" clover="3.2.0">
  <project timestamp="1773348571977" name="All files">
    <metrics statements="1405" coveredstatements="1405" conditionals="274" coveredconditionals="274" methods="75" coveredmethods="75" elements="1754" coveredelements="1754" complexity="0" loc="1405" ncloc="1405" packages="1" files="34" classes="34"/>
    <file name="ActionButton.tsx" path="/home/kylan/projects/df-fake-dash/src/components/ui/ActionButton.tsx">
      <metrics statements="10" coveredstatements="10" conditionals="1" coveredconditionals="1" methods="1" coveredmethods="1"/>
      <line num="9" count="1" type="cond" truecount="1" falsecount="0"/>
      <line num="10" count="5" type="stmt"/>
      <line num="11" count="5" type="stmt"/>
      <line num="12" count="5" type="stmt"/>
      <line num="13" count="5" type="stmt"/>
      <line num="14" count="5" type="stmt"/>
      <line num="16" count="5" type="stmt"/>
      <line num="17" count="5" type="stmt"/>
      <line num="18" count="5" type="stmt"/>
      <line num="20" count="5" type="stmt"/>
    </file>
    <file name="ActionGroup.tsx" path="/home/kylan/projects/df-fake-dash/src/components/ui/ActionGroup.tsx">
      <metrics statements="17" coveredstatements="17" conditionals="3" coveredconditionals="3" methods="1" coveredmethods="1"/>
      <line num="2" count="1" type="stmt"/>
      <line num="3" count="1" type="stmt"/>
      <line num="20" count="1" type="cond" truecount="1" falsecount="0"/>
      <line num="21" count="9" type="stmt"/>
      <line num="22" count="9" type="stmt"/>
      <line num="23" count="9" type="cond" truecount="1" falsecount="0"/>
      <line num="24" count="12" type="stmt"/>
      <line num="25" count="12" type="stmt"/>
      <line num="26" count="12" type="cond" truecount="1" falsecount="0"/>
      <line num="27" count="12" type="stmt"/>
      <line num="28" count="12" type="stmt"/>
      <line num="29" count="12" type="stmt"/>
      <line num="31" count="12" type="stmt"/>
      <line num="32" count="12" type="stmt"/>
      <line num="33" count="9" type="stmt"/>
      <line num="34" count="9" type="stmt"/>
      <line num="36" count="9" type="stmt"/>
    </file>
    <file name="Alert.tsx" path="/home/kylan/projects/df-fake-dash/src/components/ui/Alert.tsx">
      <metrics statements="37" coveredstatements="37" conditionals="3" coveredconditionals="3" methods="1" coveredmethods="1"/>
      <line num="2" count="1" type="stmt"/>
      <line num="3" count="1" type="stmt"/>
      <line num="15" count="1" type="stmt"/>
      <line num="19" count="1" type="stmt"/>
      <line num="20" count="1" type="stmt"/>
      <line num="21" count="1" type="stmt"/>
      <line num="22" count="1" type="stmt"/>
      <line num="23" count="1" type="stmt"/>
      <line num="24" count="1" type="stmt"/>
      <line num="26" count="1" type="cond" truecount="1" falsecount="0"/>
      <line num="27" count="13" type="stmt"/>
      <line num="29" count="13" type="stmt"/>
      <line num="30" count="13" type="stmt"/>
      <line num="31" count="13" type="stmt"/>
      <line num="32" count="13" type="stmt"/>
      <line num="33" count="13" type="stmt"/>
      <line num="35" count="13" type="stmt"/>
      <line num="36" count="13" type="stmt"/>
      <line num="37" count="13" type="cond" truecount="1" falsecount="0"/>
      <line num="38" count="1" type="stmt"/>
      <line num="39" count="1" type="stmt"/>
      <line num="40" count="1" type="stmt"/>
      <line num="42" count="13" type="stmt"/>
      <line num="43" count="13" type="stmt"/>
      <line num="44" count="13" type="stmt"/>
      <line num="45" count="13" type="stmt"/>
      <line num="46" count="13" type="cond" truecount="1" falsecount="0"/>
      <line num="47" count="2" type="stmt"/>
      <line num="48" count="2" type="stmt"/>
      <line num="49" count="2" type="stmt"/>
      <line num="50" count="2" type="stmt"/>
      <line num="51" count="2" type="stmt"/>
      <line num="52" count="2" type="stmt"/>
      <line num="54" count="2" type="stmt"/>
      <line num="55" count="2" type="stmt"/>
      <line num="57" count="13" type="stmt"/>
      <line num="59" count="13" type="stmt"/>
    </file>
    <file name="Badge.tsx" path="/home/kylan/projects/df-fake-dash/src/components/ui/Badge.tsx">
      <metrics statements="175" coveredstatements="175" conditionals="12" coveredconditionals="12" methods="10" coveredmethods="10"/>
      <line num="10" count="1" type="stmt"/>
      <line num="11" count="1" type="stmt"/>
      <line num="12" count="1" type="stmt"/>
      <line num="13" count="1" type="stmt"/>
      <line num="14" count="1" type="stmt"/>
      <line num="16" count="1" type="cond" truecount="1" falsecount="0"/>
      <line num="17" count="54" type="stmt"/>
      <line num="18" count="54" type="stmt"/>
      <line num="19" count="54" type="stmt"/>
      <line num="20" count="54" type="stmt"/>
      <line num="21" count="54" type="stmt"/>
      <line num="22" count="54" type="stmt"/>
      <line num="23" count="54" type="stmt"/>
      <line num="24" count="54" type="stmt"/>
      <line num="25" count="54" type="stmt"/>
      <line num="26" count="54" type="stmt"/>
      <line num="27" count="54" type="stmt"/>
      <line num="28" count="54" type="stmt"/>
      <line num="29" count="54" type="stmt"/>
      <line num="31" count="54" type="stmt"/>
      <line num="35" count="1" type="stmt"/>
      <line num="36" count="1" type="stmt"/>
      <line num="37" count="1" type="stmt"/>
      <line num="38" count="1" type="stmt"/>
      <line num="39" count="1" type="stmt"/>
      <line num="45" count="1" type="cond" truecount="1" falsecount="0"/>
      <line num="46" count="6" type="stmt"/>
      <line num="47" count="6" type="stmt"/>
      <line num="48" count="6" type="stmt"/>
      <line num="49" count="6" type="stmt"/>
      <line num="50" count="6" type="stmt"/>
      <line num="52" count="6" type="stmt"/>
      <line num="53" count="6" type="stmt"/>
      <line num="54" count="6" type="stmt"/>
      <line num="55" count="6" type="stmt"/>
      <line num="56" count="6" type="stmt"/>
      <line num="57" count="6" type="stmt"/>
      <line num="58" count="6" type="stmt"/>
      <line num="59" count="6" type="stmt"/>
      <line num="60" count="6" type="stmt"/>
      <line num="61" count="6" type="stmt"/>
      <line num="62" count="6" type="stmt"/>
      <line num="63" count="6" type="stmt"/>
      <line num="64" count="6" type="stmt"/>
      <line num="66" count="6" type="stmt"/>
      <line num="67" count="6" type="stmt"/>
      <line num="68" count="6" type="stmt"/>
      <line num="70" count="6" type="stmt"/>
      <line num="74" count="1" type="stmt"/>
      <line num="75" count="1" type="stmt"/>
      <line num="76" count="1" type="stmt"/>
      <line num="77" count="1" type="stmt"/>
      <line num="83" count="1" type="cond" truecount="1" falsecount="0"/>
      <line num="84" count="6" type="stmt"/>
      <line num="85" count="6" type="stmt"/>
      <line num="86" count="6" type="stmt"/>
      <line num="87" count="6" type="stmt"/>
      <line num="88" count="6" type="stmt"/>
      <line num="89" count="6" type="stmt"/>
      <line num="90" count="6" type="stmt"/>
      <line num="91" count="6" type="stmt"/>
      <line num="92" count="6" type="stmt"/>
      <line num="93" count="6" type="stmt"/>
      <line num="94" count="6" type="stmt"/>
      <line num="95" count="6" type="stmt"/>
      <line num="96" count="6" type="stmt"/>
      <line num="97" count="6" type="stmt"/>
      <line num="99" count="6" type="stmt"/>
      <line num="100" count="6" type="stmt"/>
      <line num="102" count="6" type="stmt"/>
      <line num="108" count="1" type="stmt"/>
      <line num="109" count="1" type="stmt"/>
      <line num="110" count="1" type="stmt"/>
      <line num="111" count="1" type="stmt"/>
      <line num="112" count="1" type="stmt"/>
      <line num="113" count="1" type="stmt"/>
      <line num="120" count="1" type="cond" truecount="1" falsecount="0"/>
      <line num="121" count="5" type="stmt"/>
      <line num="122" count="5" type="stmt"/>
      <line num="123" count="5" type="stmt"/>
      <line num="124" count="5" type="stmt"/>
      <line num="125" count="5" type="stmt"/>
      <line num="127" count="5" type="stmt"/>
      <line num="128" count="5" type="stmt"/>
      <line num="130" count="5" type="stmt"/>
      <line num="136" count="1" type="stmt"/>
      <line num="137" count="1" type="stmt"/>
      <line num="138" count="1" type="stmt"/>
      <line num="139" count="1" type="stmt"/>
      <line num="140" count="1" type="stmt"/>
      <line num="141" count="1" type="stmt"/>
      <line num="142" count="1" type="stmt"/>
      <line num="143" count="1" type="stmt"/>
      <line num="149" count="1" type="cond" truecount="1" falsecount="0"/>
      <line num="150" count="8" type="stmt"/>
      <line num="151" count="8" type="stmt"/>
      <line num="152" count="8" type="stmt"/>
      <line num="153" count="8" type="stmt"/>
      <line num="154" count="8" type="stmt"/>
      <line num="156" count="8" type="stmt"/>
      <line num="157" count="8" type="stmt"/>
      <line num="159" count="8" type="stmt"/>
      <line num="165" count="1" type="stmt"/>
      <line num="166" count="1" type="stmt"/>
      <line num="167" count="1" type="stmt"/>
      <line num="168" count="1" type="stmt"/>
      <line num="169" count="1" type="stmt"/>
      <line num="175" count="1" type="cond" truecount="1" falsecount="0"/>
      <line num="176" count="4" type="stmt"/>
      <line num="177" count="4" type="stmt"/>
      <line num="178" count="4" type="stmt"/>
      <line num="179" count="4" type="stmt"/>
      <line num="180" count="4" type="stmt"/>
      <line num="182" count="4" type="stmt"/>
      <line num="183" count="4" type="stmt"/>
      <line num="185" count="4" type="stmt"/>
      <line num="191" count="1" type="stmt"/>
      <line num="192" count="1" type="stmt"/>
      <line num="193" count="1" type="stmt"/>
      <line num="194" count="1" type="stmt"/>
      <line num="195" count="1" type="stmt"/>
      <line num="201" count="1" type="cond" truecount="1" falsecount="0"/>
      <line num="202" count="5" type="stmt"/>
      <line num="203" count="5" type="stmt"/>
      <line num="204" count="5" type="stmt"/>
      <line num="205" count="5" type="stmt"/>
      <line num="206" count="5" type="stmt"/>
      <line num="208" count="5" type="stmt"/>
      <line num="209" count="5" type="stmt"/>
      <line num="211" count="5" type="stmt"/>
      <line num="217" count="1" type="stmt"/>
      <line num="218" count="1" type="stmt"/>
      <line num="219" count="1" type="stmt"/>
      <line num="220" count="1" type="stmt"/>
      <line num="226" count="1" type="cond" truecount="1" falsecount="0"/>
      <line num="227" count="4" type="stmt"/>
      <line num="228" count="4" type="stmt"/>
      <line num="229" count="4" type="stmt"/>
      <line num="230" count="4" type="stmt"/>
      <line num="231" count="4" type="stmt"/>
      <line num="233" count="4" type="stmt"/>
      <line num="234" count="4" type="stmt"/>
      <line num="236" count="4" type="stmt"/>
      <line num="244" count="1" type="cond" truecount="1" falsecount="0"/>
      <line num="245" count="4" type="stmt"/>
      <line num="246" count="4" type="stmt"/>
      <line num="247" count="4" type="stmt"/>
      <line num="248" count="4" type="stmt"/>
      <line num="249" count="4" type="stmt"/>
      <line num="250" count="4" type="stmt"/>
      <line num="251" count="4" type="stmt"/>
      <line num="252" count="4" type="stmt"/>
      <line num="253" count="4" type="stmt"/>
      <line num="254" count="4" type="stmt"/>
      <line num="255" count="4" type="stmt"/>
      <line num="256" count="4" type="stmt"/>
      <line num="258" count="4" type="cond" truecount="2" falsecount="0"/>
      <line num="259" count="4" type="stmt"/>
      <line num="261" count="4" type="stmt"/>
      <line num="269" count="1" type="cond" truecount="1" falsecount="0"/>
      <line num="270" count="2" type="stmt"/>
      <line num="271" count="2" type="stmt"/>
      <line num="272" count="2" type="stmt"/>
      <line num="273" count="2" type="stmt"/>
      <line num="274" count="2" type="stmt"/>
      <line num="275" count="2" type="stmt"/>
      <line num="276" count="2" type="stmt"/>
      <line num="277" count="2" type="stmt"/>
      <line num="278" count="2" type="stmt"/>
      <line num="279" count="2" type="stmt"/>
      <line num="280" count="2" type="stmt"/>
      <line num="281" count="2" type="stmt"/>
      <line num="283" count="2" type="stmt"/>
      <line num="284" count="2" type="stmt"/>
      <line num="286" count="2" type="stmt"/>
    </file>
    <file name="Breadcrumbs.tsx" path="/home/kylan/projects/df-fake-dash/src/components/ui/Breadcrumbs.tsx">
      <metrics statements="46" coveredstatements="46" conditionals="18" coveredconditionals="18" methods="1" coveredmethods="1"/>
      <line num="1" count="1" type="stmt"/>
      <line num="3" count="1" type="stmt"/>
      <line num="17" count="1" type="cond" truecount="1" falsecount="0"/>
      <line num="18" count="18" type="stmt"/>
      <line num="19" count="18" type="stmt"/>
      <line num="20" count="18" type="cond" truecount="1" falsecount="0"/>
      <line num="21" count="30" type="stmt"/>
      <line num="22" count="30" type="cond" truecount="2" falsecount="0"/>
      <line num="23" count="30" type="cond" truecount="2" falsecount="0"/>
      <line num="24" count="30" type="cond" truecount="2" falsecount="0"/>
      <line num="25" count="30" type="cond" truecount="2" falsecount="0"/>
      <line num="27" count="30" type="cond" truecount="3" falsecount="0"/>
      <line num="28" count="2" type="stmt"/>
      <line num="29" count="2" type="stmt"/>
      <line num="30" count="2" type="stmt"/>
      <line num="31" count="2" type="stmt"/>
      <line num="33" count="2" type="stmt"/>
      <line num="34" count="2" type="cond" truecount="1" falsecount="0"/>
      <line num="36" count="26" type="stmt"/>
      <line num="37" count="26" type="stmt"/>
      <line num="38" count="26" type="stmt"/>
      <line num="41" count="30" type="stmt"/>
      <line num="42" count="30" type="stmt"/>
      <line num="43" count="30" type="cond" truecount="1" falsecount="0"/>
      <line num="44" count="12" type="stmt"/>
      <line num="45" count="12" type="stmt"/>
      <line num="46" count="12" type="stmt"/>
      <line num="47" count="12" type="stmt"/>
      <line num="48" count="12" type="stmt"/>
      <line num="49" count="12" type="stmt"/>
      <line num="51" count="30" type="stmt"/>
      <line num="52" count="30" type="stmt"/>
      <line num="53" count="30" type="stmt"/>
      <line num="54" count="30" type="cond" truecount="2" falsecount="0"/>
      <line num="55" count="30" type="stmt"/>
      <line num="56" count="30" type="stmt"/>
      <line num="57" count="30" type="stmt"/>
      <line num="58" count="30" type="stmt"/>
      <line num="59" count="30" type="stmt"/>
      <line num="61" count="30" type="stmt"/>
      <line num="62" count="30" type="cond" truecount="1" falsecount="0"/>
      <line num="63" count="30" type="stmt"/>
      <line num="64" count="30" type="stmt"/>
      <line num="66" count="18" type="stmt"/>
      <line num="67" count="18" type="stmt"/>
      <line num="69" count="18" type="stmt"/>
    </file>
    <file name="Button.tsx" path="/home/kylan/projects/df-fake-dash/src/components/ui/Button.tsx">
      <metrics statements="52" coveredstatements="52" conditionals="15" coveredconditionals="15" methods="1" coveredmethods="1"/>
      <line num="3" count="1" type="stmt"/>
      <line num="19" count="1" type="stmt"/>
      <line num="20" count="1" type="stmt"/>
      <line num="21" count="1" type="stmt"/>
      <line num="22" count="1" type="stmt"/>
      <line num="23" count="1" type="stmt"/>
      <line num="24" count="1" type="stmt"/>
      <line num="25" count="1" type="stmt"/>
      <line num="26" count="1" type="stmt"/>
      <line num="28" count="1" type="stmt"/>
      <line num="29" count="1" type="stmt"/>
      <line num="30" count="1" type="stmt"/>
      <line num="31" count="1" type="stmt"/>
      <line num="33" count="1" type="cond" truecount="1" falsecount="0"/>
      <line num="34" count="35" type="stmt"/>
      <line num="35" count="35" type="stmt"/>
      <line num="36" count="35" type="stmt"/>
      <line num="37" count="35" type="stmt"/>
      <line num="38" count="35" type="stmt"/>
      <line num="39" count="35" type="stmt"/>
      <line num="40" count="35" type="stmt"/>
      <line num="41" count="35" type="stmt"/>
      <line num="42" count="35" type="stmt"/>
      <line num="43" count="35" type="stmt"/>
      <line num="44" count="35" type="cond" truecount="3" falsecount="0"/>
      <line num="46" count="35" type="stmt"/>
      <line num="47" count="35" type="stmt"/>
      <line num="49" count="35" type="stmt"/>
      <line num="50" count="35" type="stmt"/>
      <line num="51" count="35" type="stmt"/>
      <line num="52" count="35" type="stmt"/>
      <line num="53" count="35" type="stmt"/>
      <line num="54" count="35" type="stmt"/>
      <line num="55" count="35" type="stmt"/>
      <line num="56" count="35" type="cond" truecount="1" falsecount="0"/>
      <line num="57" count="35" type="cond" truecount="1" falsecount="0"/>
      <line num="58" count="35" type="cond" truecount="1" falsecount="0"/>
      <line num="59" count="35" type="stmt"/>
      <line num="60" count="35" type="stmt"/>
      <line num="61" count="35" type="stmt"/>
      <line num="62" count="35" type="stmt"/>
      <line num="63" count="35" type="stmt"/>
      <line num="64" count="35" type="cond" truecount="2" falsecount="0"/>
      <line num="65" count="35" type="cond" truecount="4" falsecount="0"/>
      <line num="66" count="35" type="stmt"/>
      <line num="67" count="35" type="stmt"/>
      <line num="68" count="35" type="stmt"/>
      <line num="69" count="35" type="stmt"/>
      <line num="71" count="35" type="cond" truecount="1" falsecount="0"/>
      <line num="72" count="35" type="cond" truecount="1" falsecount="0"/>
      <line num="73" count="35" type="stmt"/>
      <line num="75" count="35" type="stmt"/>
    </file>
    <file name="Card.tsx" path="/home/kylan/projects/df-fake-dash/src/components/ui/Card.tsx">
      <metrics statements="7" coveredstatements="7" conditionals="1" coveredconditionals="1" methods="1" coveredmethods="1"/>
      <line num="2" count="1" type="stmt"/>
      <line num="9" count="1" type="cond" truecount="1" falsecount="0"/>
      <line num="10" count="4" type="stmt"/>
      <line num="11" count="4" type="stmt"/>
      <line num="12" count="4" type="stmt"/>
      <line num="13" count="4" type="stmt"/>
      <line num="15" count="4" type="stmt"/>
    </file>
    <file name="CodeBlock.tsx" path="/home/kylan/projects/df-fake-dash/src/components/ui/CodeBlock.tsx">
      <metrics statements="18" coveredstatements="18" conditionals="1" coveredconditionals="1" methods="1" coveredmethods="1"/>
      <line num="1" count="1" type="stmt"/>
      <line num="8" count="1" type="cond" truecount="1" falsecount="0"/>
      <line num="9" count="6" type="stmt"/>
      <line num="10" count="6" type="stmt"/>
      <line num="11" count="6" type="stmt"/>
      <line num="12" count="6" type="stmt"/>
      <line num="13" count="6" type="stmt"/>
      <line num="15" count="6" type="stmt"/>
      <line num="16" count="6" type="stmt"/>
      <line num="17" count="6" type="stmt"/>
      <line num="19" count="6" type="stmt"/>
      <line num="20" count="6" type="stmt"/>
      <line num="21" count="6" type="stmt"/>
      <line num="22" count="6" type="stmt"/>
      <line num="23" count="6" type="stmt"/>
      <line num="24" count="6" type="stmt"/>
      <line num="25" count="6" type="stmt"/>
      <line num="27" count="6" type="stmt"/>
    </file>
    <file name="CopyButton.tsx" path="/home/kylan/projects/df-fake-dash/src/components/ui/CopyButton.tsx">
      <metrics statements="26" coveredstatements="26" conditionals="10" coveredconditionals="10" methods="2" coveredmethods="2"/>
      <line num="1" count="1" type="stmt"/>
      <line num="2" count="1" type="stmt"/>
      <line num="10" count="1" type="cond" truecount="1" falsecount="0"/>
      <line num="11" count="17" type="stmt"/>
      <line num="12" count="17" type="stmt"/>
      <line num="13" count="17" type="stmt"/>
      <line num="14" count="17" type="stmt"/>
      <line num="15" count="17" type="stmt"/>
      <line num="17" count="17" type="cond" truecount="1" falsecount="0"/>
      <line num="18" count="4" type="cond" truecount="1" falsecount="0"/>
      <line num="19" count="4" type="stmt"/>
      <line num="20" count="4" type="cond" truecount="1" falsecount="0"/>
      <line num="21" count="4" type="stmt"/>
      <line num="22" count="4" type="stmt"/>
      <line num="24" count="17" type="stmt"/>
      <line num="25" count="17" type="stmt"/>
      <line num="26" count="17" type="stmt"/>
      <line num="27" count="17" type="cond" truecount="2" falsecount="0"/>
      <line num="28" count="17" type="stmt"/>
      <line num="29" count="17" type="stmt"/>
      <line num="31" count="17" type="cond" truecount="1" falsecount="0"/>
      <line num="32" count="4" type="cond" truecount="1" falsecount="0"/>
      <line num="34" count="13" type="stmt"/>
      <line num="36" count="17" type="cond" truecount="2" falsecount="0"/>
      <line num="37" count="17" type="stmt"/>
      <line num="39" count="17" type="stmt"/>
    </file>
    <file name="Dialog.tsx" path="/home/kylan/projects/df-fake-dash/src/components/ui/Dialog.tsx">
      <metrics statements="38" coveredstatements="38" conditionals="4" coveredconditionals="4" methods="2" coveredmethods="2"/>
      <line num="2" count="1" type="stmt"/>
      <line num="3" count="1" type="stmt"/>
      <line num="14" count="1" type="cond" truecount="1" falsecount="0"/>
      <line num="15" count="8" type="stmt"/>
      <line num="16" count="8" type="stmt"/>
      <line num="17" count="8" type="stmt"/>
      <line num="19" count="8" type="stmt"/>
      <line num="20" count="8" type="stmt"/>
      <line num="21" count="8" type="stmt"/>
      <line num="23" count="8" type="stmt"/>
      <line num="24" count="8" type="stmt"/>
      <line num="25" count="8" type="cond" truecount="1" falsecount="0"/>
      <line num="26" count="1" type="stmt"/>
      <line num="27" count="1" type="stmt"/>
      <line num="28" count="1" type="stmt"/>
      <line num="30" count="1" type="stmt"/>
      <line num="31" count="1" type="stmt"/>
      <line num="33" count="8" type="cond" truecount="1" falsecount="0"/>
      <line num="34" count="2" type="stmt"/>
      <line num="35" count="2" type="stmt"/>
      <line num="36" count="2" type="stmt"/>
      <line num="37" count="2" type="stmt"/>
      <line num="38" count="2" type="stmt"/>
      <line num="39" count="2" type="stmt"/>
      <line num="41" count="2" type="stmt"/>
      <line num="42" count="2" type="stmt"/>
      <line num="44" count="8" type="stmt"/>
      <line num="46" count="8" type="stmt"/>
      <line num="55" count="1" type="cond" truecount="1" falsecount="0"/>
      <line num="56" count="3" type="stmt"/>
      <line num="57" count="3" type="stmt"/>
      <line num="58" count="3" type="stmt"/>
      <line num="59" count="3" type="stmt"/>
      <line num="60" count="3" type="stmt"/>
      <line num="61" count="3" type="stmt"/>
      <line num="63" count="3" type="stmt"/>
      <line num="64" count="3" type="stmt"/>
      <line num="66" count="3" type="stmt"/>
    </file>
    <file name="FlyoverHeader.tsx" path="/home/kylan/projects/df-fake-dash/src/components/ui/FlyoverHeader.tsx">
      <metrics statements="22" coveredstatements="22" conditionals="2" coveredconditionals="2" methods="1" coveredmethods="1"/>
      <line num="2" count="1" type="stmt"/>
      <line num="3" count="1" type="stmt"/>
      <line num="12" count="1" type="cond" truecount="1" falsecount="0"/>
      <line num="13" count="7" type="stmt"/>
      <line num="14" count="7" type="stmt"/>
      <line num="15" count="7" type="stmt"/>
      <line num="16" count="7" type="stmt"/>
      <line num="17" count="7" type="stmt"/>
      <line num="18" count="7" type="stmt"/>
      <line num="19" count="7" type="stmt"/>
      <line num="20" count="7" type="cond" truecount="1" falsecount="0"/>
      <line num="21" count="2" type="stmt"/>
      <line num="22" count="2" type="stmt"/>
      <line num="23" count="2" type="stmt"/>
      <line num="24" count="2" type="stmt"/>
      <line num="25" count="2" type="stmt"/>
      <line num="26" count="2" type="stmt"/>
      <line num="28" count="2" type="stmt"/>
      <line num="29" count="2" type="stmt"/>
      <line num="31" count="7" type="stmt"/>
      <line num="32" count="7" type="stmt"/>
      <line num="34" count="7" type="stmt"/>
    </file>
    <file name="FormField.tsx" path="/home/kylan/projects/df-fake-dash/src/components/ui/FormField.tsx">
      <metrics statements="27" coveredstatements="27" conditionals="6" coveredconditionals="6" methods="1" coveredmethods="1"/>
      <line num="2" count="1" type="stmt"/>
      <line num="3" count="1" type="stmt"/>
      <line num="15" count="1" type="cond" truecount="1" falsecount="0"/>
      <line num="16" count="9" type="stmt"/>
      <line num="17" count="9" type="stmt"/>
      <line num="18" count="9" type="stmt"/>
      <line num="19" count="9" type="stmt"/>
      <line num="20" count="9" type="stmt"/>
      <line num="21" count="9" type="stmt"/>
      <line num="22" count="9" type="stmt"/>
      <line num="23" count="9" type="cond" truecount="3" falsecount="0"/>
      <line num="24" count="9" type="cond" truecount="1" falsecount="0"/>
      <line num="25" count="2" type="stmt"/>
      <line num="26" count="2" type="stmt"/>
      <line num="27" count="2" type="stmt"/>
      <line num="28" count="2" type="stmt"/>
      <line num="29" count="2" type="stmt"/>
      <line num="30" count="2" type="stmt"/>
      <line num="31" count="2" type="stmt"/>
      <line num="32" count="2" type="stmt"/>
      <line num="34" count="2" type="stmt"/>
      <line num="35" count="2" type="stmt"/>
      <line num="37" count="9" type="stmt"/>
      <line num="38" count="9" type="cond" truecount="1" falsecount="0"/>
      <line num="39" count="3" type="stmt"/>
      <line num="41" count="9" type="stmt"/>
      <line num="43" count="9" type="stmt"/>
    </file>
    <file name="InfoGrid.tsx" path="/home/kylan/projects/df-fake-dash/src/components/ui/InfoGrid.tsx">
      <metrics statements="25" coveredstatements="25" conditionals="4" coveredconditionals="4" methods="1" coveredmethods="1"/>
      <line num="12" count="1" type="cond" truecount="1" falsecount="0"/>
      <line num="13" count="6" type="stmt"/>
      <line num="14" count="6" type="stmt"/>
      <line num="15" count="6" type="cond" truecount="1" falsecount="0"/>
      <line num="16" count="9" type="stmt"/>
      <line num="17" count="9" type="stmt"/>
      <line num="18" count="9" type="stmt"/>
      <line num="19" count="9" type="stmt"/>
      <line num="21" count="9" type="stmt"/>
      <line num="22" count="9" type="stmt"/>
      <line num="23" count="9" type="stmt"/>
      <line num="24" count="9" type="stmt"/>
      <line num="25" count="9" type="stmt"/>
      <line num="27" count="9" type="cond" truecount="1" falsecount="0"/>
      <line num="28" count="8" type="stmt"/>
      <line num="29" count="8" type="stmt"/>
      <line num="30" count="8" type="stmt"/>
      <line num="32" count="8" type="stmt"/>
      <line num="33" count="8" type="cond" truecount="1" falsecount="0"/>
      <line num="35" count="1" type="stmt"/>
      <line num="37" count="9" type="stmt"/>
      <line num="38" count="9" type="stmt"/>
      <line num="39" count="6" type="stmt"/>
      <line num="40" count="6" type="stmt"/>
      <line num="42" count="6" type="stmt"/>
    </file>
    <file name="InlineMessage.tsx" path="/home/kylan/projects/df-fake-dash/src/components/ui/InlineMessage.tsx">
      <metrics statements="18" coveredstatements="18" conditionals="3" coveredconditionals="3" methods="1" coveredmethods="1"/>
      <line num="2" count="1" type="stmt"/>
      <line num="12" count="1" type="stmt"/>
      <line num="13" count="1" type="stmt"/>
      <line num="14" count="1" type="stmt"/>
      <line num="15" count="1" type="stmt"/>
      <line num="16" count="1" type="stmt"/>
      <line num="17" count="1" type="stmt"/>
      <line num="19" count="1" type="cond" truecount="1" falsecount="0"/>
      <line num="20" count="11" type="stmt"/>
      <line num="21" count="11" type="stmt"/>
      <line num="22" count="11" type="stmt"/>
      <line num="23" count="11" type="stmt"/>
      <line num="24" count="11" type="stmt"/>
      <line num="26" count="11" type="cond" truecount="2" falsecount="0"/>
      <line num="27" count="8" type="stmt"/>
      <line num="29" count="11" type="stmt"/>
      <line num="30" count="11" type="stmt"/>
      <line num="32" count="11" type="stmt"/>
    </file>
    <file name="Input.tsx" path="/home/kylan/projects/df-fake-dash/src/components/ui/Input.tsx">
      <metrics statements="19" coveredstatements="19" conditionals="4" coveredconditionals="4" methods="1" coveredmethods="1"/>
      <line num="2" count="1" type="stmt"/>
      <line num="8" count="1" type="cond" truecount="1" falsecount="0"/>
      <line num="9" count="19" type="stmt"/>
      <line num="10" count="19" type="stmt"/>
      <line num="11" count="19" type="stmt"/>
      <line num="12" count="19" type="stmt"/>
      <line num="13" count="19" type="stmt"/>
      <line num="14" count="19" type="stmt"/>
      <line num="15" count="19" type="stmt"/>
      <line num="16" count="19" type="stmt"/>
      <line num="17" count="19" type="stmt"/>
      <line num="18" count="19" type="cond" truecount="1" falsecount="0"/>
      <line num="19" count="19" type="cond" truecount="1" falsecount="0"/>
      <line num="20" count="19" type="cond" truecount="1" falsecount="0"/>
      <line num="21" count="19" type="stmt"/>
      <line num="22" count="19" type="stmt"/>
      <line num="23" count="19" type="stmt"/>
      <line num="24" count="19" type="stmt"/>
      <line num="26" count="19" type="stmt"/>
    </file>
    <file name="Menu.tsx" path="/home/kylan/projects/df-fake-dash/src/components/ui/Menu.tsx">
      <metrics statements="38" coveredstatements="38" conditionals="13" coveredconditionals="13" methods="3" coveredmethods="3"/>
      <line num="2" count="1" type="stmt"/>
      <line num="3" count="1" type="stmt"/>
      <line num="4" count="1" type="stmt"/>
      <line num="17" count="1" type="cond" truecount="1" falsecount="0"/>
      <line num="18" count="14" type="stmt"/>
      <line num="19" count="14" type="stmt"/>
      <line num="20" count="14" type="stmt"/>
      <line num="21" count="14" type="cond" truecount="2" falsecount="0"/>
      <line num="22" count="14" type="stmt"/>
      <line num="23" count="14" type="cond" truecount="2" falsecount="0"/>
      <line num="24" count="14" type="cond" truecount="1" falsecount="0"/>
      <line num="25" count="2" type="cond" truecount="1" falsecount="0"/>
      <line num="26" count="2" type="stmt"/>
      <line num="27" count="14" type="stmt"/>
      <line num="28" count="14" type="stmt"/>
      <line num="29" count="14" type="stmt"/>
      <line num="30" count="14" type="cond" truecount="2" falsecount="0"/>
      <line num="31" count="14" type="cond" truecount="1" falsecount="0"/>
      <line num="32" count="14" type="stmt"/>
      <line num="33" count="14" type="stmt"/>
      <line num="35" count="14" type="stmt"/>
      <line num="36" count="14" type="cond" truecount="1" falsecount="0"/>
      <line num="37" count="14" type="stmt"/>
      <line num="38" count="14" type="stmt"/>
      <line num="39" count="14" type="cond" truecount="1" falsecount="0"/>
      <line num="40" count="14" type="stmt"/>
      <line num="42" count="14" type="stmt"/>
      <line num="51" count="1" type="cond" truecount="1" falsecount="0"/>
      <line num="52" count="14" type="stmt"/>
      <line num="53" count="14" type="stmt"/>
      <line num="54" count="14" type="stmt"/>
      <line num="55" count="14" type="stmt"/>
      <line num="56" count="14" type="stmt"/>
      <line num="57" count="14" type="stmt"/>
      <line num="58" count="14" type="stmt"/>
      <line num="60" count="14" type="stmt"/>
      <line num="61" count="14" type="stmt"/>
      <line num="63" count="14" type="stmt"/>
    </file>
    <file name="Modal.tsx" path="/home/kylan/projects/df-fake-dash/src/components/ui/Modal.tsx">
      <metrics statements="65" coveredstatements="65" conditionals="10" coveredconditionals="10" methods="3" coveredmethods="3"/>
      <line num="1" count="1" type="stmt"/>
      <line num="2" count="1" type="stmt"/>
      <line num="3" count="1" type="stmt"/>
      <line num="15" count="1" type="cond" truecount="1" falsecount="0"/>
      <line num="16" count="14" type="stmt"/>
      <line num="17" count="14" type="stmt"/>
      <line num="18" count="14" type="stmt"/>
      <line num="19" count="14" type="stmt"/>
      <line num="20" count="14" type="stmt"/>
      <line num="21" count="14" type="stmt"/>
      <line num="22" count="14" type="stmt"/>
      <line num="23" count="14" type="stmt"/>
      <line num="25" count="14" type="cond" truecount="1" falsecount="0"/>
      <line num="26" count="14" type="cond" truecount="2" falsecount="0"/>
      <line num="27" count="12" type="cond" truecount="1" falsecount="0"/>
      <line num="28" count="1" type="stmt"/>
      <line num="29" count="1" type="stmt"/>
      <line num="30" count="12" type="stmt"/>
      <line num="31" count="12" type="cond" truecount="1" falsecount="0"/>
      <line num="32" count="14" type="stmt"/>
      <line num="34" count="14" type="cond" truecount="2" falsecount="0"/>
      <line num="36" count="12" type="stmt"/>
      <line num="37" count="12" type="stmt"/>
      <line num="38" count="12" type="stmt"/>
      <line num="39" count="12" type="stmt"/>
      <line num="40" count="12" type="stmt"/>
      <line num="41" count="12" type="stmt"/>
      <line num="43" count="12" type="stmt"/>
      <line num="44" count="12" type="stmt"/>
      <line num="45" count="12" type="stmt"/>
      <line num="46" count="12" type="stmt"/>
      <line num="47" count="12" type="stmt"/>
      <line num="48" count="12" type="stmt"/>
      <line num="49" count="12" type="cond" truecount="1" falsecount="0"/>
      <line num="52" count="12" type="stmt"/>
      <line num="53" count="12" type="stmt"/>
      <line num="54" count="12" type="stmt"/>
      <line num="56" count="12" type="stmt"/>
      <line num="57" count="12" type="stmt"/>
      <line num="58" count="12" type="stmt"/>
      <line num="59" count="12" type="stmt"/>
      <line num="61" count="12" type="stmt"/>
      <line num="62" count="12" type="stmt"/>
      <line num="63" count="12" type="stmt"/>
      <line num="64" count="12" type="stmt"/>
      <line num="65" count="12" type="stmt"/>
      <line num="66" count="12" type="stmt"/>
      <line num="67" count="12" type="stmt"/>
      <line num="69" count="12" type="stmt"/>
      <line num="70" count="12" type="stmt"/>
      <line num="71" count="12" type="stmt"/>
      <line num="74" count="12" type="stmt"/>
      <line num="75" count="12" type="stmt"/>
      <line num="76" count="12" type="stmt"/>
      <line num="79" count="12" type="cond" truecount="1" falsecount="0"/>
      <line num="80" count="1" type="stmt"/>
      <line num="81" count="1" type="stmt"/>
      <line num="82" count="1" type="stmt"/>
      <line num="84" count="1" type="stmt"/>
      <line num="85" count="1" type="stmt"/>
      <line num="87" count="14" type="stmt"/>
      <line num="88" count="14" type="stmt"/>
      <line num="89" count="14" type="stmt"/>
      <line num="90" count="14" type="stmt"/>
      <line num="91" count="14" type="stmt"/>
    </file>
    <file name="MonoText.tsx" path="/home/kylan/projects/df-fake-dash/src/components/ui/MonoText.tsx">
      <metrics statements="13" coveredstatements="13" conditionals="3" coveredconditionals="3" methods="1" coveredmethods="1"/>
      <line num="7" count="1" type="cond" truecount="1" falsecount="0"/>
      <line num="8" count="5" type="stmt"/>
      <line num="9" count="5" type="stmt"/>
      <line num="10" count="5" type="stmt"/>
      <line num="11" count="5" type="stmt"/>
      <line num="12" count="5" type="stmt"/>
      <line num="13" count="5" type="stmt"/>
      <line num="14" count="5" type="stmt"/>
      <line num="15" count="5" type="cond" truecount="2" falsecount="0"/>
      <line num="16" count="5" type="stmt"/>
      <line num="18" count="5" type="stmt"/>
      <line num="19" count="5" type="stmt"/>
      <line num="21" count="5" type="stmt"/>
    </file>
    <file name="NavItem.tsx" path="/home/kylan/projects/df-fake-dash/src/components/ui/NavItem.tsx">
      <metrics statements="26" coveredstatements="26" conditionals="8" coveredconditionals="8" methods="1" coveredmethods="1"/>
      <line num="8" count="1" type="cond" truecount="1" falsecount="0"/>
      <line num="9" count="26" type="stmt"/>
      <line num="10" count="26" type="stmt"/>
      <line num="11" count="26" type="stmt"/>
      <line num="12" count="26" type="cond" truecount="2" falsecount="0"/>
      <line num="13" count="26" type="stmt"/>
      <line num="14" count="26" type="stmt"/>
      <line num="15" count="26" type="cond" truecount="2" falsecount="0"/>
      <line num="16" count="26" type="stmt"/>
      <line num="17" count="26" type="stmt"/>
      <line num="18" count="26" type="cond" truecount="2" falsecount="0"/>
      <line num="19" count="26" type="stmt"/>
      <line num="20" count="26" type="stmt"/>
      <line num="21" count="26" type="stmt"/>
      <line num="22" count="26" type="stmt"/>
      <line num="23" count="26" type="stmt"/>
      <line num="24" count="26" type="stmt"/>
      <line num="26" count="26" type="stmt"/>
      <line num="27" count="26" type="cond" truecount="1" falsecount="0"/>
      <line num="28" count="1" type="stmt"/>
      <line num="29" count="1" type="stmt"/>
      <line num="30" count="1" type="stmt"/>
      <line num="31" count="1" type="stmt"/>
      <line num="32" count="1" type="stmt"/>
      <line num="34" count="26" type="stmt"/>
      <line num="36" count="26" type="stmt"/>
    </file>
    <file name="NavSection.tsx" path="/home/kylan/projects/df-fake-dash/src/components/ui/NavSection.tsx">
      <metrics statements="29" coveredstatements="29" conditionals="3" coveredconditionals="3" methods="2" coveredmethods="2"/>
      <line num="1" count="1" type="stmt"/>
      <line num="16" count="1" type="cond" truecount="1" falsecount="0"/>
      <line num="17" count="7" type="stmt"/>
      <line num="18" count="7" type="stmt"/>
      <line num="19" count="7" type="stmt"/>
      <line num="20" count="7" type="stmt"/>
      <line num="21" count="7" type="stmt"/>
      <line num="22" count="7" type="stmt"/>
      <line num="23" count="7" type="stmt"/>
      <line num="24" count="7" type="stmt"/>
      <line num="25" count="7" type="stmt"/>
      <line num="26" count="7" type="stmt"/>
      <line num="27" count="7" type="stmt"/>
      <line num="28" count="7" type="stmt"/>
      <line num="30" count="7" type="stmt"/>
      <line num="31" count="7" type="stmt"/>
      <line num="32" count="7" type="stmt"/>
      <line num="33" count="7" type="cond" truecount="1" falsecount="0"/>
      <line num="34" count="14" type="stmt"/>
      <line num="35" count="14" type="stmt"/>
      <line num="36" count="14" type="stmt"/>
      <line num="37" count="14" type="stmt"/>
      <line num="38" count="14" type="cond" truecount="1" falsecount="0"/>
      <line num="39" count="14" type="stmt"/>
      <line num="40" count="14" type="stmt"/>
      <line num="41" count="7" type="stmt"/>
      <line num="42" count="7" type="stmt"/>
      <line num="43" count="7" type="stmt"/>
      <line num="45" count="7" type="stmt"/>
    </file>
    <file name="PageHeader.tsx" path="/home/kylan/projects/df-fake-dash/src/components/ui/PageHeader.tsx">
      <metrics statements="38" coveredstatements="38" conditionals="3" coveredconditionals="3" methods="1" coveredmethods="1"/>
      <line num="14" count="1" type="cond" truecount="1" falsecount="0"/>
      <line num="15" count="14" type="stmt"/>
      <line num="16" count="14" type="stmt"/>
      <line num="17" count="14" type="stmt"/>
      <line num="19" count="14" type="stmt"/>
      <line num="20" count="14" type="stmt"/>
      <line num="21" count="14" type="stmt"/>
      <line num="22" count="14" type="stmt"/>
      <line num="23" count="14" type="stmt"/>
      <line num="24" count="14" type="stmt"/>
      <line num="25" count="14" type="stmt"/>
      <line num="26" count="14" type="stmt"/>
      <line num="27" count="14" type="stmt"/>
      <line num="28" count="14" type="stmt"/>
      <line num="29" count="14" type="stmt"/>
      <line num="30" count="14" type="stmt"/>
      <line num="31" count="14" type="stmt"/>
      <line num="33" count="14" type="stmt"/>
      <line num="34" count="14" type="stmt"/>
      <line num="35" count="14" type="cond" truecount="1" falsecount="0"/>
      <line num="36" count="4" type="stmt"/>
      <line num="37" count="4" type="stmt"/>
      <line num="38" count="4" type="stmt"/>
      <line num="39" count="4" type="stmt"/>
      <line num="40" count="4" type="stmt"/>
      <line num="41" count="4" type="stmt"/>
      <line num="42" count="4" type="stmt"/>
      <line num="43" count="4" type="stmt"/>
      <line num="45" count="4" type="stmt"/>
      <line num="46" count="4" type="stmt"/>
      <line num="48" count="14" type="stmt"/>
      <line num="49" count="14" type="cond" truecount="1" falsecount="0"/>
      <line num="50" count="14" type="stmt"/>
      <line num="53" count="14" type="stmt"/>
      <line num="56" count="14" type="stmt"/>
      <line num="57" count="14" type="stmt"/>
      <line num="58" count="14" type="stmt"/>
      <line num="60" count="14" type="stmt"/>
    </file>
    <file name="ProseBlock.tsx" path="/home/kylan/projects/df-fake-dash/src/components/ui/ProseBlock.tsx">
      <metrics statements="15" coveredstatements="15" conditionals="1" coveredconditionals="1" methods="1" coveredmethods="1"/>
      <line num="6" count="1" type="cond" truecount="1" falsecount="0"/>
      <line num="7" count="5" type="stmt"/>
      <line num="8" count="5" type="stmt"/>
      <line num="9" count="5" type="stmt"/>
      <line num="10" count="5" type="stmt"/>
      <line num="11" count="5" type="stmt"/>
      <line num="13" count="5" type="stmt"/>
      <line num="14" count="5" type="stmt"/>
      <line num="15" count="5" type="stmt"/>
      <line num="16" count="5" type="stmt"/>
      <line num="17" count="5" type="stmt"/>
      <line num="19" count="5" type="stmt"/>
      <line num="20" count="5" type="stmt"/>
      <line num="21" count="5" type="stmt"/>
      <line num="23" count="5" type="stmt"/>
    </file>
    <file name="RadioGroup.tsx" path="/home/kylan/projects/df-fake-dash/src/components/ui/RadioGroup.tsx">
      <metrics statements="57" coveredstatements="57" conditionals="10" coveredconditionals="10" methods="3" coveredmethods="3"/>
      <line num="1" count="1" type="stmt"/>
      <line num="12" count="1" type="cond" truecount="1" falsecount="0"/>
      <line num="13" count="23" type="stmt"/>
      <line num="14" count="23" type="stmt"/>
      <line num="15" count="23" type="stmt"/>
      <line num="16" count="23" type="stmt"/>
      <line num="17" count="23" type="stmt"/>
      <line num="18" count="23" type="stmt"/>
      <line num="19" count="23" type="stmt"/>
      <line num="20" count="23" type="stmt"/>
      <line num="21" count="23" type="stmt"/>
      <line num="22" count="23" type="stmt"/>
      <line num="23" count="23" type="stmt"/>
      <line num="24" count="23" type="stmt"/>
      <line num="25" count="23" type="stmt"/>
      <line num="26" count="23" type="stmt"/>
      <line num="27" count="23" type="cond" truecount="2" falsecount="0"/>
      <line num="28" count="23" type="cond" truecount="1" falsecount="0"/>
      <line num="29" count="23" type="stmt"/>
      <line num="31" count="23" type="cond" truecount="1" falsecount="0"/>
      <line num="32" count="8" type="stmt"/>
      <line num="33" count="8" type="stmt"/>
      <line num="34" count="8" type="stmt"/>
      <line num="35" count="8" type="stmt"/>
      <line num="37" count="23" type="stmt"/>
      <line num="38" count="23" type="stmt"/>
      <line num="40" count="23" type="stmt"/>
      <line num="58" count="1" type="cond" truecount="1" falsecount="0"/>
      <line num="59" count="6" type="stmt"/>
      <line num="60" count="6" type="stmt"/>
      <line num="61" count="6" type="cond" truecount="1" falsecount="0"/>
      <line num="62" count="17" type="stmt"/>
      <line num="63" count="17" type="cond" truecount="1" falsecount="0"/>
      <line num="64" count="17" type="stmt"/>
      <line num="65" count="17" type="stmt"/>
      <line num="66" count="17" type="stmt"/>
      <line num="67" count="17" type="stmt"/>
      <line num="68" count="17" type="stmt"/>
      <line num="69" count="17" type="stmt"/>
      <line num="70" count="17" type="stmt"/>
      <line num="71" count="17" type="cond" truecount="1" falsecount="0"/>
      <line num="72" count="17" type="stmt"/>
      <line num="74" count="17" type="stmt"/>
      <line num="75" count="17" type="stmt"/>
      <line num="76" count="17" type="stmt"/>
      <line num="77" count="17" type="cond" truecount="1" falsecount="0"/>
      <line num="78" count="17" type="stmt"/>
      <line num="79" count="17" type="stmt"/>
      <line num="80" count="17" type="stmt"/>
      <line num="81" count="17" type="stmt"/>
      <line num="82" count="17" type="stmt"/>
      <line num="84" count="17" type="stmt"/>
      <line num="85" count="17" type="stmt"/>
      <line num="86" count="17" type="stmt"/>
      <line num="88" count="6" type="stmt"/>
      <line num="89" count="6" type="stmt"/>
      <line num="91" count="6" type="stmt"/>
    </file>
    <file name="SectionHeader.tsx" path="/home/kylan/projects/df-fake-dash/src/components/ui/SectionHeader.tsx">
      <metrics statements="11" coveredstatements="11" conditionals="2" coveredconditionals="2" methods="1" coveredmethods="1"/>
      <line num="8" count="1" type="cond" truecount="1" falsecount="0"/>
      <line num="9" count="4" type="stmt"/>
      <line num="10" count="4" type="stmt"/>
      <line num="11" count="4" type="stmt"/>
      <line num="12" count="4" type="stmt"/>
      <line num="13" count="4" type="stmt"/>
      <line num="15" count="4" type="stmt"/>
      <line num="16" count="4" type="stmt"/>
      <line num="17" count="4" type="cond" truecount="1" falsecount="0"/>
      <line num="18" count="4" type="stmt"/>
      <line num="20" count="4" type="stmt"/>
    </file>
    <file name="Select.tsx" path="/home/kylan/projects/df-fake-dash/src/components/ui/Select.tsx">
      <metrics statements="77" coveredstatements="77" conditionals="24" coveredconditionals="24" methods="5" coveredmethods="5"/>
      <line num="1" count="1" type="stmt"/>
      <line num="2" count="1" type="stmt"/>
      <line num="3" count="1" type="stmt"/>
      <line num="20" count="1" type="cond" truecount="1" falsecount="0"/>
      <line num="21" count="24" type="stmt"/>
      <line num="22" count="24" type="stmt"/>
      <line num="23" count="24" type="stmt"/>
      <line num="24" count="24" type="stmt"/>
      <line num="25" count="24" type="stmt"/>
      <line num="26" count="24" type="stmt"/>
      <line num="27" count="24" type="stmt"/>
      <line num="28" count="24" type="stmt"/>
      <line num="29" count="24" type="stmt"/>
      <line num="30" count="24" type="stmt"/>
      <line num="32" count="24" type="cond" truecount="1" falsecount="0"/>
      <line num="35" count="24" type="cond" truecount="1" falsecount="0"/>
      <line num="36" count="24" type="cond" truecount="2" falsecount="0"/>
      <line num="37" count="7" type="cond" truecount="1" falsecount="0"/>
      <line num="38" count="3" type="cond" truecount="1" falsecount="0"/>
      <line num="39" count="1" type="stmt"/>
      <line num="40" count="1" type="stmt"/>
      <line num="41" count="3" type="stmt"/>
      <line num="42" count="7" type="stmt"/>
      <line num="43" count="7" type="cond" truecount="1" falsecount="0"/>
      <line num="44" count="24" type="stmt"/>
      <line num="46" count="24" type="cond" truecount="1" falsecount="0"/>
      <line num="47" count="1" type="stmt"/>
      <line num="48" count="1" type="stmt"/>
      <line num="50" count="24" type="stmt"/>
      <line num="51" count="24" type="stmt"/>
      <line num="52" count="24" type="stmt"/>
      <line num="53" count="24" type="stmt"/>
      <line num="54" count="24" type="stmt"/>
      <line num="55" count="24" type="stmt"/>
      <line num="56" count="24" type="stmt"/>
      <line num="57" count="24" type="cond" truecount="2" falsecount="0"/>
      <line num="58" count="24" type="stmt"/>
      <line num="59" count="24" type="stmt"/>
      <line num="60" count="24" type="stmt"/>
      <line num="61" count="24" type="stmt"/>
      <line num="62" count="24" type="cond" truecount="1" falsecount="0"/>
      <line num="63" count="24" type="cond" truecount="1" falsecount="0"/>
      <line num="64" count="24" type="cond" truecount="1" falsecount="0"/>
      <line num="65" count="24" type="stmt"/>
      <line num="66" count="24" type="cond" truecount="2" falsecount="0"/>
      <line num="68" count="24" type="cond" truecount="2" falsecount="0"/>
      <line num="69" count="24" type="stmt"/>
      <line num="70" count="24" type="stmt"/>
      <line num="72" count="24" type="cond" truecount="1" falsecount="0"/>
      <line num="73" count="7" type="stmt"/>
      <line num="74" count="7" type="stmt"/>
      <line num="75" count="7" type="stmt"/>
      <line num="76" count="7" type="stmt"/>
      <line num="78" count="7" type="cond" truecount="1" falsecount="0"/>
      <line num="79" count="21" type="stmt"/>
      <line num="80" count="21" type="stmt"/>
      <line num="81" count="21" type="stmt"/>
      <line num="82" count="21" type="stmt"/>
      <line num="83" count="21" type="stmt"/>
      <line num="84" count="21" type="stmt"/>
      <line num="85" count="21" type="cond" truecount="1" falsecount="0"/>
      <line num="86" count="2" type="stmt"/>
      <line num="87" count="2" type="stmt"/>
      <line num="88" count="2" type="stmt"/>
      <line num="89" count="21" type="stmt"/>
      <line num="90" count="21" type="stmt"/>
      <line num="91" count="21" type="stmt"/>
      <line num="92" count="21" type="cond" truecount="2" falsecount="0"/>
      <line num="93" count="21" type="stmt"/>
      <line num="94" count="21" type="stmt"/>
      <line num="96" count="21" type="stmt"/>
      <line num="97" count="21" type="cond" truecount="1" falsecount="0"/>
      <line num="98" count="21" type="stmt"/>
      <line num="100" count="7" type="stmt"/>
      <line num="101" count="7" type="stmt"/>
      <line num="103" count="24" type="stmt"/>
      <line num="105" count="24" type="stmt"/>
    </file>
    <file name="Sparkline.tsx" path="/home/kylan/projects/df-fake-dash/src/components/ui/Sparkline.tsx">
      <metrics statements="24" coveredstatements="24" conditionals="2" coveredconditionals="2" methods="1" coveredmethods="1"/>
      <line num="1" count="1" type="stmt"/>
      <line num="13" count="1" type="stmt"/>
      <line num="14" count="1" type="stmt"/>
      <line num="15" count="1" type="stmt"/>
      <line num="16" count="1" type="stmt"/>
      <line num="17" count="1" type="stmt"/>
      <line num="19" count="1" type="cond" truecount="1" falsecount="0"/>
      <line num="20" count="9" type="stmt"/>
      <line num="21" count="9" type="cond" truecount="1" falsecount="0"/>
      <line num="23" count="9" type="stmt"/>
      <line num="24" count="9" type="stmt"/>
      <line num="25" count="9" type="stmt"/>
      <line num="26" count="9" type="stmt"/>
      <line num="27" count="9" type="stmt"/>
      <line num="28" count="9" type="stmt"/>
      <line num="29" count="9" type="stmt"/>
      <line num="30" count="9" type="stmt"/>
      <line num="31" count="9" type="stmt"/>
      <line num="32" count="9" type="stmt"/>
      <line num="33" count="9" type="stmt"/>
      <line num="34" count="9" type="stmt"/>
      <line num="35" count="9" type="stmt"/>
      <line num="36" count="9" type="stmt"/>
      <line num="38" count="9" type="stmt"/>
    </file>
    <file name="Table.tsx" path="/home/kylan/projects/df-fake-dash/src/components/ui/Table.tsx">
      <metrics statements="114" coveredstatements="114" conditionals="36" coveredconditionals="36" methods="6" coveredmethods="6"/>
      <line num="2" count="1" type="stmt"/>
      <line num="3" count="1" type="stmt"/>
      <line num="12" count="1" type="cond" truecount="1" falsecount="0"/>
      <line num="13" count="3" type="stmt"/>
      <line num="14" count="3" type="stmt"/>
      <line num="15" count="3" type="stmt"/>
      <line num="16" count="3" type="stmt"/>
      <line num="18" count="3" type="stmt"/>
      <line num="26" count="1" type="cond" truecount="1" falsecount="0"/>
      <line num="27" count="17" type="stmt"/>
      <line num="28" count="17" type="stmt"/>
      <line num="29" count="17" type="stmt"/>
      <line num="30" count="17" type="stmt"/>
      <line num="31" count="17" type="stmt"/>
      <line num="33" count="17" type="stmt"/>
      <line num="34" count="17" type="stmt"/>
      <line num="36" count="17" type="stmt"/>
      <line num="50" count="1" type="cond" truecount="1" falsecount="0"/>
      <line num="51" count="17" type="stmt"/>
      <line num="52" count="17" type="stmt"/>
      <line num="53" count="17" type="stmt"/>
      <line num="54" count="17" type="stmt"/>
      <line num="55" count="17" type="stmt"/>
      <line num="56" count="17" type="stmt"/>
      <line num="57" count="17" type="cond" truecount="2" falsecount="0"/>
      <line num="59" count="17" type="cond" truecount="1" falsecount="0"/>
      <line num="60" count="2" type="cond" truecount="1" falsecount="0"/>
      <line num="61" count="15" type="cond" truecount="1" falsecount="0"/>
      <line num="62" count="2" type="cond" truecount="1" falsecount="0"/>
      <line num="63" count="13" type="cond" truecount="1" falsecount="0"/>
      <line num="64" count="3" type="cond" truecount="1" falsecount="0"/>
      <line num="65" count="10" type="stmt"/>
      <line num="67" count="17" type="stmt"/>
      <line num="68" count="17" type="stmt"/>
      <line num="69" count="17" type="cond" truecount="1" falsecount="0"/>
      <line num="70" count="16" type="stmt"/>
      <line num="71" count="16" type="stmt"/>
      <line num="72" count="16" type="stmt"/>
      <line num="74" count="16" type="stmt"/>
      <line num="75" count="16" type="stmt"/>
      <line num="77" count="17" type="stmt"/>
      <line num="78" count="17" type="stmt"/>
      <line num="81" count="17" type="stmt"/>
      <line num="82" count="17" type="stmt"/>
      <line num="83" count="17" type="cond" truecount="2" falsecount="0"/>
      <line num="84" count="17" type="stmt"/>
      <line num="85" count="17" type="stmt"/>
      <line num="87" count="17" type="cond" truecount="1" falsecount="0"/>
      <line num="88" count="8" type="stmt"/>
      <line num="89" count="8" type="stmt"/>
      <line num="90" count="8" type="stmt"/>
      <line num="91" count="8" type="stmt"/>
      <line num="92" count="8" type="stmt"/>
      <line num="93" count="8" type="stmt"/>
      <line num="94" count="8" type="cond" truecount="4" falsecount="0"/>
      <line num="96" count="8" type="stmt"/>
      <line num="97" count="8" type="stmt"/>
      <line num="99" count="8" type="cond" truecount="1" falsecount="0"/>
      <line num="101" count="9" type="stmt"/>
      <line num="102" count="9" type="stmt"/>
      <line num="103" count="9" type="stmt"/>
      <line num="104" count="9" type="stmt"/>
      <line num="106" count="9" type="stmt"/>
      <line num="115" count="1" type="cond" truecount="1" falsecount="0"/>
      <line num="116" count="16" type="stmt"/>
      <line num="117" count="16" type="stmt"/>
      <line num="118" count="16" type="cond" truecount="1" falsecount="0"/>
      <line num="119" count="16" type="stmt"/>
      <line num="120" count="16" type="stmt"/>
      <line num="121" count="16" type="stmt"/>
      <line num="123" count="16" type="stmt"/>
      <line num="124" count="16" type="stmt"/>
      <line num="126" count="16" type="stmt"/>
      <line num="140" count="1" type="cond" truecount="1" falsecount="0"/>
      <line num="141" count="16" type="cond" truecount="2" falsecount="0"/>
      <line num="143" count="16" type="cond" truecount="1" falsecount="0"/>
      <line num="144" count="16" type="stmt"/>
      <line num="145" count="16" type="cond" truecount="1" falsecount="0"/>
      <line num="146" count="1" type="stmt"/>
      <line num="147" count="1" type="stmt"/>
      <line num="148" count="1" type="stmt"/>
      <line num="149" count="1" type="stmt"/>
      <line num="151" count="16" type="cond" truecount="1" falsecount="0"/>
      <line num="152" count="2" type="stmt"/>
      <line num="153" count="2" type="stmt"/>
      <line num="154" count="2" type="cond" truecount="1" falsecount="0"/>
      <line num="155" count="2" type="stmt"/>
      <line num="156" count="2" type="stmt"/>
      <line num="158" count="2" type="stmt"/>
      <line num="159" count="2" type="stmt"/>
      <line num="161" count="16" type="cond" truecount="1" falsecount="0"/>
      <line num="162" count="1" type="stmt"/>
      <line num="163" count="1" type="stmt"/>
      <line num="164" count="1" type="stmt"/>
      <line num="165" count="1" type="stmt"/>
      <line num="167" count="16" type="cond" truecount="1" falsecount="0"/>
      <line num="168" count="1" type="stmt"/>
      <line num="169" count="16" type="cond" truecount="1" falsecount="0"/>
      <line num="170" count="11" type="stmt"/>
      <line num="171" count="16" type="stmt"/>
      <line num="172" count="16" type="stmt"/>
      <line num="174" count="16" type="stmt"/>
      <line num="175" count="16" type="stmt"/>
      <line num="176" count="16" type="stmt"/>
      <line num="177" count="16" type="stmt"/>
      <line num="178" count="16" type="cond" truecount="2" falsecount="0"/>
      <line num="179" count="16" type="cond" truecount="2" falsecount="0"/>
      <line num="180" count="16" type="stmt"/>
      <line num="181" count="16" type="stmt"/>
      <line num="182" count="16" type="stmt"/>
      <line num="183" count="16" type="stmt"/>
      <line num="185" count="16" type="stmt"/>
      <line num="186" count="16" type="stmt"/>
      <line num="188" count="16" type="stmt"/>
    </file>
    <file name="TableFooter.tsx" path="/home/kylan/projects/df-fake-dash/src/components/ui/TableFooter.tsx">
      <metrics statements="80" coveredstatements="80" conditionals="13" coveredconditionals="13" methods="5" coveredmethods="5"/>
      <line num="1" count="1" type="stmt"/>
      <line num="2" count="1" type="stmt"/>
      <line num="3" count="1" type="stmt"/>
      <line num="14" count="1" type="cond" truecount="1" falsecount="0"/>
      <line num="15" count="17" type="stmt"/>
      <line num="16" count="17" type="stmt"/>
      <line num="17" count="17" type="stmt"/>
      <line num="18" count="17" type="stmt"/>
      <line num="19" count="17" type="stmt"/>
      <line num="20" count="17" type="stmt"/>
      <line num="21" count="17" type="stmt"/>
      <line num="22" count="17" type="stmt"/>
      <line num="23" count="17" type="stmt"/>
      <line num="24" count="17" type="stmt"/>
      <line num="25" count="17" type="stmt"/>
      <line num="27" count="17" type="stmt"/>
      <line num="29" count="17" type="stmt"/>
      <line num="30" count="17" type="stmt"/>
      <line num="31" count="17" type="stmt"/>
      <line num="32" count="17" type="stmt"/>
      <line num="35" count="17" type="stmt"/>
      <line num="36" count="17" type="stmt"/>
      <line num="37" count="17" type="stmt"/>
      <line num="38" count="17" type="stmt"/>
      <line num="39" count="17" type="cond" truecount="2" falsecount="0"/>
      <line num="40" count="17" type="stmt"/>
      <line num="41" count="17" type="stmt"/>
      <line num="42" count="17" type="cond" truecount="2" falsecount="0"/>
      <line num="43" count="17" type="stmt"/>
      <line num="44" count="17" type="stmt"/>
      <line num="45" count="17" type="stmt"/>
      <line num="46" count="17" type="stmt"/>
      <line num="48" count="17" type="stmt"/>
      <line num="49" count="17" type="cond" truecount="1" falsecount="0"/>
      <line num="50" count="17" type="stmt"/>
      <line num="51" count="17" type="cond" truecount="2" falsecount="0"/>
      <line num="52" count="2" type="stmt"/>
      <line num="53" count="2" type="cond" truecount="1" falsecount="0"/>
      <line num="54" count="6" type="stmt"/>
      <line num="55" count="6" type="stmt"/>
      <line num="56" count="6" type="cond" truecount="1" falsecount="0"/>
      <line num="57" count="6" type="stmt"/>
      <line num="58" count="6" type="stmt"/>
      <line num="59" count="6" type="cond" truecount="1" falsecount="0"/>
      <line num="60" count="6" type="stmt"/>
      <line num="61" count="6" type="stmt"/>
      <line num="63" count="6" type="stmt"/>
      <line num="64" count="6" type="stmt"/>
      <line num="65" count="2" type="stmt"/>
      <line num="66" count="2" type="stmt"/>
      <line num="68" count="17" type="stmt"/>
      <line num="71" count="17" type="stmt"/>
      <line num="72" count="17" type="stmt"/>
      <line num="73" count="17" type="stmt"/>
      <line num="74" count="17" type="stmt"/>
      <line num="75" count="17" type="stmt"/>
      <line num="78" count="17" type="stmt"/>
      <line num="79" count="17" type="stmt"/>
      <line num="80" count="17" type="stmt"/>
      <line num="81" count="17" type="cond" truecount="1" falsecount="0"/>
      <line num="82" count="17" type="stmt"/>
      <line num="83" count="17" type="stmt"/>
      <line num="84" count="17" type="stmt"/>
      <line num="86" count="17" type="stmt"/>
      <line num="87" count="17" type="stmt"/>
      <line num="88" count="17" type="stmt"/>
      <line num="89" count="17" type="stmt"/>
      <line num="90" count="17" type="stmt"/>
      <line num="91" count="17" type="stmt"/>
      <line num="92" count="17" type="stmt"/>
      <line num="93" count="17" type="stmt"/>
      <line num="94" count="17" type="cond" truecount="1" falsecount="0"/>
      <line num="95" count="17" type="stmt"/>
      <line num="96" count="17" type="stmt"/>
      <line num="97" count="17" type="stmt"/>
      <line num="99" count="17" type="stmt"/>
      <line num="100" count="17" type="stmt"/>
      <line num="101" count="17" type="stmt"/>
      <line num="102" count="17" type="stmt"/>
      <line num="104" count="17" type="stmt"/>
    </file>
    <file name="Tabs.tsx" path="/home/kylan/projects/df-fake-dash/src/components/ui/Tabs.tsx">
      <metrics statements="53" coveredstatements="53" conditionals="13" coveredconditionals="13" methods="3" coveredmethods="3"/>
      <line num="1" count="1" type="stmt"/>
      <line num="13" count="1" type="cond" truecount="1" falsecount="0"/>
      <line num="14" count="36" type="stmt"/>
      <line num="15" count="36" type="stmt"/>
      <line num="16" count="36" type="stmt"/>
      <line num="17" count="36" type="stmt"/>
      <line num="18" count="36" type="stmt"/>
      <line num="19" count="36" type="stmt"/>
      <line num="20" count="36" type="stmt"/>
      <line num="21" count="36" type="stmt"/>
      <line num="22" count="36" type="stmt"/>
      <line num="23" count="36" type="stmt"/>
      <line num="24" count="36" type="cond" truecount="2" falsecount="0"/>
      <line num="25" count="36" type="cond" truecount="2" falsecount="0"/>
      <line num="26" count="36" type="stmt"/>
      <line num="27" count="36" type="cond" truecount="2" falsecount="0"/>
      <line num="28" count="36" type="stmt"/>
      <line num="29" count="36" type="stmt"/>
      <line num="31" count="36" type="stmt"/>
      <line num="32" count="36" type="cond" truecount="1" falsecount="0"/>
      <line num="33" count="2" type="stmt"/>
      <line num="34" count="2" type="stmt"/>
      <line num="35" count="2" type="stmt"/>
      <line num="36" count="2" type="stmt"/>
      <line num="37" count="2" type="stmt"/>
      <line num="38" count="2" type="stmt"/>
      <line num="39" count="2" type="stmt"/>
      <line num="40" count="2" type="stmt"/>
      <line num="41" count="2" type="stmt"/>
      <line num="42" count="2" type="cond" truecount="2" falsecount="0"/>
      <line num="43" count="2" type="stmt"/>
      <line num="45" count="2" type="stmt"/>
      <line num="46" count="2" type="stmt"/>
      <line num="48" count="36" type="stmt"/>
      <line num="50" count="36" type="stmt"/>
      <line num="67" count="1" type="cond" truecount="1" falsecount="0"/>
      <line num="68" count="9" type="stmt"/>
      <line num="69" count="9" type="stmt"/>
      <line num="70" count="9" type="stmt"/>
      <line num="71" count="9" type="stmt"/>
      <line num="72" count="9" type="stmt"/>
      <line num="74" count="9" type="cond" truecount="1" falsecount="0"/>
      <line num="75" count="25" type="stmt"/>
      <line num="76" count="25" type="stmt"/>
      <line num="77" count="25" type="stmt"/>
      <line num="78" count="25" type="stmt"/>
      <line num="79" count="25" type="stmt"/>
      <line num="80" count="25" type="stmt"/>
      <line num="81" count="25" type="cond" truecount="1" falsecount="0"/>
      <line num="82" count="25" type="stmt"/>
      <line num="83" count="9" type="stmt"/>
      <line num="84" count="9" type="stmt"/>
      <line num="86" count="9" type="stmt"/>
    </file>
    <file name="Tooltip.tsx" path="/home/kylan/projects/df-fake-dash/src/components/ui/Tooltip.tsx">
      <metrics statements="35" coveredstatements="35" conditionals="4" coveredconditionals="4" methods="3" coveredmethods="3"/>
      <line num="1" count="1" type="stmt"/>
      <line num="2" count="1" type="stmt"/>
      <line num="12" count="1" type="stmt"/>
      <line num="13" count="1" type="stmt"/>
      <line num="14" count="1" type="stmt"/>
      <line num="15" count="1" type="stmt"/>
      <line num="16" count="1" type="stmt"/>
      <line num="17" count="1" type="stmt"/>
      <line num="19" count="1" type="stmt"/>
      <line num="20" count="1" type="stmt"/>
      <line num="21" count="1" type="stmt"/>
      <line num="22" count="1" type="stmt"/>
      <line num="23" count="1" type="stmt"/>
      <line num="24" count="1" type="stmt"/>
      <line num="26" count="1" type="cond" truecount="1" falsecount="0"/>
      <line num="27" count="19" type="stmt"/>
      <line num="29" count="19" type="stmt"/>
      <line num="30" count="19" type="stmt"/>
      <line num="31" count="19" type="stmt"/>
      <line num="32" count="19" type="cond" truecount="1" falsecount="0"/>
      <line num="33" count="19" type="cond" truecount="1" falsecount="0"/>
      <line num="35" count="19" type="stmt"/>
      <line num="36" count="19" type="cond" truecount="1" falsecount="0"/>
      <line num="37" count="8" type="stmt"/>
      <line num="38" count="8" type="stmt"/>
      <line num="39" count="8" type="stmt"/>
      <line num="40" count="8" type="stmt"/>
      <line num="41" count="8" type="stmt"/>
      <line num="42" count="8" type="stmt"/>
      <line num="43" count="8" type="stmt"/>
      <line num="45" count="8" type="stmt"/>
      <line num="46" count="8" type="stmt"/>
      <line num="47" count="8" type="stmt"/>
      <line num="49" count="19" type="stmt"/>
      <line num="51" count="19" type="stmt"/>
    </file>
    <file name="TrustDomainSelector.tsx" path="/home/kylan/projects/df-fake-dash/src/components/ui/TrustDomainSelector.tsx">
      <metrics statements="90" coveredstatements="90" conditionals="23" coveredconditionals="23" methods="5" coveredmethods="5"/>
      <line num="1" count="1" type="stmt"/>
      <line num="2" count="1" type="stmt"/>
      <line num="3" count="1" type="stmt"/>
      <line num="18" count="1" type="cond" truecount="1" falsecount="0"/>
      <line num="19" count="25" type="stmt"/>
      <line num="20" count="25" type="stmt"/>
      <line num="22" count="25" type="cond" truecount="2" falsecount="0"/>
      <line num="24" count="25" type="cond" truecount="1" falsecount="0"/>
      <line num="25" count="25" type="cond" truecount="2" falsecount="0"/>
      <line num="26" count="8" type="cond" truecount="1" falsecount="0"/>
      <line num="27" count="3" type="cond" truecount="1" falsecount="0"/>
      <line num="28" count="1" type="stmt"/>
      <line num="29" count="1" type="stmt"/>
      <line num="30" count="3" type="stmt"/>
      <line num="31" count="8" type="stmt"/>
      <line num="32" count="8" type="cond" truecount="1" falsecount="0"/>
      <line num="33" count="25" type="stmt"/>
      <line num="35" count="25" type="cond" truecount="1" falsecount="0"/>
      <line num="36" count="25" type="cond" truecount="2" falsecount="0"/>
      <line num="37" count="8" type="cond" truecount="1" falsecount="0"/>
      <line num="38" count="1" type="stmt"/>
      <line num="39" count="1" type="stmt"/>
      <line num="40" count="8" type="stmt"/>
      <line num="41" count="8" type="cond" truecount="1" falsecount="0"/>
      <line num="42" count="25" type="stmt"/>
      <line num="44" count="25" type="stmt"/>
      <line num="45" count="25" type="stmt"/>
      <line num="46" count="25" type="stmt"/>
      <line num="47" count="25" type="stmt"/>
      <line num="48" count="25" type="stmt"/>
      <line num="49" count="25" type="stmt"/>
      <line num="50" count="25" type="cond" truecount="2" falsecount="0"/>
      <line num="51" count="25" type="stmt"/>
      <line num="52" count="25" type="stmt"/>
      <line num="54" count="25" type="stmt"/>
      <line num="55" count="25" type="stmt"/>
      <line num="56" count="25" type="stmt"/>
      <line num="57" count="25" type="stmt"/>
      <line num="58" count="25" type="stmt"/>
      <line num="59" count="25" type="stmt"/>
      <line num="60" count="25" type="stmt"/>
      <line num="61" count="25" type="stmt"/>
      <line num="62" count="25" type="stmt"/>
      <line num="64" count="25" type="stmt"/>
      <line num="65" count="25" type="stmt"/>
      <line num="66" count="25" type="stmt"/>
      <line num="67" count="25" type="stmt"/>
      <line num="69" count="25" type="cond" truecount="1" falsecount="0"/>
      <line num="70" count="8" type="stmt"/>
      <line num="71" count="8" type="stmt"/>
      <line num="72" count="8" type="stmt"/>
      <line num="73" count="8" type="stmt"/>
      <line num="74" count="8" type="stmt"/>
      <line num="75" count="8" type="stmt"/>
      <line num="76" count="8" type="stmt"/>
      <line num="77" count="8" type="stmt"/>
      <line num="78" count="8" type="stmt"/>
      <line num="79" count="8" type="stmt"/>
      <line num="80" count="8" type="stmt"/>
      <line num="81" count="8" type="stmt"/>
      <line num="82" count="8" type="stmt"/>
      <line num="83" count="8" type="stmt"/>
      <line num="84" count="8" type="stmt"/>
      <line num="85" count="8" type="stmt"/>
      <line num="86" count="8" type="stmt"/>
      <line num="88" count="8" type="cond" truecount="1" falsecount="0"/>
      <line num="89" count="24" type="stmt"/>
      <line num="90" count="24" type="stmt"/>
      <line num="91" count="24" type="stmt"/>
      <line num="92" count="24" type="stmt"/>
      <line num="93" count="24" type="cond" truecount="1" falsecount="0"/>
      <line num="94" count="24" type="stmt"/>
      <line num="95" count="24" type="stmt"/>
      <line num="96" count="24" type="stmt"/>
      <line num="97" count="24" type="stmt"/>
      <line num="98" count="24" type="cond" truecount="2" falsecount="0"/>
      <line num="99" count="24" type="stmt"/>
      <line num="100" count="24" type="cond" truecount="2" falsecount="0"/>
      <line num="101" count="24" type="stmt"/>
      <line num="102" count="24" type="stmt"/>
      <line num="103" count="24" type="stmt"/>
      <line num="104" count="24" type="stmt"/>
      <line num="106" count="24" type="stmt"/>
      <line num="107" count="24" type="stmt"/>
      <line num="108" count="24" type="stmt"/>
      <line num="109" count="24" type="stmt"/>
      <line num="111" count="8" type="stmt"/>
      <line num="112" count="8" type="stmt"/>
      <line num="114" count="25" type="stmt"/>
      <line num="116" count="25" type="stmt"/>
    </file>
    <file name="UrlTag.tsx" path="/home/kylan/projects/df-fake-dash/src/components/ui/UrlTag.tsx">
      <metrics statements="20" coveredstatements="20" conditionals="3" coveredconditionals="3" methods="1" coveredmethods="1"/>
      <line num="1" count="1" type="stmt"/>
      <line num="2" count="1" type="stmt"/>
      <line num="10" count="1" type="cond" truecount="1" falsecount="0"/>
      <line num="11" count="9" type="stmt"/>
      <line num="12" count="9" type="stmt"/>
      <line num="13" count="9" type="stmt"/>
      <line num="14" count="9" type="stmt"/>
      <line num="15" count="9" type="stmt"/>
      <line num="16" count="9" type="cond" truecount="1" falsecount="0"/>
      <line num="17" count="9" type="stmt"/>
      <line num="18" count="9" type="stmt"/>
      <line num="19" count="9" type="stmt"/>
      <line num="20" count="9" type="stmt"/>
      <line num="21" count="9" type="stmt"/>
      <line num="22" count="9" type="stmt"/>
      <line num="23" count="9" type="stmt"/>
      <line num="25" count="9" type="stmt"/>
      <line num="26" count="9" type="cond" truecount="1" falsecount="0"/>
      <line num="27" count="9" type="stmt"/>
      <line num="29" count="9" type="stmt"/>
    </file>
    <file name="WizardNav.tsx" path="/home/kylan/projects/df-fake-dash/src/components/ui/WizardNav.tsx">
      <metrics statements="64" coveredstatements="64" conditionals="15" coveredconditionals="15" methods="3" coveredmethods="3"/>
      <line num="1" count="1" type="stmt"/>
      <line num="21" count="33" type="cond" truecount="1" falsecount="0"/>
      <line num="22" count="33" type="stmt"/>
      <line num="23" count="33" type="stmt"/>
      <line num="24" count="33" type="stmt"/>
      <line num="25" count="33" type="stmt"/>
      <line num="26" count="33" type="stmt"/>
      <line num="27" count="33" type="stmt"/>
      <line num="28" count="33" type="stmt"/>
      <line num="29" count="33" type="cond" truecount="2" falsecount="0"/>
      <line num="30" count="33" type="cond" truecount="2" falsecount="0"/>
      <line num="31" count="33" type="stmt"/>
      <line num="32" count="33" type="stmt"/>
      <line num="33" count="33" type="stmt"/>
      <line num="35" count="33" type="stmt"/>
      <line num="37" count="1" type="cond" truecount="1" falsecount="0"/>
      <line num="38" count="11" type="stmt"/>
      <line num="39" count="11" type="stmt"/>
      <line num="40" count="11" type="cond" truecount="1" falsecount="0"/>
      <line num="41" count="22" type="stmt"/>
      <line num="42" count="22" type="stmt"/>
      <line num="43" count="22" type="stmt"/>
      <line num="44" count="22" type="stmt"/>
      <line num="45" count="22" type="cond" truecount="1" falsecount="0"/>
      <line num="46" count="22" type="stmt"/>
      <line num="47" count="22" type="stmt"/>
      <line num="48" count="22" type="stmt"/>
      <line num="49" count="22" type="stmt"/>
      <line num="50" count="22" type="cond" truecount="2" falsecount="0"/>
      <line num="51" count="22" type="stmt"/>
      <line num="53" count="22" type="stmt"/>
      <line num="54" count="22" type="stmt"/>
      <line num="55" count="22" type="stmt"/>
      <line num="56" count="22" type="stmt"/>
      <line num="57" count="22" type="cond" truecount="2" falsecount="0"/>
      <line num="58" count="22" type="stmt"/>
      <line num="59" count="22" type="stmt"/>
      <line num="60" count="22" type="stmt"/>
      <line num="62" count="22" type="stmt"/>
      <line num="63" count="22" type="stmt"/>
      <line num="64" count="22" type="stmt"/>
      <line num="65" count="22" type="stmt"/>
      <line num="66" count="22" type="cond" truecount="1" falsecount="0"/>
      <line num="67" count="33" type="stmt"/>
      <line num="68" count="33" type="stmt"/>
      <line num="69" count="33" type="stmt"/>
      <line num="70" count="33" type="stmt"/>
      <line num="71" count="33" type="stmt"/>
      <line num="72" count="33" type="stmt"/>
      <line num="73" count="33" type="stmt"/>
      <line num="74" count="33" type="stmt"/>
      <line num="75" count="33" type="cond" truecount="2" falsecount="0"/>
      <line num="76" count="33" type="stmt"/>
      <line num="77" count="33" type="stmt"/>
      <line num="78" count="33" type="stmt"/>
      <line num="80" count="33" type="stmt"/>
      <line num="81" count="33" type="stmt"/>
      <line num="82" count="33" type="stmt"/>
      <line num="83" count="22" type="stmt"/>
      <line num="84" count="22" type="stmt"/>
      <line num="86" count="22" type="stmt"/>
      <line num="88" count="11" type="stmt"/>
      <line num="89" count="11" type="stmt"/>
      <line num="91" count="11" type="stmt"/>
    </file>
    <file name="WorkflowProcessState.tsx" path="/home/kylan/projects/df-fake-dash/src/components/ui/WorkflowProcessState.tsx">
      <metrics statements="19" coveredstatements="19" conditionals="1" coveredconditionals="1" methods="1" coveredmethods="1"/>
      <line num="1" count="1" type="stmt"/>
      <line num="2" count="1" type="stmt"/>
      <line num="12" count="1" type="stmt"/>
      <line num="16" count="1" type="stmt"/>
      <line num="17" count="1" type="stmt"/>
      <line num="18" count="1" type="stmt"/>
      <line num="19" count="1" type="stmt"/>
      <line num="20" count="1" type="stmt"/>
      <line num="21" count="1" type="stmt"/>
      <line num="23" count="1" type="cond" truecount="1" falsecount="0"/>
      <line num="24" count="11" type="stmt"/>
      <line num="26" count="11" type="stmt"/>
      <line num="27" count="11" type="stmt"/>
      <line num="28" count="11" type="stmt"/>
      <line num="29" count="11" type="stmt"/>
      <line num="31" count="11" type="stmt"/>
      <line num="32" count="11" type="stmt"/>
      <line num="33" count="11" type="stmt"/>
      <line num="35" count="11" type="stmt"/>
    </file>
  </project>
</coverage>
