{"/home/kylan/projects/df-fake-dash/src/components/ui/ActionButton.tsx": {"path":"/home/kylan/projects/df-fake-dash/src/components/ui/ActionButton.tsx","all":false,"statementMap":{"8":{"start":{"line":9,"column":0},"end":{"line":9,"column":75}},"9":{"start":{"line":10,"column":0},"end":{"line":10,"column":10}},"10":{"start":{"line":11,"column":0},"end":{"line":11,"column":11}},"11":{"start":{"line":12,"column":0},"end":{"line":12,"column":23}},"12":{"start":{"line":13,"column":0},"end":{"line":13,"column":130}},"13":{"start":{"line":14,"column":0},"end":{"line":14,"column":88}},"15":{"start":{"line":16,"column":0},"end":{"line":16,"column":45}},"16":{"start":{"line":17,"column":0},"end":{"line":17,"column":13}},"17":{"start":{"line":18,"column":0},"end":{"line":18,"column":13}},"19":{"start":{"line":20,"column":0},"end":{"line":20,"column":1}}},"s":{"8":1,"9":5,"10":5,"11":5,"12":5,"13":5,"15":5,"16":5,"17":5,"19":5},"branchMap":{"0":{"type":"branch","line":9,"loc":{"start":{"line":9,"column":7},"end":{"line":20,"column":1}},"locations":[{"start":{"line":9,"column":7},"end":{"line":20,"column":1}}]}},"b":{"0":[5]},"fnMap":{"0":{"name":"ActionButton","decl":{"start":{"line":9,"column":7},"end":{"line":20,"column":1}},"loc":{"start":{"line":9,"column":7},"end":{"line":20,"column":1}},"line":9}},"f":{"0":5}}
,"/home/kylan/projects/df-fake-dash/src/components/ui/Badge.tsx": {"path":"/home/kylan/projects/df-fake-dash/src/components/ui/Badge.tsx","all":false,"statementMap":{"9":{"start":{"line":10,"column":0},"end":{"line":10,"column":52}},"10":{"start":{"line":11,"column":0},"end":{"line":11,"column":18}},"11":{"start":{"line":12,"column":0},"end":{"line":12,"column":22}},"12":{"start":{"line":13,"column":0},"end":{"line":13,"column":17}},"13":{"start":{"line":14,"column":0},"end":{"line":14,"column":1}},"15":{"start":{"line":16,"column":0},"end":{"line":16,"column":66}},"16":{"start":{"line":17,"column":0},"end":{"line":17,"column":10}},"17":{"start":{"line":18,"column":0},"end":{"line":18,"column":9}},"18":{"start":{"line":19,"column":0},"end":{"line":19,"column":27}},"19":{"start":{"line":20,"column":0},"end":{"line":20,"column":26}},"20":{"start":{"line":21,"column":0},"end":{"line":21,"column":14}},"21":{"start":{"line":22,"column":0},"end":{"line":22,"column":32}},"22":{"start":{"line":23,"column":0},"end":{"line":23,"column":17}},"23":{"start":{"line":24,"column":0},"end":{"line":24,"column":18}},"24":{"start":{"line":25,"column":0},"end":{"line":25,"column":28}},"25":{"start":{"line":26,"column":0},"end":{"line":26,"column":47}},"26":{"start":{"line":27,"column":0},"end":{"line":27,"column":22}},"27":{"start":{"line":28,"column":0},"end":{"line":28,"column":8}},"28":{"start":{"line":29,"column":0},"end":{"line":29,"column":6}},"30":{"start":{"line":31,"column":0},"end":{"line":31,"column":1}},"34":{"start":{"line":35,"column":0},"end":{"line":35,"column":96}},"35":{"start":{"line":36,"column":0},"end":{"line":36,"column":82}},"36":{"start":{"line":37,"column":0},"end":{"line":37,"column":81}},"37":{"start":{"line":38,"column":0},"end":{"line":38,"column":81}},"38":{"start":{"line":39,"column":0},"end":{"line":39,"column":1}},"44":{"start":{"line":45,"column":0},"end":{"line":45,"column":59}},"45":{"start":{"line":46,"column":0},"end":{"line":46,"column":58}},"46":{"start":{"line":47,"column":0},"end":{"line":47,"column":10}},"47":{"start":{"line":48,"column":0},"end":{"line":48,"column":9}},"48":{"start":{"line":49,"column":0},"end":{"line":49,"column":76}},"49":{"start":{"line":50,"column":0},"end":{"line":50,"column":52}},"51":{"start":{"line":52,"column":0},"end":{"line":52,"column":11}},"52":{"start":{"line":53,"column":0},"end":{"line":53,"column":16}},"53":{"start":{"line":54,"column":0},"end":{"line":54,"column":34}},"54":{"start":{"line":55,"column":0},"end":{"line":55,"column":19}},"55":{"start":{"line":56,"column":0},"end":{"line":56,"column":20}},"56":{"start":{"line":57,"column":0},"end":{"line":57,"column":30}},"57":{"start":{"line":58,"column":0},"end":{"line":58,"column":33}},"58":{"start":{"line":59,"column":0},"end":{"line":59,"column":24}},"59":{"start":{"line":60,"column":0},"end":{"line":60,"column":10}},"60":{"start":{"line":61,"column":0},"end":{"line":61,"column":8}},"61":{"start":{"line":62,"column":0},"end":{"line":62,"column":11}},"62":{"start":{"line":63,"column":0},"end":{"line":63,"column":33}},"63":{"start":{"line":64,"column":0},"end":{"line":64,"column":63}},"65":{"start":{"line":66,"column":0},"end":{"line":66,"column":15}},"66":{"start":{"line":67,"column":0},"end":{"line":67,"column":13}},"67":{"start":{"line":68,"column":0},"end":{"line":68,"column":11}},"69":{"start":{"line":70,"column":0},"end":{"line":70,"column":1}},"73":{"start":{"line":74,"column":0},"end":{"line":74,"column":21}},"74":{"start":{"line":75,"column":0},"end":{"line":75,"column":87}},"75":{"start":{"line":76,"column":0},"end":{"line":76,"column":87}},"76":{"start":{"line":77,"column":0},"end":{"line":77,"column":1}},"82":{"start":{"line":83,"column":0},"end":{"line":83,"column":67}},"83":{"start":{"line":84,"column":0},"end":{"line":84,"column":55}},"84":{"start":{"line":85,"column":0},"end":{"line":85,"column":10}},"85":{"start":{"line":86,"column":0},"end":{"line":86,"column":9}},"86":{"start":{"line":87,"column":0},"end":{"line":87,"column":70}},"87":{"start":{"line":88,"column":0},"end":{"line":88,"column":14}},"88":{"start":{"line":89,"column":0},"end":{"line":89,"column":28}},"89":{"start":{"line":90,"column":0},"end":{"line":90,"column":14}},"90":{"start":{"line":91,"column":0},"end":{"line":91,"column":21}},"91":{"start":{"line":92,"column":0},"end":{"line":92,"column":24}},"92":{"start":{"line":93,"column":0},"end":{"line":93,"column":31}},"93":{"start":{"line":94,"column":0},"end":{"line":94,"column":25}},"94":{"start":{"line":95,"column":0},"end":{"line":95,"column":22}},"95":{"start":{"line":96,"column":0},"end":{"line":96,"column":14}},"96":{"start":{"line":97,"column":0},"end":{"line":97,"column":8}},"98":{"start":{"line":99,"column":0},"end":{"line":99,"column":13}},"99":{"start":{"line":100,"column":0},"end":{"line":100,"column":11}},"101":{"start":{"line":102,"column":0},"end":{"line":102,"column":1}},"109":{"start":{"line":110,"column":0},"end":{"line":110,"column":58}},"110":{"start":{"line":111,"column":0},"end":{"line":111,"column":10}},"111":{"start":{"line":112,"column":0},"end":{"line":112,"column":9}},"112":{"start":{"line":113,"column":0},"end":{"line":113,"column":83}},"113":{"start":{"line":114,"column":0},"end":{"line":114,"column":14}},"114":{"start":{"line":115,"column":0},"end":{"line":115,"column":43}},"115":{"start":{"line":116,"column":0},"end":{"line":116,"column":49}},"116":{"start":{"line":117,"column":0},"end":{"line":117,"column":49}},"117":{"start":{"line":118,"column":0},"end":{"line":118,"column":25}},"118":{"start":{"line":119,"column":0},"end":{"line":119,"column":27}},"119":{"start":{"line":120,"column":0},"end":{"line":120,"column":21}},"120":{"start":{"line":121,"column":0},"end":{"line":121,"column":32}},"121":{"start":{"line":122,"column":0},"end":{"line":122,"column":8}},"123":{"start":{"line":124,"column":0},"end":{"line":124,"column":13}},"124":{"start":{"line":125,"column":0},"end":{"line":125,"column":11}},"126":{"start":{"line":127,"column":0},"end":{"line":127,"column":1}}},"s":{"9":1,"10":1,"11":1,"12":1,"13":1,"15":1,"16":4,"17":4,"18":4,"19":4,"20":4,"21":4,"22":4,"23":4,"24":4,"25":4,"26":4,"27":4,"28":4,"30":4,"34":1,"35":1,"36":1,"37":1,"38":1,"44":1,"45":6,"46":6,"47":6,"48":6,"49":6,"51":6,"52":6,"53":6,"54":6,"55":6,"56":6,"57":6,"58":6,"59":6,"60":6,"61":6,"62":6,"63":6,"65":6,"66":6,"67":6,"69":6,"73":1,"74":1,"75":1,"76":1,"82":1,"83":6,"84":6,"85":6,"86":6,"87":6,"88":6,"89":6,"90":6,"91":6,"92":6,"93":6,"94":6,"95":6,"96":6,"98":6,"99":6,"101":6,"109":1,"110":2,"111":2,"112":2,"113":2,"114":2,"115":2,"116":2,"117":2,"118":2,"119":2,"120":2,"121":2,"123":2,"124":2,"126":2},"branchMap":{"0":{"type":"branch","line":16,"loc":{"start":{"line":16,"column":7},"end":{"line":31,"column":1}},"locations":[{"start":{"line":16,"column":7},"end":{"line":31,"column":1}}]},"1":{"type":"branch","line":45,"loc":{"start":{"line":45,"column":7},"end":{"line":70,"column":1}},"locations":[{"start":{"line":45,"column":7},"end":{"line":70,"column":1}}]},"2":{"type":"branch","line":83,"loc":{"start":{"line":83,"column":7},"end":{"line":102,"column":1}},"locations":[{"start":{"line":83,"column":7},"end":{"line":102,"column":1}}]},"3":{"type":"branch","line":110,"loc":{"start":{"line":110,"column":7},"end":{"line":127,"column":1}},"locations":[{"start":{"line":110,"column":7},"end":{"line":127,"column":1}}]}},"b":{"0":[4],"1":[6],"2":[6],"3":[2]},"fnMap":{"0":{"name":"StatusDot","decl":{"start":{"line":16,"column":7},"end":{"line":31,"column":1}},"loc":{"start":{"line":16,"column":7},"end":{"line":31,"column":1}},"line":16},"1":{"name":"StatusBadge","decl":{"start":{"line":45,"column":7},"end":{"line":70,"column":1}},"loc":{"start":{"line":45,"column":7},"end":{"line":70,"column":1}},"line":45},"2":{"name":"CertificateBadge","decl":{"start":{"line":83,"column":7},"end":{"line":102,"column":1}},"loc":{"start":{"line":83,"column":7},"end":{"line":102,"column":1}},"line":83},"3":{"name":"AudienceTag","decl":{"start":{"line":110,"column":7},"end":{"line":127,"column":1}},"loc":{"start":{"line":110,"column":7},"end":{"line":127,"column":1}},"line":110}},"f":{"0":4,"1":6,"2":6,"3":2}}
,"/home/kylan/projects/df-fake-dash/src/components/ui/Breadcrumbs.tsx": {"path":"/home/kylan/projects/df-fake-dash/src/components/ui/Breadcrumbs.tsx","all":false,"statementMap":{"0":{"start":{"line":1,"column":0},"end":{"line":1,"column":32}},"14":{"start":{"line":15,"column":0},"end":{"line":15,"column":58}},"15":{"start":{"line":16,"column":0},"end":{"line":16,"column":10}},"16":{"start":{"line":17,"column":0},"end":{"line":17,"column":69}},"17":{"start":{"line":18,"column":0},"end":{"line":18,"column":31}},"18":{"start":{"line":19,"column":0},"end":{"line":19,"column":45}},"19":{"start":{"line":20,"column":0},"end":{"line":20,"column":52}},"20":{"start":{"line":21,"column":0},"end":{"line":21,"column":73}},"21":{"start":{"line":22,"column":0},"end":{"line":22,"column":73}},"22":{"start":{"line":23,"column":0},"end":{"line":23,"column":44}},"23":{"start":{"line":24,"column":0},"end":{"line":24,"column":61}},"25":{"start":{"line":26,"column":0},"end":{"line":26,"column":42}},"26":{"start":{"line":27,"column":0},"end":{"line":27,"column":17}},"27":{"start":{"line":28,"column":0},"end":{"line":28,"column":34}},"28":{"start":{"line":29,"column":0},"end":{"line":29,"column":69}},"29":{"start":{"line":30,"column":0},"end":{"line":30,"column":78}},"31":{"start":{"line":32,"column":0},"end":{"line":32,"column":24}},"32":{"start":{"line":33,"column":0},"end":{"line":33,"column":19}},"34":{"start":{"line":35,"column":0},"end":{"line":35,"column":83}},"35":{"start":{"line":36,"column":0},"end":{"line":36,"column":24}},"36":{"start":{"line":37,"column":0},"end":{"line":37,"column":17}},"39":{"start":{"line":40,"column":0},"end":{"line":40,"column":16}},"40":{"start":{"line":41,"column":0},"end":{"line":41,"column":28}},"41":{"start":{"line":42,"column":0},"end":{"line":42,"column":23}},"42":{"start":{"line":43,"column":0},"end":{"line":43,"column":82}},"44":{"start":{"line":45,"column":0},"end":{"line":45,"column":21}},"46":{"start":{"line":47,"column":0},"end":{"line":47,"column":56}},"47":{"start":{"line":48,"column":0},"end":{"line":48,"column":25}},"48":{"start":{"line":49,"column":0},"end":{"line":49,"column":26}},"49":{"start":{"line":50,"column":0},"end":{"line":50,"column":19}},"50":{"start":{"line":51,"column":0},"end":{"line":51,"column":21}},"52":{"start":{"line":53,"column":0},"end":{"line":53,"column":9}},"53":{"start":{"line":54,"column":0},"end":{"line":54,"column":10}},"55":{"start":{"line":56,"column":0},"end":{"line":56,"column":1}}},"s":{"0":1,"14":1,"15":13,"16":13,"17":13,"18":20,"19":20,"20":20,"21":20,"22":20,"23":20,"25":20,"26":2,"27":2,"28":2,"29":2,"31":2,"32":2,"34":18,"35":18,"36":18,"39":20,"40":20,"41":20,"42":7,"44":7,"46":20,"47":20,"48":20,"49":20,"50":20,"52":13,"53":13,"55":13},"branchMap":{"0":{"type":"branch","line":15,"loc":{"start":{"line":15,"column":7},"end":{"line":56,"column":1}},"locations":[{"start":{"line":15,"column":7},"end":{"line":56,"column":1}}]},"1":{"type":"branch","line":18,"loc":{"start":{"line":18,"column":17},"end":{"line":53,"column":7}},"locations":[{"start":{"line":18,"column":17},"end":{"line":53,"column":7}}]},"2":{"type":"branch","line":20,"loc":{"start":{"line":20,"column":22},"end":{"line":20,"column":43}},"locations":[{"start":{"line":20,"column":22},"end":{"line":20,"column":43}}]},"3":{"type":"branch","line":20,"loc":{"start":{"line":20,"column":31},"end":{"line":20,"column":52}},"locations":[{"start":{"line":20,"column":31},"end":{"line":20,"column":52}}]},"4":{"type":"branch","line":21,"loc":{"start":{"line":21,"column":32},"end":{"line":21,"column":64}},"locations":[{"start":{"line":21,"column":32},"end":{"line":21,"column":64}}]},"5":{"type":"branch","line":21,"loc":{"start":{"line":21,"column":39},"end":{"line":21,"column":73}},"locations":[{"start":{"line":21,"column":39},"end":{"line":21,"column":73}}]},"6":{"type":"branch","line":22,"loc":{"start":{"line":22,"column":32},"end":{"line":22,"column":49}},"locations":[{"start":{"line":22,"column":32},"end":{"line":22,"column":49}}]},"7":{"type":"branch","line":22,"loc":{"start":{"line":22,"column":40},"end":{"line":22,"column":55}},"locations":[{"start":{"line":22,"column":40},"end":{"line":22,"column":55}}]},"8":{"type":"branch","line":22,"loc":{"start":{"line":22,"column":49},"end":{"line":22,"column":73}},"locations":[{"start":{"line":22,"column":49},"end":{"line":22,"column":73}}]},"9":{"type":"branch","line":22,"loc":{"start":{"line":22,"column":55},"end":{"line":22,"column":70}},"locations":[{"start":{"line":22,"column":55},"end":{"line":22,"column":70}}]},"10":{"type":"branch","line":22,"loc":{"start":{"line":22,"column":64},"end":{"line":22,"column":73}},"locations":[{"start":{"line":22,"column":64},"end":{"line":22,"column":73}}]},"11":{"type":"branch","line":23,"loc":{"start":{"line":23,"column":30},"end":{"line":23,"column":42}},"locations":[{"start":{"line":23,"column":30},"end":{"line":23,"column":42}}]},"12":{"type":"branch","line":23,"loc":{"start":{"line":23,"column":37},"end":{"line":23,"column":44}},"locations":[{"start":{"line":23,"column":37},"end":{"line":23,"column":44}}]},"13":{"type":"branch","line":24,"loc":{"start":{"line":24,"column":35},"end":{"line":24,"column":53}},"locations":[{"start":{"line":24,"column":35},"end":{"line":24,"column":53}}]},"14":{"type":"branch","line":24,"loc":{"start":{"line":24,"column":42},"end":{"line":24,"column":61}},"locations":[{"start":{"line":24,"column":42},"end":{"line":24,"column":61}}]},"15":{"type":"branch","line":26,"loc":{"start":{"line":26,"column":31},"end":{"line":33,"column":19}},"locations":[{"start":{"line":26,"column":31},"end":{"line":33,"column":19}}]},"16":{"type":"branch","line":33,"loc":{"start":{"line":33,"column":10},"end":{"line":37,"column":17}},"locations":[{"start":{"line":33,"column":10},"end":{"line":37,"column":17}}]},"17":{"type":"branch","line":42,"loc":{"start":{"line":42,"column":17},"end":{"line":45,"column":21}},"locations":[{"start":{"line":42,"column":17},"end":{"line":45,"column":21}}]}},"b":{"0":[13],"1":[20],"2":[13],"3":[7],"4":[2],"5":[18],"6":[2],"7":[2],"8":[18],"9":[11],"10":[7],"11":[2],"12":[18],"13":[2],"14":[18],"15":[2],"16":[18],"17":[7]},"fnMap":{"0":{"name":"Breadcrumbs","decl":{"start":{"line":15,"column":7},"end":{"line":56,"column":1}},"loc":{"start":{"line":15,"column":7},"end":{"line":56,"column":1}},"line":15}},"f":{"0":13}}
,"/home/kylan/projects/df-fake-dash/src/components/ui/Button.tsx": {"path":"/home/kylan/projects/df-fake-dash/src/components/ui/Button.tsx","all":false,"statementMap":{"2":{"start":{"line":3,"column":0},"end":{"line":3,"column":29}},"18":{"start":{"line":19,"column":0},"end":{"line":19,"column":78}},"19":{"start":{"line":20,"column":0},"end":{"line":20,"column":69}},"20":{"start":{"line":21,"column":0},"end":{"line":21,"column":70}},"21":{"start":{"line":22,"column":0},"end":{"line":22,"column":1}},"23":{"start":{"line":24,"column":0},"end":{"line":24,"column":99}},"24":{"start":{"line":25,"column":0},"end":{"line":25,"column":57}},"25":{"start":{"line":26,"column":0},"end":{"line":26,"column":61}},"26":{"start":{"line":27,"column":0},"end":{"line":27,"column":1}},"28":{"start":{"line":29,"column":0},"end":{"line":29,"column":24}},"29":{"start":{"line":30,"column":0},"end":{"line":30,"column":11}},"30":{"start":{"line":31,"column":0},"end":{"line":31,"column":24}},"31":{"start":{"line":32,"column":0},"end":{"line":32,"column":14}},"32":{"start":{"line":33,"column":0},"end":{"line":33,"column":7}},"33":{"start":{"line":34,"column":0},"end":{"line":34,"column":10}},"34":{"start":{"line":35,"column":0},"end":{"line":35,"column":19}},"35":{"start":{"line":36,"column":0},"end":{"line":36,"column":18}},"36":{"start":{"line":37,"column":0},"end":{"line":37,"column":12}},"37":{"start":{"line":38,"column":0},"end":{"line":38,"column":17}},"38":{"start":{"line":39,"column":0},"end":{"line":39,"column":47}},"39":{"start":{"line":40,"column":0},"end":{"line":40,"column":60}},"41":{"start":{"line":42,"column":0},"end":{"line":42,"column":10}},"42":{"start":{"line":43,"column":0},"end":{"line":43,"column":11}},"43":{"start":{"line":44,"column":0},"end":{"line":44,"column":17}},"44":{"start":{"line":45,"column":0},"end":{"line":45,"column":23}},"45":{"start":{"line":46,"column":0},"end":{"line":46,"column":25}},"46":{"start":{"line":47,"column":0},"end":{"line":47,"column":20}},"47":{"start":{"line":48,"column":0},"end":{"line":48,"column":146}},"48":{"start":{"line":49,"column":0},"end":{"line":49,"column":52}},"49":{"start":{"line":50,"column":0},"end":{"line":50,"column":18}},"50":{"start":{"line":51,"column":0},"end":{"line":51,"column":8}},"51":{"start":{"line":52,"column":0},"end":{"line":52,"column":14}},"52":{"start":{"line":53,"column":0},"end":{"line":53,"column":28}},"53":{"start":{"line":54,"column":0},"end":{"line":54,"column":14}},"54":{"start":{"line":55,"column":0},"end":{"line":55,"column":18}},"55":{"start":{"line":56,"column":0},"end":{"line":56,"column":16}},"56":{"start":{"line":57,"column":0},"end":{"line":57,"column":17}},"57":{"start":{"line":58,"column":0},"end":{"line":58,"column":32}},"58":{"start":{"line":59,"column":0},"end":{"line":59,"column":24}},"59":{"start":{"line":60,"column":0},"end":{"line":60,"column":8}},"61":{"start":{"line":62,"column":0},"end":{"line":62,"column":55}},"62":{"start":{"line":63,"column":0},"end":{"line":63,"column":16}},"63":{"start":{"line":64,"column":0},"end":{"line":64,"column":13}},"65":{"start":{"line":66,"column":0},"end":{"line":66,"column":1}}},"s":{"2":1,"18":1,"19":1,"20":1,"21":1,"23":1,"24":1,"25":1,"26":1,"28":1,"29":15,"30":15,"31":15,"32":15,"33":15,"34":15,"35":15,"36":15,"37":15,"38":15,"39":15,"41":15,"42":15,"43":15,"44":15,"45":15,"46":15,"47":15,"48":15,"49":15,"50":15,"51":15,"52":15,"53":15,"54":15,"55":15,"56":15,"57":15,"58":15,"59":15,"61":15,"62":15,"63":15,"65":15},"branchMap":{"0":{"type":"branch","line":29,"loc":{"start":{"line":29,"column":7},"end":{"line":66,"column":1}},"locations":[{"start":{"line":29,"column":7},"end":{"line":66,"column":1}}]},"1":{"type":"branch","line":49,"loc":{"start":{"line":49,"column":8},"end":{"line":49,"column":52}},"locations":[{"start":{"line":49,"column":8},"end":{"line":49,"column":52}}]},"2":{"type":"branch","line":62,"loc":{"start":{"line":62,"column":7},"end":{"line":62,"column":55}},"locations":[{"start":{"line":62,"column":7},"end":{"line":62,"column":55}}]}},"b":{"0":[15],"1":[3],"2":[1]},"fnMap":{"0":{"name":"Button","decl":{"start":{"line":29,"column":7},"end":{"line":66,"column":1}},"loc":{"start":{"line":29,"column":7},"end":{"line":66,"column":1}},"line":29}},"f":{"0":15}}
,"/home/kylan/projects/df-fake-dash/src/components/ui/Card.tsx": {"path":"/home/kylan/projects/df-fake-dash/src/components/ui/Card.tsx","all":false,"statementMap":{"1":{"start":{"line":2,"column":0},"end":{"line":2,"column":29}},"8":{"start":{"line":9,"column":0},"end":{"line":9,"column":58}},"9":{"start":{"line":10,"column":0},"end":{"line":10,"column":10}},"10":{"start":{"line":11,"column":0},"end":{"line":11,"column":68}},"11":{"start":{"line":12,"column":0},"end":{"line":12,"column":16}},"12":{"start":{"line":13,"column":0},"end":{"line":13,"column":10}},"14":{"start":{"line":15,"column":0},"end":{"line":15,"column":1}}},"s":{"1":1,"8":1,"9":4,"10":4,"11":4,"12":4,"14":4},"branchMap":{"0":{"type":"branch","line":9,"loc":{"start":{"line":9,"column":7},"end":{"line":15,"column":1}},"locations":[{"start":{"line":9,"column":7},"end":{"line":15,"column":1}}]}},"b":{"0":[4]},"fnMap":{"0":{"name":"Card","decl":{"start":{"line":9,"column":7},"end":{"line":15,"column":1}},"loc":{"start":{"line":9,"column":7},"end":{"line":15,"column":1}},"line":9}},"f":{"0":4}}
,"/home/kylan/projects/df-fake-dash/src/components/ui/CodeBlock.tsx": {"path":"/home/kylan/projects/df-fake-dash/src/components/ui/CodeBlock.tsx","all":false,"statementMap":{"0":{"start":{"line":1,"column":0},"end":{"line":1,"column":55}},"7":{"start":{"line":8,"column":0},"end":{"line":8,"column":53}},"8":{"start":{"line":9,"column":0},"end":{"line":9,"column":10}},"9":{"start":{"line":10,"column":0},"end":{"line":10,"column":48}},"10":{"start":{"line":11,"column":0},"end":{"line":11,"column":10}},"11":{"start":{"line":12,"column":0},"end":{"line":12,"column":57}},"12":{"start":{"line":13,"column":0},"end":{"line":13,"column":46}},"14":{"start":{"line":15,"column":0},"end":{"line":15,"column":12}},"15":{"start":{"line":16,"column":0},"end":{"line":16,"column":61}},"16":{"start":{"line":17,"column":0},"end":{"line":17,"column":112}},"18":{"start":{"line":19,"column":0},"end":{"line":19,"column":16}},"19":{"start":{"line":20,"column":0},"end":{"line":20,"column":14}},"20":{"start":{"line":21,"column":0},"end":{"line":21,"column":12}},"21":{"start":{"line":22,"column":0},"end":{"line":22,"column":11}},"22":{"start":{"line":23,"column":0},"end":{"line":23,"column":78}},"23":{"start":{"line":24,"column":0},"end":{"line":24,"column":12}},"24":{"start":{"line":25,"column":0},"end":{"line":25,"column":10}},"26":{"start":{"line":27,"column":0},"end":{"line":27,"column":1}}},"s":{"0":1,"7":1,"8":6,"9":6,"10":6,"11":6,"12":6,"14":6,"15":6,"16":6,"18":6,"19":6,"20":6,"21":6,"22":6,"23":6,"24":6,"26":6},"branchMap":{"0":{"type":"branch","line":8,"loc":{"start":{"line":8,"column":7},"end":{"line":27,"column":1}},"locations":[{"start":{"line":8,"column":7},"end":{"line":27,"column":1}}]}},"b":{"0":[6]},"fnMap":{"0":{"name":"CodeBlock","decl":{"start":{"line":8,"column":7},"end":{"line":27,"column":1}},"loc":{"start":{"line":8,"column":7},"end":{"line":27,"column":1}},"line":8}},"f":{"0":6}}
,"/home/kylan/projects/df-fake-dash/src/components/ui/CopyButton.tsx": {"path":"/home/kylan/projects/df-fake-dash/src/components/ui/CopyButton.tsx","all":false,"statementMap":{"0":{"start":{"line":1,"column":0},"end":{"line":1,"column":32}},"1":{"start":{"line":2,"column":0},"end":{"line":2,"column":42}},"9":{"start":{"line":10,"column":0},"end":{"line":10,"column":28}},"10":{"start":{"line":11,"column":0},"end":{"line":11,"column":8}},"11":{"start":{"line":12,"column":0},"end":{"line":12,"column":17}},"12":{"start":{"line":13,"column":0},"end":{"line":13,"column":26}},"13":{"start":{"line":14,"column":0},"end":{"line":14,"column":21}},"14":{"start":{"line":15,"column":0},"end":{"line":15,"column":45}},"16":{"start":{"line":17,"column":0},"end":{"line":17,"column":28}},"17":{"start":{"line":18,"column":0},"end":{"line":18,"column":58}},"18":{"start":{"line":19,"column":0},"end":{"line":19,"column":21}},"19":{"start":{"line":20,"column":0},"end":{"line":20,"column":46}},"20":{"start":{"line":21,"column":0},"end":{"line":21,"column":6}},"21":{"start":{"line":22,"column":0},"end":{"line":22,"column":3}},"23":{"start":{"line":24,"column":0},"end":{"line":24,"column":10}},"24":{"start":{"line":25,"column":0},"end":{"line":25,"column":11}},"25":{"start":{"line":26,"column":0},"end":{"line":26,"column":26}},"26":{"start":{"line":27,"column":0},"end":{"line":27,"column":47}},"27":{"start":{"line":28,"column":0},"end":{"line":28,"column":130}},"28":{"start":{"line":29,"column":0},"end":{"line":29,"column":88}},"30":{"start":{"line":31,"column":0},"end":{"line":31,"column":17}},"31":{"start":{"line":32,"column":0},"end":{"line":32,"column":48}},"33":{"start":{"line":34,"column":0},"end":{"line":34,"column":47}},"35":{"start":{"line":36,"column":0},"end":{"line":36,"column":36}},"36":{"start":{"line":37,"column":0},"end":{"line":37,"column":13}},"38":{"start":{"line":39,"column":0},"end":{"line":39,"column":1}}},"s":{"0":1,"1":1,"9":1,"10":17,"11":17,"12":17,"13":17,"14":17,"16":17,"17":4,"18":4,"19":4,"20":4,"21":4,"23":17,"24":17,"25":17,"26":17,"27":17,"28":17,"30":17,"31":4,"33":13,"35":17,"36":17,"38":17},"branchMap":{"0":{"type":"branch","line":10,"loc":{"start":{"line":10,"column":7},"end":{"line":39,"column":1}},"locations":[{"start":{"line":10,"column":7},"end":{"line":39,"column":1}}]},"1":{"type":"branch","line":27,"loc":{"start":{"line":27,"column":18},"end":{"line":27,"column":41}},"locations":[{"start":{"line":27,"column":18},"end":{"line":27,"column":41}}]},"2":{"type":"branch","line":27,"loc":{"start":{"line":27,"column":27},"end":{"line":27,"column":47}},"locations":[{"start":{"line":27,"column":27},"end":{"line":27,"column":47}}]},"3":{"type":"branch","line":31,"loc":{"start":{"line":31,"column":7},"end":{"line":32,"column":48}},"locations":[{"start":{"line":31,"column":7},"end":{"line":32,"column":48}}]},"4":{"type":"branch","line":32,"loc":{"start":{"line":32,"column":46},"end":{"line":34,"column":47}},"locations":[{"start":{"line":32,"column":46},"end":{"line":34,"column":47}}]},"5":{"type":"branch","line":36,"loc":{"start":{"line":36,"column":7},"end":{"line":36,"column":30}},"locations":[{"start":{"line":36,"column":7},"end":{"line":36,"column":30}}]},"6":{"type":"branch","line":36,"loc":{"start":{"line":36,"column":16},"end":{"line":36,"column":36}},"locations":[{"start":{"line":36,"column":16},"end":{"line":36,"column":36}}]},"7":{"type":"branch","line":17,"loc":{"start":{"line":17,"column":21},"end":{"line":22,"column":3}},"locations":[{"start":{"line":17,"column":21},"end":{"line":22,"column":3}}]},"8":{"type":"branch","line":18,"loc":{"start":{"line":18,"column":51},"end":{"line":21,"column":5}},"locations":[{"start":{"line":18,"column":51},"end":{"line":21,"column":5}}]},"9":{"type":"branch","line":20,"loc":{"start":{"line":20,"column":17},"end":{"line":20,"column":41}},"locations":[{"start":{"line":20,"column":17},"end":{"line":20,"column":41}}]}},"b":{"0":[17],"1":[4],"2":[13],"3":[4],"4":[13],"5":[4],"6":[13],"7":[4],"8":[4],"9":[1]},"fnMap":{"0":{"name":"CopyButton","decl":{"start":{"line":10,"column":7},"end":{"line":39,"column":1}},"loc":{"start":{"line":10,"column":7},"end":{"line":39,"column":1}},"line":10},"1":{"name":"handleCopy","decl":{"start":{"line":17,"column":21},"end":{"line":22,"column":3}},"loc":{"start":{"line":17,"column":21},"end":{"line":22,"column":3}},"line":17}},"f":{"0":17,"1":4}}
,"/home/kylan/projects/df-fake-dash/src/components/ui/InfoGrid.tsx": {"path":"/home/kylan/projects/df-fake-dash/src/components/ui/InfoGrid.tsx","all":false,"statementMap":{"11":{"start":{"line":12,"column":0},"end":{"line":12,"column":52}},"12":{"start":{"line":13,"column":0},"end":{"line":13,"column":10}},"13":{"start":{"line":14,"column":0},"end":{"line":14,"column":53}},"14":{"start":{"line":15,"column":0},"end":{"line":15,"column":31}},"15":{"start":{"line":16,"column":0},"end":{"line":16,"column":62}},"16":{"start":{"line":17,"column":0},"end":{"line":17,"column":12}},"17":{"start":{"line":18,"column":0},"end":{"line":18,"column":63}},"18":{"start":{"line":19,"column":0},"end":{"line":19,"column":95}},"20":{"start":{"line":21,"column":0},"end":{"line":21,"column":24}},"21":{"start":{"line":22,"column":0},"end":{"line":22,"column":14}},"22":{"start":{"line":23,"column":0},"end":{"line":23,"column":14}},"23":{"start":{"line":24,"column":0},"end":{"line":24,"column":41}},"24":{"start":{"line":25,"column":0},"end":{"line":25,"column":37}},"26":{"start":{"line":27,"column":0},"end":{"line":27,"column":47}},"27":{"start":{"line":28,"column":0},"end":{"line":28,"column":19}},"28":{"start":{"line":29,"column":0},"end":{"line":29,"column":59}},"29":{"start":{"line":30,"column":0},"end":{"line":30,"column":83}},"31":{"start":{"line":32,"column":0},"end":{"line":32,"column":28}},"32":{"start":{"line":33,"column":0},"end":{"line":33,"column":21}},"34":{"start":{"line":35,"column":0},"end":{"line":35,"column":24}},"36":{"start":{"line":37,"column":0},"end":{"line":37,"column":16}},"37":{"start":{"line":38,"column":0},"end":{"line":38,"column":14}},"38":{"start":{"line":39,"column":0},"end":{"line":39,"column":9}},"39":{"start":{"line":40,"column":0},"end":{"line":40,"column":10}},"41":{"start":{"line":42,"column":0},"end":{"line":42,"column":1}}},"s":{"11":1,"12":6,"13":6,"14":6,"15":9,"16":9,"17":9,"18":9,"20":9,"21":9,"22":9,"23":9,"24":9,"26":9,"27":8,"28":8,"29":8,"31":8,"32":8,"34":1,"36":9,"37":9,"38":6,"39":6,"41":6},"branchMap":{"0":{"type":"branch","line":12,"loc":{"start":{"line":12,"column":7},"end":{"line":42,"column":1}},"locations":[{"start":{"line":12,"column":7},"end":{"line":42,"column":1}}]},"1":{"type":"branch","line":15,"loc":{"start":{"line":15,"column":17},"end":{"line":38,"column":14}},"locations":[{"start":{"line":15,"column":17},"end":{"line":38,"column":14}}]},"2":{"type":"branch","line":27,"loc":{"start":{"line":27,"column":35},"end":{"line":33,"column":21}},"locations":[{"start":{"line":27,"column":35},"end":{"line":33,"column":21}}]},"3":{"type":"branch","line":33,"loc":{"start":{"line":33,"column":14},"end":{"line":35,"column":24}},"locations":[{"start":{"line":33,"column":14},"end":{"line":35,"column":24}}]}},"b":{"0":[6],"1":[9],"2":[8],"3":[1]},"fnMap":{"0":{"name":"InfoGrid","decl":{"start":{"line":12,"column":7},"end":{"line":42,"column":1}},"loc":{"start":{"line":12,"column":7},"end":{"line":42,"column":1}},"line":12}},"f":{"0":6}}
,"/home/kylan/projects/df-fake-dash/src/components/ui/Modal.tsx": {"path":"/home/kylan/projects/df-fake-dash/src/components/ui/Modal.tsx","all":false,"statementMap":{"0":{"start":{"line":1,"column":0},"end":{"line":1,"column":33}},"1":{"start":{"line":2,"column":0},"end":{"line":2,"column":40}},"2":{"start":{"line":3,"column":0},"end":{"line":3,"column":32}},"14":{"start":{"line":15,"column":0},"end":{"line":15,"column":23}},"15":{"start":{"line":16,"column":0},"end":{"line":16,"column":9}},"16":{"start":{"line":17,"column":0},"end":{"line":17,"column":10}},"17":{"start":{"line":18,"column":0},"end":{"line":18,"column":8}},"18":{"start":{"line":19,"column":0},"end":{"line":19,"column":11}},"19":{"start":{"line":20,"column":0},"end":{"line":20,"column":9}},"20":{"start":{"line":21,"column":0},"end":{"line":21,"column":14}},"21":{"start":{"line":22,"column":0},"end":{"line":22,"column":16}},"22":{"start":{"line":23,"column":0},"end":{"line":23,"column":31}},"24":{"start":{"line":25,"column":0},"end":{"line":25,"column":19}},"25":{"start":{"line":26,"column":0},"end":{"line":26,"column":23}},"26":{"start":{"line":27,"column":0},"end":{"line":27,"column":45}},"27":{"start":{"line":28,"column":0},"end":{"line":28,"column":39}},"28":{"start":{"line":29,"column":0},"end":{"line":29,"column":5}},"29":{"start":{"line":30,"column":0},"end":{"line":30,"column":51}},"30":{"start":{"line":31,"column":0},"end":{"line":31,"column":67}},"31":{"start":{"line":32,"column":0},"end":{"line":32,"column":23}},"33":{"start":{"line":34,"column":0},"end":{"line":34,"column":26}},"35":{"start":{"line":36,"column":0},"end":{"line":36,"column":22}},"36":{"start":{"line":37,"column":0},"end":{"line":37,"column":8}},"37":{"start":{"line":38,"column":0},"end":{"line":38,"column":64}},"38":{"start":{"line":39,"column":0},"end":{"line":39,"column":64}},"39":{"start":{"line":40,"column":0},"end":{"line":40,"column":23}},"40":{"start":{"line":41,"column":0},"end":{"line":41,"column":34}},"42":{"start":{"line":43,"column":0},"end":{"line":43,"column":10}},"43":{"start":{"line":44,"column":0},"end":{"line":44,"column":21}},"44":{"start":{"line":45,"column":0},"end":{"line":45,"column":25}},"45":{"start":{"line":46,"column":0},"end":{"line":46,"column":33}},"46":{"start":{"line":47,"column":0},"end":{"line":47,"column":63}},"47":{"start":{"line":48,"column":0},"end":{"line":48,"column":44}},"48":{"start":{"line":49,"column":0},"end":{"line":49,"column":44}},"51":{"start":{"line":52,"column":0},"end":{"line":52,"column":12}},"52":{"start":{"line":53,"column":0},"end":{"line":53,"column":83}},"53":{"start":{"line":54,"column":0},"end":{"line":54,"column":44}},"55":{"start":{"line":56,"column":0},"end":{"line":56,"column":13}},"56":{"start":{"line":57,"column":0},"end":{"line":57,"column":24}},"57":{"start":{"line":58,"column":0},"end":{"line":58,"column":37}},"58":{"start":{"line":59,"column":0},"end":{"line":59,"column":78}},"60":{"start":{"line":61,"column":0},"end":{"line":61,"column":19}},"61":{"start":{"line":62,"column":0},"end":{"line":62,"column":15}},"62":{"start":{"line":63,"column":0},"end":{"line":63,"column":17}},"63":{"start":{"line":64,"column":0},"end":{"line":64,"column":29}},"64":{"start":{"line":65,"column":0},"end":{"line":65,"column":30}},"65":{"start":{"line":66,"column":0},"end":{"line":66,"column":145}},"66":{"start":{"line":67,"column":0},"end":{"line":67,"column":40}},"68":{"start":{"line":69,"column":0},"end":{"line":69,"column":45}},"69":{"start":{"line":70,"column":0},"end":{"line":70,"column":19}},"70":{"start":{"line":71,"column":0},"end":{"line":71,"column":14}},"73":{"start":{"line":74,"column":0},"end":{"line":74,"column":58}},"74":{"start":{"line":75,"column":0},"end":{"line":75,"column":20}},"75":{"start":{"line":76,"column":0},"end":{"line":76,"column":14}},"78":{"start":{"line":79,"column":0},"end":{"line":79,"column":20}},"79":{"start":{"line":80,"column":0},"end":{"line":80,"column":14}},"80":{"start":{"line":81,"column":0},"end":{"line":81,"column":87}},"81":{"start":{"line":82,"column":0},"end":{"line":82,"column":46}},"83":{"start":{"line":84,"column":0},"end":{"line":84,"column":20}},"84":{"start":{"line":85,"column":0},"end":{"line":85,"column":16}},"86":{"start":{"line":87,"column":0},"end":{"line":87,"column":12}},"87":{"start":{"line":88,"column":0},"end":{"line":88,"column":11}},"88":{"start":{"line":89,"column":0},"end":{"line":89,"column":18}},"89":{"start":{"line":90,"column":0},"end":{"line":90,"column":3}},"90":{"start":{"line":91,"column":0},"end":{"line":91,"column":1}}},"s":{"0":1,"1":1,"2":1,"14":1,"15":14,"16":14,"17":14,"18":14,"19":14,"20":14,"21":14,"22":14,"24":14,"25":14,"26":12,"27":1,"28":1,"29":12,"30":12,"31":14,"33":14,"35":12,"36":12,"37":12,"38":12,"39":12,"40":12,"42":12,"43":12,"44":12,"45":12,"46":12,"47":12,"48":12,"51":12,"52":12,"53":12,"55":12,"56":12,"57":12,"58":12,"60":12,"61":12,"62":12,"63":12,"64":12,"65":12,"66":12,"68":12,"69":12,"70":12,"73":12,"74":12,"75":12,"78":12,"79":1,"80":1,"81":1,"83":1,"84":1,"86":14,"87":14,"88":14,"89":14,"90":14},"branchMap":{"0":{"type":"branch","line":15,"loc":{"start":{"line":15,"column":7},"end":{"line":91,"column":1}},"locations":[{"start":{"line":15,"column":7},"end":{"line":91,"column":1}}]},"1":{"type":"branch","line":34,"loc":{"start":{"line":34,"column":15},"end":{"line":34,"column":26}},"locations":[{"start":{"line":34,"column":15},"end":{"line":34,"column":26}}]},"2":{"type":"branch","line":34,"loc":{"start":{"line":34,"column":22},"end":{"line":79,"column":20}},"locations":[{"start":{"line":34,"column":22},"end":{"line":79,"column":20}}]},"3":{"type":"branch","line":79,"loc":{"start":{"line":79,"column":9},"end":{"line":85,"column":16}},"locations":[{"start":{"line":79,"column":9},"end":{"line":85,"column":16}}]},"4":{"type":"branch","line":25,"loc":{"start":{"line":25,"column":12},"end":{"line":32,"column":5}},"locations":[{"start":{"line":25,"column":12},"end":{"line":32,"column":5}}]},"5":{"type":"branch","line":26,"loc":{"start":{"line":26,"column":17},"end":{"line":26,"column":23}},"locations":[{"start":{"line":26,"column":17},"end":{"line":26,"column":23}}]},"6":{"type":"branch","line":26,"loc":{"start":{"line":26,"column":17},"end":{"line":31,"column":67}},"locations":[{"start":{"line":26,"column":17},"end":{"line":31,"column":67}}]},"7":{"type":"branch","line":27,"loc":{"start":{"line":27,"column":22},"end":{"line":29,"column":5}},"locations":[{"start":{"line":27,"column":22},"end":{"line":29,"column":5}}]},"8":{"type":"branch","line":31,"loc":{"start":{"line":31,"column":11},"end":{"line":31,"column":67}},"locations":[{"start":{"line":31,"column":11},"end":{"line":31,"column":67}}]},"9":{"type":"branch","line":49,"loc":{"start":{"line":49,"column":17},"end":{"line":49,"column":44}},"locations":[{"start":{"line":49,"column":17},"end":{"line":49,"column":44}}]}},"b":{"0":[14],"1":[2],"2":[12],"3":[1],"4":[14],"5":[2],"6":[12],"7":[1],"8":[12],"9":[2]},"fnMap":{"0":{"name":"Modal","decl":{"start":{"line":15,"column":7},"end":{"line":91,"column":1}},"loc":{"start":{"line":15,"column":7},"end":{"line":91,"column":1}},"line":15},"1":{"name":"handleKey","decl":{"start":{"line":27,"column":22},"end":{"line":29,"column":5}},"loc":{"start":{"line":27,"column":22},"end":{"line":29,"column":5}},"line":27},"2":{"name":"onClick","decl":{"start":{"line":49,"column":17},"end":{"line":49,"column":44}},"loc":{"start":{"line":49,"column":17},"end":{"line":49,"column":44}},"line":49}},"f":{"0":14,"1":1,"2":2}}
,"/home/kylan/projects/df-fake-dash/src/components/ui/MonoText.tsx": {"path":"/home/kylan/projects/df-fake-dash/src/components/ui/MonoText.tsx","all":false,"statementMap":{"6":{"start":{"line":7,"column":0},"end":{"line":7,"column":81}},"7":{"start":{"line":8,"column":0},"end":{"line":8,"column":10}},"8":{"start":{"line":9,"column":0},"end":{"line":9,"column":9}},"9":{"start":{"line":10,"column":0},"end":{"line":10,"column":27}},"10":{"start":{"line":11,"column":0},"end":{"line":11,"column":14}},"11":{"start":{"line":12,"column":0},"end":{"line":12,"column":43}},"12":{"start":{"line":13,"column":0},"end":{"line":13,"column":21}},"13":{"start":{"line":14,"column":0},"end":{"line":14,"column":32}},"14":{"start":{"line":15,"column":0},"end":{"line":15,"column":45}},"15":{"start":{"line":16,"column":0},"end":{"line":16,"column":8}},"17":{"start":{"line":18,"column":0},"end":{"line":18,"column":16}},"18":{"start":{"line":19,"column":0},"end":{"line":19,"column":11}},"20":{"start":{"line":21,"column":0},"end":{"line":21,"column":1}}},"s":{"6":1,"7":5,"8":5,"9":5,"10":5,"11":5,"12":5,"13":5,"14":5,"15":5,"17":5,"18":5,"20":5},"branchMap":{"0":{"type":"branch","line":7,"loc":{"start":{"line":7,"column":7},"end":{"line":21,"column":1}},"locations":[{"start":{"line":7,"column":7},"end":{"line":21,"column":1}}]},"1":{"type":"branch","line":15,"loc":{"start":{"line":15,"column":15},"end":{"line":15,"column":35}},"locations":[{"start":{"line":15,"column":15},"end":{"line":15,"column":35}}]},"2":{"type":"branch","line":15,"loc":{"start":{"line":15,"column":23},"end":{"line":15,"column":45}},"locations":[{"start":{"line":15,"column":23},"end":{"line":15,"column":45}}]}},"b":{"0":[5],"1":[1],"2":[4]},"fnMap":{"0":{"name":"MonoText","decl":{"start":{"line":7,"column":7},"end":{"line":21,"column":1}},"loc":{"start":{"line":7,"column":7},"end":{"line":21,"column":1}},"line":7}},"f":{"0":5}}
,"/home/kylan/projects/df-fake-dash/src/components/ui/NavItem.tsx": {"path":"/home/kylan/projects/df-fake-dash/src/components/ui/NavItem.tsx","all":false,"statementMap":{"9":{"start":{"line":10,"column":0},"end":{"line":10,"column":75}},"10":{"start":{"line":11,"column":0},"end":{"line":11,"column":10}},"11":{"start":{"line":12,"column":0},"end":{"line":12,"column":11}},"12":{"start":{"line":13,"column":0},"end":{"line":13,"column":23}},"13":{"start":{"line":14,"column":0},"end":{"line":14,"column":50}},"14":{"start":{"line":15,"column":0},"end":{"line":15,"column":124}},"15":{"start":{"line":16,"column":0},"end":{"line":16,"column":14}},"16":{"start":{"line":17,"column":0},"end":{"line":17,"column":77}},"17":{"start":{"line":18,"column":0},"end":{"line":18,"column":63}},"18":{"start":{"line":19,"column":0},"end":{"line":19,"column":21}},"19":{"start":{"line":20,"column":0},"end":{"line":20,"column":41}},"20":{"start":{"line":21,"column":0},"end":{"line":21,"column":32}},"21":{"start":{"line":22,"column":0},"end":{"line":22,"column":8}},"23":{"start":{"line":24,"column":0},"end":{"line":24,"column":11}},"24":{"start":{"line":25,"column":0},"end":{"line":25,"column":17}},"25":{"start":{"line":26,"column":0},"end":{"line":26,"column":40}},"26":{"start":{"line":27,"column":0},"end":{"line":27,"column":62}},"27":{"start":{"line":28,"column":0},"end":{"line":28,"column":8}},"28":{"start":{"line":29,"column":0},"end":{"line":29,"column":13}},"29":{"start":{"line":30,"column":0},"end":{"line":30,"column":13}},"31":{"start":{"line":32,"column":0},"end":{"line":32,"column":1}}},"s":{"9":1,"10":11,"11":11,"12":11,"13":11,"14":11,"15":11,"16":11,"17":11,"18":11,"19":11,"20":11,"21":11,"23":11,"24":11,"25":11,"26":11,"27":11,"28":11,"29":11,"31":11},"branchMap":{"0":{"type":"branch","line":10,"loc":{"start":{"line":10,"column":7},"end":{"line":32,"column":1}},"locations":[{"start":{"line":10,"column":7},"end":{"line":32,"column":1}}]},"1":{"type":"branch","line":14,"loc":{"start":{"line":14,"column":20},"end":{"line":14,"column":40}},"locations":[{"start":{"line":14,"column":20},"end":{"line":14,"column":40}}]},"2":{"type":"branch","line":14,"loc":{"start":{"line":14,"column":31},"end":{"line":14,"column":50}},"locations":[{"start":{"line":14,"column":31},"end":{"line":14,"column":50}}]},"3":{"type":"branch","line":17,"loc":{"start":{"line":17,"column":25},"end":{"line":17,"column":63}},"locations":[{"start":{"line":17,"column":25},"end":{"line":17,"column":63}}]},"4":{"type":"branch","line":17,"loc":{"start":{"line":17,"column":36},"end":{"line":17,"column":77}},"locations":[{"start":{"line":17,"column":36},"end":{"line":17,"column":77}}]},"5":{"type":"branch","line":18,"loc":{"start":{"line":18,"column":15},"end":{"line":18,"column":38}},"locations":[{"start":{"line":18,"column":15},"end":{"line":18,"column":38}}]},"6":{"type":"branch","line":18,"loc":{"start":{"line":18,"column":26},"end":{"line":18,"column":63}},"locations":[{"start":{"line":18,"column":26},"end":{"line":18,"column":63}}]},"7":{"type":"branch","line":20,"loc":{"start":{"line":20,"column":20},"end":{"line":20,"column":37}},"locations":[{"start":{"line":20,"column":20},"end":{"line":20,"column":37}}]},"8":{"type":"branch","line":20,"loc":{"start":{"line":20,"column":31},"end":{"line":20,"column":41}},"locations":[{"start":{"line":20,"column":31},"end":{"line":20,"column":41}}]},"9":{"type":"branch","line":26,"loc":{"start":{"line":26,"column":21},"end":{"line":26,"column":36}},"locations":[{"start":{"line":26,"column":21},"end":{"line":26,"column":36}}]},"10":{"type":"branch","line":26,"loc":{"start":{"line":26,"column":32},"end":{"line":26,"column":40}},"locations":[{"start":{"line":26,"column":32},"end":{"line":26,"column":40}}]},"11":{"type":"branch","line":27,"loc":{"start":{"line":27,"column":26},"end":{"line":27,"column":41}},"locations":[{"start":{"line":27,"column":26},"end":{"line":27,"column":41}}]},"12":{"type":"branch","line":27,"loc":{"start":{"line":27,"column":37},"end":{"line":27,"column":46}},"locations":[{"start":{"line":27,"column":37},"end":{"line":27,"column":46}}]}},"b":{"0":[11],"1":[4],"2":[7],"3":[4],"4":[7],"5":[4],"6":[7],"7":[4],"8":[7],"9":[4],"10":[7],"11":[4],"12":[7]},"fnMap":{"0":{"name":"NavItem","decl":{"start":{"line":10,"column":7},"end":{"line":32,"column":1}},"loc":{"start":{"line":10,"column":7},"end":{"line":32,"column":1}},"line":10}},"f":{"0":11}}
,"/home/kylan/projects/df-fake-dash/src/components/ui/ProseBlock.tsx": {"path":"/home/kylan/projects/df-fake-dash/src/components/ui/ProseBlock.tsx","all":false,"statementMap":{"5":{"start":{"line":6,"column":0},"end":{"line":6,"column":62}},"6":{"start":{"line":7,"column":0},"end":{"line":7,"column":10}},"7":{"start":{"line":8,"column":0},"end":{"line":8,"column":42}},"8":{"start":{"line":9,"column":0},"end":{"line":9,"column":8}},"9":{"start":{"line":10,"column":0},"end":{"line":10,"column":33}},"10":{"start":{"line":11,"column":0},"end":{"line":11,"column":109}},"12":{"start":{"line":13,"column":0},"end":{"line":13,"column":15}},"13":{"start":{"line":14,"column":0},"end":{"line":14,"column":10}},"14":{"start":{"line":15,"column":0},"end":{"line":15,"column":8}},"15":{"start":{"line":16,"column":0},"end":{"line":16,"column":31}},"16":{"start":{"line":17,"column":0},"end":{"line":17,"column":92}},"18":{"start":{"line":19,"column":0},"end":{"line":19,"column":14}},"19":{"start":{"line":20,"column":0},"end":{"line":20,"column":10}},"20":{"start":{"line":21,"column":0},"end":{"line":21,"column":10}},"22":{"start":{"line":23,"column":0},"end":{"line":23,"column":1}}},"s":{"5":1,"6":5,"7":5,"8":5,"9":5,"10":5,"12":5,"13":5,"14":5,"15":5,"16":5,"18":5,"19":5,"20":5,"22":5},"branchMap":{"0":{"type":"branch","line":6,"loc":{"start":{"line":6,"column":7},"end":{"line":23,"column":1}},"locations":[{"start":{"line":6,"column":7},"end":{"line":23,"column":1}}]}},"b":{"0":[5]},"fnMap":{"0":{"name":"ProseBlock","decl":{"start":{"line":6,"column":7},"end":{"line":23,"column":1}},"loc":{"start":{"line":6,"column":7},"end":{"line":23,"column":1}},"line":6}},"f":{"0":5}}
,"/home/kylan/projects/df-fake-dash/src/components/ui/SectionHeader.tsx": {"path":"/home/kylan/projects/df-fake-dash/src/components/ui/SectionHeader.tsx","all":false,"statementMap":{"7":{"start":{"line":8,"column":0},"end":{"line":8,"column":70}},"8":{"start":{"line":9,"column":0},"end":{"line":9,"column":10}},"9":{"start":{"line":10,"column":0},"end":{"line":10,"column":62}},"10":{"start":{"line":11,"column":0},"end":{"line":11,"column":8}},"11":{"start":{"line":12,"column":0},"end":{"line":12,"column":51}},"12":{"start":{"line":13,"column":0},"end":{"line":13,"column":92}},"14":{"start":{"line":15,"column":0},"end":{"line":15,"column":15}},"15":{"start":{"line":16,"column":0},"end":{"line":16,"column":10}},"16":{"start":{"line":17,"column":0},"end":{"line":17,"column":22}},"17":{"start":{"line":18,"column":0},"end":{"line":18,"column":10}},"19":{"start":{"line":20,"column":0},"end":{"line":20,"column":1}}},"s":{"7":1,"8":4,"9":4,"10":4,"11":4,"12":4,"14":4,"15":4,"16":4,"17":4,"19":4},"branchMap":{"0":{"type":"branch","line":8,"loc":{"start":{"line":8,"column":7},"end":{"line":20,"column":1}},"locations":[{"start":{"line":8,"column":7},"end":{"line":20,"column":1}}]},"1":{"type":"branch","line":17,"loc":{"start":{"line":17,"column":7},"end":{"line":17,"column":22}},"locations":[{"start":{"line":17,"column":7},"end":{"line":17,"column":22}}]}},"b":{"0":[4],"1":[3]},"fnMap":{"0":{"name":"SectionHeader","decl":{"start":{"line":8,"column":7},"end":{"line":20,"column":1}},"loc":{"start":{"line":8,"column":7},"end":{"line":20,"column":1}},"line":8}},"f":{"0":4}}
,"/home/kylan/projects/df-fake-dash/src/components/ui/Table.tsx": {"path":"/home/kylan/projects/df-fake-dash/src/components/ui/Table.tsx","all":false,"statementMap":{"1":{"start":{"line":2,"column":0},"end":{"line":2,"column":29}},"10":{"start":{"line":11,"column":0},"end":{"line":11,"column":60}},"11":{"start":{"line":12,"column":0},"end":{"line":12,"column":10}},"12":{"start":{"line":13,"column":0},"end":{"line":13,"column":54}},"13":{"start":{"line":14,"column":0},"end":{"line":14,"column":16}},"14":{"start":{"line":15,"column":0},"end":{"line":15,"column":10}},"16":{"start":{"line":17,"column":0},"end":{"line":17,"column":1}},"24":{"start":{"line":25,"column":0},"end":{"line":25,"column":61}},"25":{"start":{"line":26,"column":0},"end":{"line":26,"column":10}},"26":{"start":{"line":27,"column":0},"end":{"line":27,"column":8}},"27":{"start":{"line":28,"column":0},"end":{"line":28,"column":58}},"28":{"start":{"line":29,"column":0},"end":{"line":29,"column":44}},"29":{"start":{"line":30,"column":0},"end":{"line":30,"column":16}},"31":{"start":{"line":32,"column":0},"end":{"line":32,"column":16}},"32":{"start":{"line":33,"column":0},"end":{"line":33,"column":10}},"34":{"start":{"line":35,"column":0},"end":{"line":35,"column":1}},"44":{"start":{"line":45,"column":0},"end":{"line":45,"column":31}},"45":{"start":{"line":46,"column":0},"end":{"line":46,"column":11}},"46":{"start":{"line":47,"column":0},"end":{"line":47,"column":8}},"47":{"start":{"line":48,"column":0},"end":{"line":48,"column":21}},"48":{"start":{"line":49,"column":0},"end":{"line":49,"column":24}},"49":{"start":{"line":50,"column":0},"end":{"line":50,"column":53}},"50":{"start":{"line":51,"column":0},"end":{"line":51,"column":10}},"51":{"start":{"line":52,"column":0},"end":{"line":52,"column":8}},"52":{"start":{"line":53,"column":0},"end":{"line":53,"column":20}},"53":{"start":{"line":54,"column":0},"end":{"line":54,"column":55}},"54":{"start":{"line":55,"column":0},"end":{"line":55,"column":47}},"55":{"start":{"line":56,"column":0},"end":{"line":56,"column":18}},"56":{"start":{"line":57,"column":0},"end":{"line":57,"column":8}},"57":{"start":{"line":58,"column":0},"end":{"line":58,"column":19}},"58":{"start":{"line":59,"column":0},"end":{"line":59,"column":25}},"60":{"start":{"line":61,"column":0},"end":{"line":61,"column":28}},"61":{"start":{"line":62,"column":0},"end":{"line":62,"column":13}},"62":{"start":{"line":63,"column":0},"end":{"line":63,"column":61}},"63":{"start":{"line":64,"column":0},"end":{"line":64,"column":76}},"65":{"start":{"line":66,"column":0},"end":{"line":66,"column":20}},"66":{"start":{"line":67,"column":0},"end":{"line":67,"column":15}},"68":{"start":{"line":69,"column":0},"end":{"line":69,"column":10}},"70":{"start":{"line":71,"column":0},"end":{"line":71,"column":1}},"79":{"start":{"line":80,"column":0},"end":{"line":80,"column":64}},"80":{"start":{"line":81,"column":0},"end":{"line":81,"column":10}},"81":{"start":{"line":82,"column":0},"end":{"line":82,"column":8}},"82":{"start":{"line":83,"column":0},"end":{"line":83,"column":96}},"83":{"start":{"line":84,"column":0},"end":{"line":84,"column":51}},"84":{"start":{"line":85,"column":0},"end":{"line":85,"column":16}},"85":{"start":{"line":86,"column":0},"end":{"line":86,"column":23}},"87":{"start":{"line":88,"column":0},"end":{"line":88,"column":16}},"88":{"start":{"line":89,"column":0},"end":{"line":89,"column":10}},"90":{"start":{"line":91,"column":0},"end":{"line":91,"column":1}},"100":{"start":{"line":101,"column":0},"end":{"line":101,"column":84}},"101":{"start":{"line":102,"column":0},"end":{"line":102,"column":53}},"102":{"start":{"line":103,"column":0},"end":{"line":103,"column":10}},"103":{"start":{"line":104,"column":0},"end":{"line":104,"column":8}},"104":{"start":{"line":105,"column":0},"end":{"line":105,"column":20}},"105":{"start":{"line":106,"column":0},"end":{"line":106,"column":62}},"106":{"start":{"line":107,"column":0},"end":{"line":107,"column":47}},"107":{"start":{"line":108,"column":0},"end":{"line":108,"column":18}},"108":{"start":{"line":109,"column":0},"end":{"line":109,"column":8}},"109":{"start":{"line":110,"column":0},"end":{"line":110,"column":19}},"110":{"start":{"line":111,"column":0},"end":{"line":111,"column":17}},"112":{"start":{"line":113,"column":0},"end":{"line":113,"column":16}},"113":{"start":{"line":114,"column":0},"end":{"line":114,"column":10}},"115":{"start":{"line":116,"column":0},"end":{"line":116,"column":1}}},"s":{"1":1,"10":1,"11":3,"12":3,"13":3,"14":3,"16":3,"24":1,"25":9,"26":9,"27":9,"28":9,"29":9,"31":9,"32":9,"34":9,"44":1,"45":9,"46":9,"47":9,"48":9,"49":9,"50":9,"51":9,"52":9,"53":9,"54":9,"55":9,"56":9,"57":9,"58":9,"60":9,"61":8,"62":8,"63":8,"65":8,"66":8,"68":9,"70":9,"79":1,"80":11,"81":11,"82":11,"83":11,"84":11,"85":11,"87":11,"88":11,"90":11,"100":1,"101":11,"102":11,"103":11,"104":11,"105":11,"106":11,"107":11,"108":11,"109":11,"110":11,"112":11,"113":11,"115":11},"branchMap":{"0":{"type":"branch","line":11,"loc":{"start":{"line":11,"column":7},"end":{"line":17,"column":1}},"locations":[{"start":{"line":11,"column":7},"end":{"line":17,"column":1}}]},"1":{"type":"branch","line":25,"loc":{"start":{"line":25,"column":7},"end":{"line":35,"column":1}},"locations":[{"start":{"line":25,"column":7},"end":{"line":35,"column":1}}]},"2":{"type":"branch","line":45,"loc":{"start":{"line":45,"column":7},"end":{"line":71,"column":1}},"locations":[{"start":{"line":45,"column":7},"end":{"line":71,"column":1}}]},"3":{"type":"branch","line":50,"loc":{"start":{"line":50,"column":31},"end":{"line":50,"column":51}},"locations":[{"start":{"line":50,"column":31},"end":{"line":50,"column":51}}]},"4":{"type":"branch","line":50,"loc":{"start":{"line":50,"column":47},"end":{"line":50,"column":53}},"locations":[{"start":{"line":50,"column":47},"end":{"line":50,"column":53}}]},"5":{"type":"branch","line":55,"loc":{"start":{"line":55,"column":8},"end":{"line":55,"column":30}},"locations":[{"start":{"line":55,"column":8},"end":{"line":55,"column":30}}]},"6":{"type":"branch","line":55,"loc":{"start":{"line":55,"column":16},"end":{"line":55,"column":47}},"locations":[{"start":{"line":55,"column":16},"end":{"line":55,"column":47}}]},"7":{"type":"branch","line":61,"loc":{"start":{"line":61,"column":19},"end":{"line":67,"column":15}},"locations":[{"start":{"line":61,"column":19},"end":{"line":67,"column":15}}]},"8":{"type":"branch","line":80,"loc":{"start":{"line":80,"column":7},"end":{"line":91,"column":1}},"locations":[{"start":{"line":80,"column":7},"end":{"line":91,"column":1}}]},"9":{"type":"branch","line":83,"loc":{"start":{"line":83,"column":50},"end":{"line":83,"column":94}},"locations":[{"start":{"line":83,"column":50},"end":{"line":83,"column":94}}]},"10":{"type":"branch","line":101,"loc":{"start":{"line":101,"column":7},"end":{"line":116,"column":1}},"locations":[{"start":{"line":101,"column":7},"end":{"line":116,"column":1}}]},"11":{"type":"branch","line":102,"loc":{"start":{"line":102,"column":31},"end":{"line":102,"column":51}},"locations":[{"start":{"line":102,"column":31},"end":{"line":102,"column":51}}]},"12":{"type":"branch","line":102,"loc":{"start":{"line":102,"column":47},"end":{"line":102,"column":53}},"locations":[{"start":{"line":102,"column":47},"end":{"line":102,"column":53}}]},"13":{"type":"branch","line":107,"loc":{"start":{"line":107,"column":8},"end":{"line":107,"column":30}},"locations":[{"start":{"line":107,"column":8},"end":{"line":107,"column":30}}]},"14":{"type":"branch","line":107,"loc":{"start":{"line":107,"column":16},"end":{"line":107,"column":47}},"locations":[{"start":{"line":107,"column":16},"end":{"line":107,"column":47}}]}},"b":{"0":[3],"1":[9],"2":[9],"3":[2],"4":[7],"5":[2],"6":[7],"7":[8],"8":[11],"9":[2],"10":[11],"11":[1],"12":[10],"13":[1],"14":[10]},"fnMap":{"0":{"name":"Table","decl":{"start":{"line":11,"column":7},"end":{"line":17,"column":1}},"loc":{"start":{"line":11,"column":7},"end":{"line":17,"column":1}},"line":11},"1":{"name":"TableHeader","decl":{"start":{"line":25,"column":7},"end":{"line":35,"column":1}},"loc":{"start":{"line":25,"column":7},"end":{"line":35,"column":1}},"line":25},"2":{"name":"TableHeadCell","decl":{"start":{"line":45,"column":7},"end":{"line":71,"column":1}},"loc":{"start":{"line":45,"column":7},"end":{"line":71,"column":1}},"line":45},"3":{"name":"TableRow","decl":{"start":{"line":80,"column":7},"end":{"line":91,"column":1}},"loc":{"start":{"line":80,"column":7},"end":{"line":91,"column":1}},"line":80},"4":{"name":"TableCell","decl":{"start":{"line":101,"column":7},"end":{"line":116,"column":1}},"loc":{"start":{"line":101,"column":7},"end":{"line":116,"column":1}},"line":101}},"f":{"0":3,"1":9,"2":9,"3":11,"4":11}}
,"/home/kylan/projects/df-fake-dash/src/components/ui/Tabs.tsx": {"path":"/home/kylan/projects/df-fake-dash/src/components/ui/Tabs.tsx","all":false,"statementMap":{"0":{"start":{"line":1,"column":0},"end":{"line":1,"column":29}},"11":{"start":{"line":12,"column":0},"end":{"line":12,"column":65}},"12":{"start":{"line":13,"column":0},"end":{"line":13,"column":10}},"13":{"start":{"line":14,"column":0},"end":{"line":14,"column":11}},"14":{"start":{"line":15,"column":0},"end":{"line":15,"column":16}},"15":{"start":{"line":16,"column":0},"end":{"line":16,"column":30}},"16":{"start":{"line":17,"column":0},"end":{"line":17,"column":38}},"17":{"start":{"line":18,"column":0},"end":{"line":18,"column":22}},"18":{"start":{"line":19,"column":0},"end":{"line":19,"column":23}},"19":{"start":{"line":20,"column":0},"end":{"line":20,"column":116}},"20":{"start":{"line":21,"column":0},"end":{"line":21,"column":14}},"21":{"start":{"line":22,"column":0},"end":{"line":22,"column":21}},"22":{"start":{"line":23,"column":0},"end":{"line":23,"column":41}},"23":{"start":{"line":24,"column":0},"end":{"line":24,"column":48}},"24":{"start":{"line":25,"column":0},"end":{"line":25,"column":32}},"25":{"start":{"line":26,"column":0},"end":{"line":26,"column":79}},"26":{"start":{"line":27,"column":0},"end":{"line":27,"column":25}},"27":{"start":{"line":28,"column":0},"end":{"line":28,"column":8}},"29":{"start":{"line":30,"column":0},"end":{"line":30,"column":13}},"30":{"start":{"line":31,"column":0},"end":{"line":31,"column":13}},"32":{"start":{"line":33,"column":0},"end":{"line":33,"column":1}},"48":{"start":{"line":49,"column":0},"end":{"line":49,"column":75}},"49":{"start":{"line":50,"column":0},"end":{"line":50,"column":10}},"50":{"start":{"line":51,"column":0},"end":{"line":51,"column":8}},"51":{"start":{"line":52,"column":0},"end":{"line":52,"column":20}},"52":{"start":{"line":53,"column":0},"end":{"line":53,"column":49}},"53":{"start":{"line":54,"column":0},"end":{"line":54,"column":51}},"55":{"start":{"line":56,"column":0},"end":{"line":56,"column":28}},"56":{"start":{"line":57,"column":0},"end":{"line":57,"column":12}},"57":{"start":{"line":58,"column":0},"end":{"line":58,"column":23}},"58":{"start":{"line":59,"column":0},"end":{"line":59,"column":22}},"59":{"start":{"line":60,"column":0},"end":{"line":60,"column":28}},"60":{"start":{"line":61,"column":0},"end":{"line":61,"column":41}},"61":{"start":{"line":62,"column":0},"end":{"line":62,"column":43}},"62":{"start":{"line":63,"column":0},"end":{"line":63,"column":10}},"63":{"start":{"line":64,"column":0},"end":{"line":64,"column":9}},"64":{"start":{"line":65,"column":0},"end":{"line":65,"column":10}},"66":{"start":{"line":67,"column":0},"end":{"line":67,"column":1}}},"s":{"0":1,"11":1,"12":29,"13":29,"14":29,"15":29,"16":29,"17":29,"18":29,"19":29,"20":29,"21":29,"22":29,"23":29,"24":29,"25":29,"26":29,"27":29,"29":29,"30":29,"32":29,"48":1,"49":6,"50":6,"51":6,"52":6,"53":6,"55":6,"56":18,"57":18,"58":18,"59":18,"60":18,"61":18,"62":18,"63":6,"64":6,"66":6},"branchMap":{"0":{"type":"branch","line":12,"loc":{"start":{"line":12,"column":7},"end":{"line":33,"column":1}},"locations":[{"start":{"line":12,"column":7},"end":{"line":33,"column":1}}]},"1":{"type":"branch","line":23,"loc":{"start":{"line":23,"column":20},"end":{"line":23,"column":37}},"locations":[{"start":{"line":23,"column":20},"end":{"line":23,"column":37}}]},"2":{"type":"branch","line":23,"loc":{"start":{"line":23,"column":31},"end":{"line":23,"column":41}},"locations":[{"start":{"line":23,"column":31},"end":{"line":23,"column":41}}]},"3":{"type":"branch","line":24,"loc":{"start":{"line":24,"column":15},"end":{"line":24,"column":38}},"locations":[{"start":{"line":24,"column":15},"end":{"line":24,"column":38}}]},"4":{"type":"branch","line":24,"loc":{"start":{"line":24,"column":26},"end":{"line":24,"column":48}},"locations":[{"start":{"line":24,"column":26},"end":{"line":24,"column":48}}]},"5":{"type":"branch","line":26,"loc":{"start":{"line":26,"column":22},"end":{"line":26,"column":55}},"locations":[{"start":{"line":26,"column":22},"end":{"line":26,"column":55}}]},"6":{"type":"branch","line":26,"loc":{"start":{"line":26,"column":33},"end":{"line":26,"column":79}},"locations":[{"start":{"line":26,"column":33},"end":{"line":26,"column":79}}]},"7":{"type":"branch","line":49,"loc":{"start":{"line":49,"column":7},"end":{"line":67,"column":1}},"locations":[{"start":{"line":49,"column":7},"end":{"line":67,"column":1}}]},"8":{"type":"branch","line":56,"loc":{"start":{"line":56,"column":17},"end":{"line":63,"column":10}},"locations":[{"start":{"line":56,"column":17},"end":{"line":63,"column":10}}]},"9":{"type":"branch","line":62,"loc":{"start":{"line":62,"column":19},"end":{"line":62,"column":43}},"locations":[{"start":{"line":62,"column":19},"end":{"line":62,"column":43}}]}},"b":{"0":[29],"1":[9],"2":[20],"3":[9],"4":[20],"5":[9],"6":[20],"7":[6],"8":[18],"9":[1]},"fnMap":{"0":{"name":"Tab","decl":{"start":{"line":12,"column":7},"end":{"line":33,"column":1}},"loc":{"start":{"line":12,"column":7},"end":{"line":33,"column":1}},"line":12},"1":{"name":"Tabs","decl":{"start":{"line":49,"column":7},"end":{"line":67,"column":1}},"loc":{"start":{"line":49,"column":7},"end":{"line":67,"column":1}},"line":49},"2":{"name":"onClick","decl":{"start":{"line":62,"column":19},"end":{"line":62,"column":43}},"loc":{"start":{"line":62,"column":19},"end":{"line":62,"column":43}},"line":62}},"f":{"0":29,"1":6,"2":1}}
,"/home/kylan/projects/df-fake-dash/src/components/ui/WizardNav.tsx": {"path":"/home/kylan/projects/df-fake-dash/src/components/ui/WizardNav.tsx","all":false,"statementMap":{"0":{"start":{"line":1,"column":0},"end":{"line":1,"column":29}},"20":{"start":{"line":21,"column":0},"end":{"line":21,"column":62}},"21":{"start":{"line":22,"column":0},"end":{"line":22,"column":10}},"22":{"start":{"line":23,"column":0},"end":{"line":23,"column":9}},"23":{"start":{"line":24,"column":0},"end":{"line":24,"column":46}},"24":{"start":{"line":25,"column":0},"end":{"line":25,"column":14}},"25":{"start":{"line":26,"column":0},"end":{"line":26,"column":32}},"26":{"start":{"line":27,"column":0},"end":{"line":27,"column":18}},"27":{"start":{"line":28,"column":0},"end":{"line":28,"column":19}},"28":{"start":{"line":29,"column":0},"end":{"line":29,"column":55}},"29":{"start":{"line":30,"column":0},"end":{"line":30,"column":63}},"30":{"start":{"line":31,"column":0},"end":{"line":31,"column":21}},"31":{"start":{"line":32,"column":0},"end":{"line":32,"column":8}},"32":{"start":{"line":33,"column":0},"end":{"line":33,"column":6}},"34":{"start":{"line":35,"column":0},"end":{"line":35,"column":1}},"36":{"start":{"line":37,"column":0},"end":{"line":37,"column":81}},"37":{"start":{"line":38,"column":0},"end":{"line":38,"column":10}},"38":{"start":{"line":39,"column":0},"end":{"line":39,"column":104}},"39":{"start":{"line":40,"column":0},"end":{"line":40,"column":28}},"40":{"start":{"line":41,"column":0},"end":{"line":41,"column":49}},"41":{"start":{"line":42,"column":0},"end":{"line":42,"column":16}},"42":{"start":{"line":43,"column":0},"end":{"line":43,"column":17}},"43":{"start":{"line":44,"column":0},"end":{"line":44,"column":25}},"44":{"start":{"line":45,"column":0},"end":{"line":45,"column":50}},"45":{"start":{"line":46,"column":0},"end":{"line":46,"column":26}},"46":{"start":{"line":47,"column":0},"end":{"line":47,"column":128}},"47":{"start":{"line":48,"column":0},"end":{"line":48,"column":14}},"48":{"start":{"line":49,"column":0},"end":{"line":49,"column":20}},"49":{"start":{"line":50,"column":0},"end":{"line":50,"column":69}},"50":{"start":{"line":51,"column":0},"end":{"line":51,"column":14}},"52":{"start":{"line":53,"column":0},"end":{"line":53,"column":14}},"53":{"start":{"line":54,"column":0},"end":{"line":54,"column":46}},"54":{"start":{"line":55,"column":0},"end":{"line":55,"column":22}},"55":{"start":{"line":56,"column":0},"end":{"line":56,"column":29}},"56":{"start":{"line":57,"column":0},"end":{"line":57,"column":56}},"57":{"start":{"line":58,"column":0},"end":{"line":58,"column":40}},"58":{"start":{"line":59,"column":0},"end":{"line":59,"column":32}},"59":{"start":{"line":60,"column":0},"end":{"line":60,"column":16}},"61":{"start":{"line":62,"column":0},"end":{"line":62,"column":26}},"62":{"start":{"line":63,"column":0},"end":{"line":63,"column":16}},"63":{"start":{"line":64,"column":0},"end":{"line":64,"column":31}},"64":{"start":{"line":65,"column":0},"end":{"line":65,"column":58}},"65":{"start":{"line":66,"column":0},"end":{"line":66,"column":45}},"66":{"start":{"line":67,"column":0},"end":{"line":67,"column":71}},"67":{"start":{"line":68,"column":0},"end":{"line":68,"column":65}},"68":{"start":{"line":69,"column":0},"end":{"line":69,"column":63}},"69":{"start":{"line":70,"column":0},"end":{"line":70,"column":27}},"70":{"start":{"line":71,"column":0},"end":{"line":71,"column":22}},"71":{"start":{"line":72,"column":0},"end":{"line":72,"column":62}},"72":{"start":{"line":73,"column":0},"end":{"line":73,"column":30}},"73":{"start":{"line":74,"column":0},"end":{"line":74,"column":37}},"74":{"start":{"line":75,"column":0},"end":{"line":75,"column":64}},"75":{"start":{"line":76,"column":0},"end":{"line":76,"column":48}},"76":{"start":{"line":77,"column":0},"end":{"line":77,"column":40}},"77":{"start":{"line":78,"column":0},"end":{"line":78,"column":24}},"79":{"start":{"line":80,"column":0},"end":{"line":80,"column":33}},"80":{"start":{"line":81,"column":0},"end":{"line":81,"column":24}},"81":{"start":{"line":82,"column":0},"end":{"line":82,"column":24}},"82":{"start":{"line":83,"column":0},"end":{"line":83,"column":19}},"83":{"start":{"line":84,"column":0},"end":{"line":84,"column":20}},"85":{"start":{"line":86,"column":0},"end":{"line":86,"column":19}},"87":{"start":{"line":88,"column":0},"end":{"line":88,"column":9}},"88":{"start":{"line":89,"column":0},"end":{"line":89,"column":10}},"90":{"start":{"line":91,"column":0},"end":{"line":91,"column":1}}},"s":{"0":1,"20":33,"21":33,"22":33,"23":33,"24":33,"25":33,"26":33,"27":33,"28":33,"29":33,"30":33,"31":33,"32":33,"34":33,"36":1,"37":11,"38":11,"39":11,"40":22,"41":22,"42":22,"43":22,"44":22,"45":22,"46":22,"47":22,"48":22,"49":22,"50":22,"52":22,"53":22,"54":22,"55":22,"56":22,"57":22,"58":22,"59":22,"61":22,"62":22,"63":22,"64":22,"65":22,"66":33,"67":33,"68":33,"69":33,"70":33,"71":33,"72":33,"73":33,"74":33,"75":33,"76":33,"77":33,"79":33,"80":33,"81":33,"82":22,"83":22,"85":22,"87":11,"88":11,"90":11},"branchMap":{"0":{"type":"branch","line":21,"loc":{"start":{"line":21,"column":0},"end":{"line":35,"column":1}},"locations":[{"start":{"line":21,"column":0},"end":{"line":35,"column":1}}]},"1":{"type":"branch","line":29,"loc":{"start":{"line":29,"column":21},"end":{"line":29,"column":45}},"locations":[{"start":{"line":29,"column":21},"end":{"line":29,"column":45}}]},"2":{"type":"branch","line":29,"loc":{"start":{"line":29,"column":33},"end":{"line":29,"column":55}},"locations":[{"start":{"line":29,"column":33},"end":{"line":29,"column":55}}]},"3":{"type":"branch","line":30,"loc":{"start":{"line":30,"column":25},"end":{"line":30,"column":49}},"locations":[{"start":{"line":30,"column":25},"end":{"line":30,"column":49}}]},"4":{"type":"branch","line":30,"loc":{"start":{"line":30,"column":37},"end":{"line":30,"column":63}},"locations":[{"start":{"line":30,"column":37},"end":{"line":30,"column":63}}]},"5":{"type":"branch","line":37,"loc":{"start":{"line":37,"column":7},"end":{"line":91,"column":1}},"locations":[{"start":{"line":37,"column":7},"end":{"line":91,"column":1}}]},"6":{"type":"branch","line":40,"loc":{"start":{"line":40,"column":17},"end":{"line":88,"column":7}},"locations":[{"start":{"line":40,"column":17},"end":{"line":88,"column":7}}]},"7":{"type":"branch","line":50,"loc":{"start":{"line":50,"column":32},"end":{"line":50,"column":55}},"locations":[{"start":{"line":50,"column":32},"end":{"line":50,"column":55}}]},"8":{"type":"branch","line":50,"loc":{"start":{"line":50,"column":43},"end":{"line":50,"column":69}},"locations":[{"start":{"line":50,"column":43},"end":{"line":50,"column":69}}]},"9":{"type":"branch","line":57,"loc":{"start":{"line":57,"column":23},"end":{"line":57,"column":46}},"locations":[{"start":{"line":57,"column":23},"end":{"line":57,"column":46}}]},"10":{"type":"branch","line":57,"loc":{"start":{"line":57,"column":34},"end":{"line":57,"column":56}},"locations":[{"start":{"line":57,"column":34},"end":{"line":57,"column":56}}]},"11":{"type":"branch","line":45,"loc":{"start":{"line":45,"column":21},"end":{"line":45,"column":50}},"locations":[{"start":{"line":45,"column":21},"end":{"line":45,"column":50}}]},"12":{"type":"branch","line":66,"loc":{"start":{"line":66,"column":35},"end":{"line":82,"column":24}},"locations":[{"start":{"line":66,"column":35},"end":{"line":82,"column":24}}]},"13":{"type":"branch","line":75,"loc":{"start":{"line":75,"column":31},"end":{"line":75,"column":54}},"locations":[{"start":{"line":75,"column":31},"end":{"line":75,"column":54}}]},"14":{"type":"branch","line":75,"loc":{"start":{"line":75,"column":42},"end":{"line":75,"column":64}},"locations":[{"start":{"line":75,"column":42},"end":{"line":75,"column":64}}]}},"b":{"0":[33],"1":[11],"2":[22],"3":[11],"4":[22],"5":[11],"6":[22],"7":[11],"8":[11],"9":[11],"10":[11],"11":[1],"12":[33],"13":[22],"14":[11]},"fnMap":{"0":{"name":"SubStepIcon","decl":{"start":{"line":21,"column":0},"end":{"line":35,"column":1}},"loc":{"start":{"line":21,"column":0},"end":{"line":35,"column":1}},"line":21},"1":{"name":"WizardNav","decl":{"start":{"line":37,"column":7},"end":{"line":91,"column":1}},"loc":{"start":{"line":37,"column":7},"end":{"line":91,"column":1}},"line":37},"2":{"name":"onClick","decl":{"start":{"line":45,"column":21},"end":{"line":45,"column":50}},"loc":{"start":{"line":45,"column":21},"end":{"line":45,"column":50}},"line":45}},"f":{"0":33,"1":11,"2":1}}
}
