{"/home/kylan/projects/df-fake-dash/src/components/ui/ActionButton.tsx": {"path":"/home/kylan/projects/df-fake-dash/src/components/ui/ActionButton.tsx","all":false,"statementMap":{"8":{"start":{"line":9,"column":0},"end":{"line":9,"column":75}},"9":{"start":{"line":10,"column":0},"end":{"line":10,"column":10}},"10":{"start":{"line":11,"column":0},"end":{"line":11,"column":11}},"11":{"start":{"line":12,"column":0},"end":{"line":12,"column":23}},"12":{"start":{"line":13,"column":0},"end":{"line":13,"column":130}},"13":{"start":{"line":14,"column":0},"end":{"line":14,"column":88}},"15":{"start":{"line":16,"column":0},"end":{"line":16,"column":45}},"16":{"start":{"line":17,"column":0},"end":{"line":17,"column":13}},"17":{"start":{"line":18,"column":0},"end":{"line":18,"column":13}},"19":{"start":{"line":20,"column":0},"end":{"line":20,"column":1}}},"s":{"8":1,"9":5,"10":5,"11":5,"12":5,"13":5,"15":5,"16":5,"17":5,"19":5},"branchMap":{"0":{"type":"branch","line":9,"loc":{"start":{"line":9,"column":7},"end":{"line":20,"column":1}},"locations":[{"start":{"line":9,"column":7},"end":{"line":20,"column":1}}]}},"b":{"0":[5]},"fnMap":{"0":{"name":"ActionButton","decl":{"start":{"line":9,"column":7},"end":{"line":20,"column":1}},"loc":{"start":{"line":9,"column":7},"end":{"line":20,"column":1}},"line":9}},"f":{"0":5}}
,"/home/kylan/projects/df-fake-dash/src/components/ui/ActionGroup.tsx": {"path":"/home/kylan/projects/df-fake-dash/src/components/ui/ActionGroup.tsx","all":false,"statementMap":{"1":{"start":{"line":2,"column":0},"end":{"line":2,"column":29}},"2":{"start":{"line":3,"column":0},"end":{"line":3,"column":47}},"19":{"start":{"line":20,"column":0},"end":{"line":20,"column":71}},"20":{"start":{"line":21,"column":0},"end":{"line":21,"column":10}},"21":{"start":{"line":22,"column":0},"end":{"line":22,"column":62}},"22":{"start":{"line":23,"column":0},"end":{"line":23,"column":35}},"23":{"start":{"line":24,"column":0},"end":{"line":24,"column":15}},"24":{"start":{"line":25,"column":0},"end":{"line":25,"column":17}},"25":{"start":{"line":26,"column":0},"end":{"line":26,"column":49}},"26":{"start":{"line":27,"column":0},"end":{"line":27,"column":28}},"27":{"start":{"line":28,"column":0},"end":{"line":28,"column":34}},"28":{"start":{"line":29,"column":0},"end":{"line":29,"column":36}},"30":{"start":{"line":31,"column":0},"end":{"line":31,"column":24}},"31":{"start":{"line":32,"column":0},"end":{"line":32,"column":17}},"32":{"start":{"line":33,"column":0},"end":{"line":33,"column":9}},"33":{"start":{"line":34,"column":0},"end":{"line":34,"column":10}},"35":{"start":{"line":36,"column":0},"end":{"line":36,"column":1}}},"s":{"1":1,"2":1,"19":1,"20":9,"21":9,"22":9,"23":12,"24":12,"25":12,"26":12,"27":12,"28":12,"30":12,"31":12,"32":9,"33":9,"35":9},"branchMap":{"0":{"type":"branch","line":20,"loc":{"start":{"line":20,"column":7},"end":{"line":36,"column":1}},"locations":[{"start":{"line":20,"column":7},"end":{"line":36,"column":1}}]},"1":{"type":"branch","line":23,"loc":{"start":{"line":23,"column":19},"end":{"line":32,"column":17}},"locations":[{"start":{"line":23,"column":19},"end":{"line":32,"column":17}}]},"2":{"type":"branch","line":26,"loc":{"start":{"line":26,"column":26},"end":{"line":26,"column":49}},"locations":[{"start":{"line":26,"column":26},"end":{"line":26,"column":49}}]}},"b":{"0":[9],"1":[12],"2":[11]},"fnMap":{"0":{"name":"ActionGroup","decl":{"start":{"line":20,"column":7},"end":{"line":36,"column":1}},"loc":{"start":{"line":20,"column":7},"end":{"line":36,"column":1}},"line":20}},"f":{"0":9}}
,"/home/kylan/projects/df-fake-dash/src/components/ui/Alert.tsx": {"path":"/home/kylan/projects/df-fake-dash/src/components/ui/Alert.tsx","all":false,"statementMap":{"1":{"start":{"line":2,"column":0},"end":{"line":2,"column":73}},"2":{"start":{"line":3,"column":0},"end":{"line":3,"column":29}},"14":{"start":{"line":15,"column":0},"end":{"line":15,"column":46}},"18":{"start":{"line":19,"column":0},"end":{"line":19,"column":6}},"19":{"start":{"line":20,"column":0},"end":{"line":20,"column":81}},"20":{"start":{"line":21,"column":0},"end":{"line":21,"column":81}},"21":{"start":{"line":22,"column":0},"end":{"line":22,"column":80}},"22":{"start":{"line":23,"column":0},"end":{"line":23,"column":81}},"23":{"start":{"line":24,"column":0},"end":{"line":24,"column":1}},"25":{"start":{"line":26,"column":0},"end":{"line":26,"column":88}},"26":{"start":{"line":27,"column":0},"end":{"line":27,"column":55}},"28":{"start":{"line":29,"column":0},"end":{"line":29,"column":10}},"29":{"start":{"line":30,"column":0},"end":{"line":30,"column":8}},"30":{"start":{"line":31,"column":0},"end":{"line":31,"column":18}},"31":{"start":{"line":32,"column":0},"end":{"line":32,"column":72}},"32":{"start":{"line":33,"column":0},"end":{"line":33,"column":37}},"34":{"start":{"line":35,"column":0},"end":{"line":35,"column":71}},"35":{"start":{"line":36,"column":0},"end":{"line":36,"column":38}},"36":{"start":{"line":37,"column":0},"end":{"line":37,"column":19}},"37":{"start":{"line":38,"column":0},"end":{"line":38,"column":71}},"38":{"start":{"line":39,"column":0},"end":{"line":39,"column":19}},"39":{"start":{"line":40,"column":0},"end":{"line":40,"column":14}},"41":{"start":{"line":42,"column":0},"end":{"line":42,"column":79}},"42":{"start":{"line":43,"column":0},"end":{"line":43,"column":20}},"43":{"start":{"line":44,"column":0},"end":{"line":44,"column":14}},"44":{"start":{"line":45,"column":0},"end":{"line":45,"column":12}},"45":{"start":{"line":46,"column":0},"end":{"line":46,"column":21}},"46":{"start":{"line":47,"column":0},"end":{"line":47,"column":15}},"47":{"start":{"line":48,"column":0},"end":{"line":48,"column":23}},"48":{"start":{"line":49,"column":0},"end":{"line":49,"column":29}},"49":{"start":{"line":50,"column":0},"end":{"line":50,"column":30}},"50":{"start":{"line":51,"column":0},"end":{"line":51,"column":146}},"51":{"start":{"line":52,"column":0},"end":{"line":52,"column":27}},"53":{"start":{"line":54,"column":0},"end":{"line":54,"column":25}},"54":{"start":{"line":55,"column":0},"end":{"line":55,"column":17}},"56":{"start":{"line":57,"column":0},"end":{"line":57,"column":10}},"58":{"start":{"line":59,"column":0},"end":{"line":59,"column":1}}},"s":{"1":1,"2":1,"14":1,"18":1,"19":1,"20":1,"21":1,"22":1,"23":1,"25":1,"26":13,"28":13,"29":13,"30":13,"31":13,"32":13,"34":13,"35":13,"36":13,"37":1,"38":1,"39":1,"41":13,"42":13,"43":13,"44":13,"45":13,"46":2,"47":2,"48":2,"49":2,"50":2,"51":2,"53":2,"54":2,"56":13,"58":13},"branchMap":{"0":{"type":"branch","line":26,"loc":{"start":{"line":26,"column":7},"end":{"line":59,"column":1}},"locations":[{"start":{"line":26,"column":7},"end":{"line":59,"column":1}}]},"1":{"type":"branch","line":37,"loc":{"start":{"line":37,"column":9},"end":{"line":40,"column":14}},"locations":[{"start":{"line":37,"column":9},"end":{"line":40,"column":14}}]},"2":{"type":"branch","line":46,"loc":{"start":{"line":46,"column":7},"end":{"line":55,"column":17}},"locations":[{"start":{"line":46,"column":7},"end":{"line":55,"column":17}}]}},"b":{"0":[13],"1":[1],"2":[2]},"fnMap":{"0":{"name":"Alert","decl":{"start":{"line":26,"column":7},"end":{"line":59,"column":1}},"loc":{"start":{"line":26,"column":7},"end":{"line":59,"column":1}},"line":26}},"f":{"0":13}}
,"/home/kylan/projects/df-fake-dash/src/components/ui/Badge.tsx": {"path":"/home/kylan/projects/df-fake-dash/src/components/ui/Badge.tsx","all":false,"statementMap":{"9":{"start":{"line":10,"column":0},"end":{"line":10,"column":52}},"10":{"start":{"line":11,"column":0},"end":{"line":11,"column":18}},"11":{"start":{"line":12,"column":0},"end":{"line":12,"column":22}},"12":{"start":{"line":13,"column":0},"end":{"line":13,"column":17}},"13":{"start":{"line":14,"column":0},"end":{"line":14,"column":1}},"15":{"start":{"line":16,"column":0},"end":{"line":16,"column":66}},"16":{"start":{"line":17,"column":0},"end":{"line":17,"column":10}},"17":{"start":{"line":18,"column":0},"end":{"line":18,"column":9}},"18":{"start":{"line":19,"column":0},"end":{"line":19,"column":27}},"19":{"start":{"line":20,"column":0},"end":{"line":20,"column":26}},"20":{"start":{"line":21,"column":0},"end":{"line":21,"column":14}},"21":{"start":{"line":22,"column":0},"end":{"line":22,"column":32}},"22":{"start":{"line":23,"column":0},"end":{"line":23,"column":17}},"23":{"start":{"line":24,"column":0},"end":{"line":24,"column":18}},"24":{"start":{"line":25,"column":0},"end":{"line":25,"column":28}},"25":{"start":{"line":26,"column":0},"end":{"line":26,"column":47}},"26":{"start":{"line":27,"column":0},"end":{"line":27,"column":22}},"27":{"start":{"line":28,"column":0},"end":{"line":28,"column":8}},"28":{"start":{"line":29,"column":0},"end":{"line":29,"column":6}},"30":{"start":{"line":31,"column":0},"end":{"line":31,"column":1}},"34":{"start":{"line":35,"column":0},"end":{"line":35,"column":96}},"35":{"start":{"line":36,"column":0},"end":{"line":36,"column":82}},"36":{"start":{"line":37,"column":0},"end":{"line":37,"column":81}},"37":{"start":{"line":38,"column":0},"end":{"line":38,"column":81}},"38":{"start":{"line":39,"column":0},"end":{"line":39,"column":1}},"44":{"start":{"line":45,"column":0},"end":{"line":45,"column":59}},"45":{"start":{"line":46,"column":0},"end":{"line":46,"column":58}},"46":{"start":{"line":47,"column":0},"end":{"line":47,"column":10}},"47":{"start":{"line":48,"column":0},"end":{"line":48,"column":9}},"48":{"start":{"line":49,"column":0},"end":{"line":49,"column":76}},"49":{"start":{"line":50,"column":0},"end":{"line":50,"column":52}},"51":{"start":{"line":52,"column":0},"end":{"line":52,"column":11}},"52":{"start":{"line":53,"column":0},"end":{"line":53,"column":16}},"53":{"start":{"line":54,"column":0},"end":{"line":54,"column":34}},"54":{"start":{"line":55,"column":0},"end":{"line":55,"column":19}},"55":{"start":{"line":56,"column":0},"end":{"line":56,"column":20}},"56":{"start":{"line":57,"column":0},"end":{"line":57,"column":30}},"57":{"start":{"line":58,"column":0},"end":{"line":58,"column":33}},"58":{"start":{"line":59,"column":0},"end":{"line":59,"column":24}},"59":{"start":{"line":60,"column":0},"end":{"line":60,"column":10}},"60":{"start":{"line":61,"column":0},"end":{"line":61,"column":8}},"61":{"start":{"line":62,"column":0},"end":{"line":62,"column":11}},"62":{"start":{"line":63,"column":0},"end":{"line":63,"column":33}},"63":{"start":{"line":64,"column":0},"end":{"line":64,"column":63}},"65":{"start":{"line":66,"column":0},"end":{"line":66,"column":15}},"66":{"start":{"line":67,"column":0},"end":{"line":67,"column":13}},"67":{"start":{"line":68,"column":0},"end":{"line":68,"column":11}},"69":{"start":{"line":70,"column":0},"end":{"line":70,"column":1}},"73":{"start":{"line":74,"column":0},"end":{"line":74,"column":21}},"74":{"start":{"line":75,"column":0},"end":{"line":75,"column":87}},"75":{"start":{"line":76,"column":0},"end":{"line":76,"column":87}},"76":{"start":{"line":77,"column":0},"end":{"line":77,"column":1}},"82":{"start":{"line":83,"column":0},"end":{"line":83,"column":67}},"83":{"start":{"line":84,"column":0},"end":{"line":84,"column":55}},"84":{"start":{"line":85,"column":0},"end":{"line":85,"column":10}},"85":{"start":{"line":86,"column":0},"end":{"line":86,"column":9}},"86":{"start":{"line":87,"column":0},"end":{"line":87,"column":70}},"87":{"start":{"line":88,"column":0},"end":{"line":88,"column":14}},"88":{"start":{"line":89,"column":0},"end":{"line":89,"column":28}},"89":{"start":{"line":90,"column":0},"end":{"line":90,"column":14}},"90":{"start":{"line":91,"column":0},"end":{"line":91,"column":21}},"91":{"start":{"line":92,"column":0},"end":{"line":92,"column":24}},"92":{"start":{"line":93,"column":0},"end":{"line":93,"column":31}},"93":{"start":{"line":94,"column":0},"end":{"line":94,"column":25}},"94":{"start":{"line":95,"column":0},"end":{"line":95,"column":22}},"95":{"start":{"line":96,"column":0},"end":{"line":96,"column":14}},"96":{"start":{"line":97,"column":0},"end":{"line":97,"column":8}},"98":{"start":{"line":99,"column":0},"end":{"line":99,"column":13}},"99":{"start":{"line":100,"column":0},"end":{"line":100,"column":11}},"101":{"start":{"line":102,"column":0},"end":{"line":102,"column":1}},"107":{"start":{"line":108,"column":0},"end":{"line":108,"column":83}},"108":{"start":{"line":109,"column":0},"end":{"line":109,"column":65}},"109":{"start":{"line":110,"column":0},"end":{"line":110,"column":65}},"110":{"start":{"line":111,"column":0},"end":{"line":111,"column":65}},"111":{"start":{"line":112,"column":0},"end":{"line":112,"column":65}},"112":{"start":{"line":113,"column":0},"end":{"line":113,"column":1}},"119":{"start":{"line":120,"column":0},"end":{"line":120,"column":72}},"120":{"start":{"line":121,"column":0},"end":{"line":121,"column":47}},"121":{"start":{"line":122,"column":0},"end":{"line":122,"column":10}},"122":{"start":{"line":123,"column":0},"end":{"line":123,"column":9}},"123":{"start":{"line":124,"column":0},"end":{"line":124,"column":84}},"124":{"start":{"line":125,"column":0},"end":{"line":125,"column":126}},"126":{"start":{"line":127,"column":0},"end":{"line":127,"column":13}},"127":{"start":{"line":128,"column":0},"end":{"line":128,"column":11}},"129":{"start":{"line":130,"column":0},"end":{"line":130,"column":1}},"135":{"start":{"line":136,"column":0},"end":{"line":136,"column":101}},"136":{"start":{"line":137,"column":0},"end":{"line":137,"column":87}},"137":{"start":{"line":138,"column":0},"end":{"line":138,"column":87}},"138":{"start":{"line":139,"column":0},"end":{"line":139,"column":87}},"139":{"start":{"line":140,"column":0},"end":{"line":140,"column":87}},"140":{"start":{"line":141,"column":0},"end":{"line":141,"column":87}},"141":{"start":{"line":142,"column":0},"end":{"line":142,"column":87}},"142":{"start":{"line":143,"column":0},"end":{"line":143,"column":1}},"148":{"start":{"line":149,"column":0},"end":{"line":149,"column":85}},"149":{"start":{"line":150,"column":0},"end":{"line":150,"column":57}},"150":{"start":{"line":151,"column":0},"end":{"line":151,"column":10}},"151":{"start":{"line":152,"column":0},"end":{"line":152,"column":9}},"152":{"start":{"line":153,"column":0},"end":{"line":153,"column":84}},"153":{"start":{"line":154,"column":0},"end":{"line":154,"column":126}},"155":{"start":{"line":156,"column":0},"end":{"line":156,"column":13}},"156":{"start":{"line":157,"column":0},"end":{"line":157,"column":11}},"158":{"start":{"line":159,"column":0},"end":{"line":159,"column":1}},"164":{"start":{"line":165,"column":0},"end":{"line":165,"column":88}},"165":{"start":{"line":166,"column":0},"end":{"line":166,"column":64}},"166":{"start":{"line":167,"column":0},"end":{"line":167,"column":64}},"167":{"start":{"line":168,"column":0},"end":{"line":168,"column":64}},"168":{"start":{"line":169,"column":0},"end":{"line":169,"column":1}},"174":{"start":{"line":175,"column":0},"end":{"line":175,"column":81}},"175":{"start":{"line":176,"column":0},"end":{"line":176,"column":46}},"176":{"start":{"line":177,"column":0},"end":{"line":177,"column":10}},"177":{"start":{"line":178,"column":0},"end":{"line":178,"column":9}},"178":{"start":{"line":179,"column":0},"end":{"line":179,"column":84}},"179":{"start":{"line":180,"column":0},"end":{"line":180,"column":126}},"181":{"start":{"line":182,"column":0},"end":{"line":182,"column":14}},"182":{"start":{"line":183,"column":0},"end":{"line":183,"column":11}},"184":{"start":{"line":185,"column":0},"end":{"line":185,"column":1}},"190":{"start":{"line":191,"column":0},"end":{"line":191,"column":71}},"191":{"start":{"line":192,"column":0},"end":{"line":192,"column":64}},"192":{"start":{"line":193,"column":0},"end":{"line":193,"column":64}},"193":{"start":{"line":194,"column":0},"end":{"line":194,"column":64}},"194":{"start":{"line":195,"column":0},"end":{"line":195,"column":1}},"200":{"start":{"line":201,"column":0},"end":{"line":201,"column":64}},"201":{"start":{"line":202,"column":0},"end":{"line":202,"column":42}},"202":{"start":{"line":203,"column":0},"end":{"line":203,"column":10}},"203":{"start":{"line":204,"column":0},"end":{"line":204,"column":9}},"204":{"start":{"line":205,"column":0},"end":{"line":205,"column":84}},"205":{"start":{"line":206,"column":0},"end":{"line":206,"column":126}},"207":{"start":{"line":208,"column":0},"end":{"line":208,"column":13}},"208":{"start":{"line":209,"column":0},"end":{"line":209,"column":11}},"210":{"start":{"line":211,"column":0},"end":{"line":211,"column":1}},"216":{"start":{"line":217,"column":0},"end":{"line":217,"column":78}},"217":{"start":{"line":218,"column":0},"end":{"line":218,"column":62}},"218":{"start":{"line":219,"column":0},"end":{"line":219,"column":62}},"219":{"start":{"line":220,"column":0},"end":{"line":220,"column":1}},"225":{"start":{"line":226,"column":0},"end":{"line":226,"column":73}},"226":{"start":{"line":227,"column":0},"end":{"line":227,"column":46}},"227":{"start":{"line":228,"column":0},"end":{"line":228,"column":10}},"228":{"start":{"line":229,"column":0},"end":{"line":229,"column":9}},"229":{"start":{"line":230,"column":0},"end":{"line":230,"column":84}},"230":{"start":{"line":231,"column":0},"end":{"line":231,"column":127}},"232":{"start":{"line":233,"column":0},"end":{"line":233,"column":14}},"233":{"start":{"line":234,"column":0},"end":{"line":234,"column":11}},"235":{"start":{"line":236,"column":0},"end":{"line":236,"column":1}},"243":{"start":{"line":244,"column":0},"end":{"line":244,"column":56}},"244":{"start":{"line":245,"column":0},"end":{"line":245,"column":10}},"245":{"start":{"line":246,"column":0},"end":{"line":246,"column":9}},"246":{"start":{"line":247,"column":0},"end":{"line":247,"column":84}},"247":{"start":{"line":248,"column":0},"end":{"line":248,"column":14}},"248":{"start":{"line":249,"column":0},"end":{"line":249,"column":35}},"249":{"start":{"line":250,"column":0},"end":{"line":250,"column":25}},"250":{"start":{"line":251,"column":0},"end":{"line":251,"column":20}},"251":{"start":{"line":252,"column":0},"end":{"line":252,"column":32}},"252":{"start":{"line":253,"column":0},"end":{"line":253,"column":21}},"253":{"start":{"line":254,"column":0},"end":{"line":254,"column":19}},"254":{"start":{"line":255,"column":0},"end":{"line":255,"column":25}},"255":{"start":{"line":256,"column":0},"end":{"line":256,"column":8}},"257":{"start":{"line":258,"column":0},"end":{"line":258,"column":34}},"258":{"start":{"line":259,"column":0},"end":{"line":259,"column":11}},"260":{"start":{"line":261,"column":0},"end":{"line":261,"column":1}},"268":{"start":{"line":269,"column":0},"end":{"line":269,"column":58}},"269":{"start":{"line":270,"column":0},"end":{"line":270,"column":10}},"270":{"start":{"line":271,"column":0},"end":{"line":271,"column":9}},"271":{"start":{"line":272,"column":0},"end":{"line":272,"column":83}},"272":{"start":{"line":273,"column":0},"end":{"line":273,"column":14}},"273":{"start":{"line":274,"column":0},"end":{"line":274,"column":43}},"274":{"start":{"line":275,"column":0},"end":{"line":275,"column":49}},"275":{"start":{"line":276,"column":0},"end":{"line":276,"column":49}},"276":{"start":{"line":277,"column":0},"end":{"line":277,"column":25}},"277":{"start":{"line":278,"column":0},"end":{"line":278,"column":27}},"278":{"start":{"line":279,"column":0},"end":{"line":279,"column":21}},"279":{"start":{"line":280,"column":0},"end":{"line":280,"column":32}},"280":{"start":{"line":281,"column":0},"end":{"line":281,"column":8}},"282":{"start":{"line":283,"column":0},"end":{"line":283,"column":13}},"283":{"start":{"line":284,"column":0},"end":{"line":284,"column":11}},"285":{"start":{"line":286,"column":0},"end":{"line":286,"column":1}}},"s":{"9":1,"10":1,"11":1,"12":1,"13":1,"15":1,"16":54,"17":54,"18":54,"19":54,"20":54,"21":54,"22":54,"23":54,"24":54,"25":54,"26":54,"27":54,"28":54,"30":54,"34":1,"35":1,"36":1,"37":1,"38":1,"44":1,"45":6,"46":6,"47":6,"48":6,"49":6,"51":6,"52":6,"53":6,"54":6,"55":6,"56":6,"57":6,"58":6,"59":6,"60":6,"61":6,"62":6,"63":6,"65":6,"66":6,"67":6,"69":6,"73":1,"74":1,"75":1,"76":1,"82":1,"83":6,"84":6,"85":6,"86":6,"87":6,"88":6,"89":6,"90":6,"91":6,"92":6,"93":6,"94":6,"95":6,"96":6,"98":6,"99":6,"101":6,"107":1,"108":1,"109":1,"110":1,"111":1,"112":1,"119":1,"120":5,"121":5,"122":5,"123":5,"124":5,"126":5,"127":5,"129":5,"135":1,"136":1,"137":1,"138":1,"139":1,"140":1,"141":1,"142":1,"148":1,"149":8,"150":8,"151":8,"152":8,"153":8,"155":8,"156":8,"158":8,"164":1,"165":1,"166":1,"167":1,"168":1,"174":1,"175":4,"176":4,"177":4,"178":4,"179":4,"181":4,"182":4,"184":4,"190":1,"191":1,"192":1,"193":1,"194":1,"200":1,"201":5,"202":5,"203":5,"204":5,"205":5,"207":5,"208":5,"210":5,"216":1,"217":1,"218":1,"219":1,"225":1,"226":4,"227":4,"228":4,"229":4,"230":4,"232":4,"233":4,"235":4,"243":1,"244":4,"245":4,"246":4,"247":4,"248":4,"249":4,"250":4,"251":4,"252":4,"253":4,"254":4,"255":4,"257":4,"258":4,"260":4,"268":1,"269":2,"270":2,"271":2,"272":2,"273":2,"274":2,"275":2,"276":2,"277":2,"278":2,"279":2,"280":2,"282":2,"283":2,"285":2},"branchMap":{"0":{"type":"branch","line":16,"loc":{"start":{"line":16,"column":7},"end":{"line":31,"column":1}},"locations":[{"start":{"line":16,"column":7},"end":{"line":31,"column":1}}]},"1":{"type":"branch","line":45,"loc":{"start":{"line":45,"column":7},"end":{"line":70,"column":1}},"locations":[{"start":{"line":45,"column":7},"end":{"line":70,"column":1}}]},"2":{"type":"branch","line":83,"loc":{"start":{"line":83,"column":7},"end":{"line":102,"column":1}},"locations":[{"start":{"line":83,"column":7},"end":{"line":102,"column":1}}]},"3":{"type":"branch","line":120,"loc":{"start":{"line":120,"column":7},"end":{"line":130,"column":1}},"locations":[{"start":{"line":120,"column":7},"end":{"line":130,"column":1}}]},"4":{"type":"branch","line":149,"loc":{"start":{"line":149,"column":7},"end":{"line":159,"column":1}},"locations":[{"start":{"line":149,"column":7},"end":{"line":159,"column":1}}]},"5":{"type":"branch","line":175,"loc":{"start":{"line":175,"column":7},"end":{"line":185,"column":1}},"locations":[{"start":{"line":175,"column":7},"end":{"line":185,"column":1}}]},"6":{"type":"branch","line":201,"loc":{"start":{"line":201,"column":7},"end":{"line":211,"column":1}},"locations":[{"start":{"line":201,"column":7},"end":{"line":211,"column":1}}]},"7":{"type":"branch","line":226,"loc":{"start":{"line":226,"column":7},"end":{"line":236,"column":1}},"locations":[{"start":{"line":226,"column":7},"end":{"line":236,"column":1}}]},"8":{"type":"branch","line":244,"loc":{"start":{"line":244,"column":7},"end":{"line":261,"column":1}},"locations":[{"start":{"line":244,"column":7},"end":{"line":261,"column":1}}]},"9":{"type":"branch","line":258,"loc":{"start":{"line":258,"column":16},"end":{"line":258,"column":31}},"locations":[{"start":{"line":258,"column":16},"end":{"line":258,"column":31}}]},"10":{"type":"branch","line":258,"loc":{"start":{"line":258,"column":23},"end":{"line":258,"column":34}},"locations":[{"start":{"line":258,"column":23},"end":{"line":258,"column":34}}]},"11":{"type":"branch","line":269,"loc":{"start":{"line":269,"column":7},"end":{"line":286,"column":1}},"locations":[{"start":{"line":269,"column":7},"end":{"line":286,"column":1}}]}},"b":{"0":[54],"1":[6],"2":[6],"3":[5],"4":[8],"5":[4],"6":[5],"7":[4],"8":[4],"9":[3],"10":[1],"11":[2]},"fnMap":{"0":{"name":"StatusDot","decl":{"start":{"line":16,"column":7},"end":{"line":31,"column":1}},"loc":{"start":{"line":16,"column":7},"end":{"line":31,"column":1}},"line":16},"1":{"name":"StatusBadge","decl":{"start":{"line":45,"column":7},"end":{"line":70,"column":1}},"loc":{"start":{"line":45,"column":7},"end":{"line":70,"column":1}},"line":45},"2":{"name":"CertificateBadge","decl":{"start":{"line":83,"column":7},"end":{"line":102,"column":1}},"loc":{"start":{"line":83,"column":7},"end":{"line":102,"column":1}},"line":83},"3":{"name":"PercentageBadge","decl":{"start":{"line":120,"column":7},"end":{"line":130,"column":1}},"loc":{"start":{"line":120,"column":7},"end":{"line":130,"column":1}},"line":120},"4":{"name":"RemediationWorkflowBadge","decl":{"start":{"line":149,"column":7},"end":{"line":159,"column":1}},"loc":{"start":{"line":149,"column":7},"end":{"line":159,"column":1}},"line":149},"5":{"name":"ScannedCredentialBadge","decl":{"start":{"line":175,"column":7},"end":{"line":185,"column":1}},"loc":{"start":{"line":175,"column":7},"end":{"line":185,"column":1}},"line":175},"6":{"name":"RiskScoreBadge","decl":{"start":{"line":201,"column":7},"end":{"line":211,"column":1}},"loc":{"start":{"line":201,"column":7},"end":{"line":211,"column":1}},"line":201},"7":{"name":"ScannerStatusBadge","decl":{"start":{"line":226,"column":7},"end":{"line":236,"column":1}},"loc":{"start":{"line":226,"column":7},"end":{"line":236,"column":1}},"line":226},"8":{"name":"AlertBadge","decl":{"start":{"line":244,"column":7},"end":{"line":261,"column":1}},"loc":{"start":{"line":244,"column":7},"end":{"line":261,"column":1}},"line":244},"9":{"name":"AudienceTag","decl":{"start":{"line":269,"column":7},"end":{"line":286,"column":1}},"loc":{"start":{"line":269,"column":7},"end":{"line":286,"column":1}},"line":269}},"f":{"0":54,"1":6,"2":6,"3":5,"4":8,"5":4,"6":5,"7":4,"8":4,"9":2}}
,"/home/kylan/projects/df-fake-dash/src/components/ui/Breadcrumbs.tsx": {"path":"/home/kylan/projects/df-fake-dash/src/components/ui/Breadcrumbs.tsx","all":false,"statementMap":{"0":{"start":{"line":1,"column":0},"end":{"line":1,"column":32}},"2":{"start":{"line":3,"column":0},"end":{"line":3,"column":43}},"16":{"start":{"line":17,"column":0},"end":{"line":17,"column":58}},"17":{"start":{"line":18,"column":0},"end":{"line":18,"column":10}},"18":{"start":{"line":19,"column":0},"end":{"line":19,"column":82}},"19":{"start":{"line":20,"column":0},"end":{"line":20,"column":31}},"20":{"start":{"line":21,"column":0},"end":{"line":21,"column":45}},"21":{"start":{"line":22,"column":0},"end":{"line":22,"column":73}},"22":{"start":{"line":23,"column":0},"end":{"line":23,"column":45}},"23":{"start":{"line":24,"column":0},"end":{"line":24,"column":44}},"24":{"start":{"line":25,"column":0},"end":{"line":25,"column":61}},"26":{"start":{"line":27,"column":0},"end":{"line":27,"column":66}},"27":{"start":{"line":28,"column":0},"end":{"line":28,"column":17}},"28":{"start":{"line":29,"column":0},"end":{"line":29,"column":34}},"29":{"start":{"line":30,"column":0},"end":{"line":30,"column":69}},"30":{"start":{"line":31,"column":0},"end":{"line":31,"column":89}},"32":{"start":{"line":33,"column":0},"end":{"line":33,"column":24}},"33":{"start":{"line":34,"column":0},"end":{"line":34,"column":19}},"35":{"start":{"line":36,"column":0},"end":{"line":36,"column":94}},"36":{"start":{"line":37,"column":0},"end":{"line":37,"column":24}},"37":{"start":{"line":38,"column":0},"end":{"line":38,"column":17}},"40":{"start":{"line":41,"column":0},"end":{"line":41,"column":16}},"41":{"start":{"line":42,"column":0},"end":{"line":42,"column":28}},"42":{"start":{"line":43,"column":0},"end":{"line":43,"column":23}},"43":{"start":{"line":44,"column":0},"end":{"line":44,"column":27}},"44":{"start":{"line":45,"column":0},"end":{"line":45,"column":34}},"45":{"start":{"line":46,"column":0},"end":{"line":46,"column":25}},"46":{"start":{"line":47,"column":0},"end":{"line":47,"column":33}},"47":{"start":{"line":48,"column":0},"end":{"line":48,"column":59}},"48":{"start":{"line":49,"column":0},"end":{"line":49,"column":16}},"50":{"start":{"line":51,"column":0},"end":{"line":51,"column":17}},"51":{"start":{"line":52,"column":0},"end":{"line":52,"column":59}},"52":{"start":{"line":53,"column":0},"end":{"line":53,"column":22}},"53":{"start":{"line":54,"column":0},"end":{"line":54,"column":82}},"54":{"start":{"line":55,"column":0},"end":{"line":55,"column":31}},"55":{"start":{"line":56,"column":0},"end":{"line":56,"column":32}},"56":{"start":{"line":57,"column":0},"end":{"line":57,"column":30}},"57":{"start":{"line":58,"column":0},"end":{"line":58,"column":33}},"58":{"start":{"line":59,"column":0},"end":{"line":59,"column":16}},"60":{"start":{"line":61,"column":0},"end":{"line":61,"column":25}},"61":{"start":{"line":62,"column":0},"end":{"line":62,"column":40}},"62":{"start":{"line":63,"column":0},"end":{"line":63,"column":19}},"63":{"start":{"line":64,"column":0},"end":{"line":64,"column":21}},"65":{"start":{"line":66,"column":0},"end":{"line":66,"column":9}},"66":{"start":{"line":67,"column":0},"end":{"line":67,"column":10}},"68":{"start":{"line":69,"column":0},"end":{"line":69,"column":1}}},"s":{"0":1,"2":1,"16":1,"17":18,"18":18,"19":18,"20":30,"21":30,"22":30,"23":30,"24":30,"26":30,"27":2,"28":2,"29":2,"30":2,"32":2,"33":2,"35":26,"36":26,"37":26,"40":30,"41":30,"42":30,"43":12,"44":12,"45":12,"46":12,"47":12,"48":12,"50":30,"51":30,"52":30,"53":30,"54":30,"55":30,"56":30,"57":30,"58":30,"60":30,"61":30,"62":30,"63":30,"65":18,"66":18,"68":18},"branchMap":{"0":{"type":"branch","line":17,"loc":{"start":{"line":17,"column":7},"end":{"line":69,"column":1}},"locations":[{"start":{"line":17,"column":7},"end":{"line":69,"column":1}}]},"1":{"type":"branch","line":20,"loc":{"start":{"line":20,"column":17},"end":{"line":66,"column":7}},"locations":[{"start":{"line":20,"column":17},"end":{"line":66,"column":7}}]},"2":{"type":"branch","line":22,"loc":{"start":{"line":22,"column":32},"end":{"line":22,"column":64}},"locations":[{"start":{"line":22,"column":32},"end":{"line":22,"column":64}}]},"3":{"type":"branch","line":22,"loc":{"start":{"line":22,"column":39},"end":{"line":22,"column":73}},"locations":[{"start":{"line":22,"column":39},"end":{"line":22,"column":73}}]},"4":{"type":"branch","line":23,"loc":{"start":{"line":23,"column":27},"end":{"line":23,"column":42}},"locations":[{"start":{"line":23,"column":27},"end":{"line":23,"column":42}}]},"5":{"type":"branch","line":23,"loc":{"start":{"line":23,"column":36},"end":{"line":23,"column":45}},"locations":[{"start":{"line":23,"column":36},"end":{"line":23,"column":45}}]},"6":{"type":"branch","line":24,"loc":{"start":{"line":24,"column":30},"end":{"line":24,"column":42}},"locations":[{"start":{"line":24,"column":30},"end":{"line":24,"column":42}}]},"7":{"type":"branch","line":24,"loc":{"start":{"line":24,"column":37},"end":{"line":24,"column":44}},"locations":[{"start":{"line":24,"column":37},"end":{"line":24,"column":44}}]},"8":{"type":"branch","line":25,"loc":{"start":{"line":25,"column":35},"end":{"line":25,"column":53}},"locations":[{"start":{"line":25,"column":35},"end":{"line":25,"column":53}}]},"9":{"type":"branch","line":25,"loc":{"start":{"line":25,"column":42},"end":{"line":25,"column":61}},"locations":[{"start":{"line":25,"column":42},"end":{"line":25,"column":61}}]},"10":{"type":"branch","line":27,"loc":{"start":{"line":27,"column":31},"end":{"line":27,"column":50}},"locations":[{"start":{"line":27,"column":31},"end":{"line":27,"column":50}}]},"11":{"type":"branch","line":27,"loc":{"start":{"line":27,"column":43},"end":{"line":38,"column":17}},"locations":[{"start":{"line":27,"column":43},"end":{"line":38,"column":17}}]},"12":{"type":"branch","line":27,"loc":{"start":{"line":27,"column":55},"end":{"line":34,"column":19}},"locations":[{"start":{"line":27,"column":55},"end":{"line":34,"column":19}}]},"13":{"type":"branch","line":34,"loc":{"start":{"line":34,"column":10},"end":{"line":38,"column":17}},"locations":[{"start":{"line":34,"column":10},"end":{"line":38,"column":17}}]},"14":{"type":"branch","line":43,"loc":{"start":{"line":43,"column":17},"end":{"line":49,"column":16}},"locations":[{"start":{"line":43,"column":17},"end":{"line":49,"column":16}}]},"15":{"type":"branch","line":54,"loc":{"start":{"line":54,"column":33},"end":{"line":54,"column":68}},"locations":[{"start":{"line":54,"column":33},"end":{"line":54,"column":68}}]},"16":{"type":"branch","line":54,"loc":{"start":{"line":54,"column":42},"end":{"line":54,"column":82}},"locations":[{"start":{"line":54,"column":42},"end":{"line":54,"column":82}}]},"17":{"type":"branch","line":62,"loc":{"start":{"line":62,"column":21},"end":{"line":62,"column":40}},"locations":[{"start":{"line":62,"column":21},"end":{"line":62,"column":40}}]}},"b":{"0":[18],"1":[30],"2":[2],"3":[28],"4":[18],"5":[12],"6":[2],"7":[28],"8":[2],"9":[28],"10":[2],"11":[28],"12":[2],"13":[26],"14":[12],"15":[18],"16":[12],"17":[28]},"fnMap":{"0":{"name":"Breadcrumbs","decl":{"start":{"line":17,"column":7},"end":{"line":69,"column":1}},"loc":{"start":{"line":17,"column":7},"end":{"line":69,"column":1}},"line":17}},"f":{"0":18}}
,"/home/kylan/projects/df-fake-dash/src/components/ui/Button.tsx": {"path":"/home/kylan/projects/df-fake-dash/src/components/ui/Button.tsx","all":false,"statementMap":{"2":{"start":{"line":3,"column":0},"end":{"line":3,"column":29}},"18":{"start":{"line":19,"column":0},"end":{"line":19,"column":96}},"19":{"start":{"line":20,"column":0},"end":{"line":20,"column":70}},"20":{"start":{"line":21,"column":0},"end":{"line":21,"column":71}},"21":{"start":{"line":22,"column":0},"end":{"line":22,"column":103}},"22":{"start":{"line":23,"column":0},"end":{"line":23,"column":70}},"23":{"start":{"line":24,"column":0},"end":{"line":24,"column":103}},"24":{"start":{"line":25,"column":0},"end":{"line":25,"column":103}},"25":{"start":{"line":26,"column":0},"end":{"line":26,"column":1}},"27":{"start":{"line":28,"column":0},"end":{"line":28,"column":99}},"28":{"start":{"line":29,"column":0},"end":{"line":29,"column":57}},"29":{"start":{"line":30,"column":0},"end":{"line":30,"column":61}},"30":{"start":{"line":31,"column":0},"end":{"line":31,"column":1}},"32":{"start":{"line":33,"column":0},"end":{"line":33,"column":24}},"33":{"start":{"line":34,"column":0},"end":{"line":34,"column":11}},"34":{"start":{"line":35,"column":0},"end":{"line":35,"column":24}},"35":{"start":{"line":36,"column":0},"end":{"line":36,"column":14}},"36":{"start":{"line":37,"column":0},"end":{"line":37,"column":7}},"37":{"start":{"line":38,"column":0},"end":{"line":38,"column":10}},"38":{"start":{"line":39,"column":0},"end":{"line":39,"column":19}},"39":{"start":{"line":40,"column":0},"end":{"line":40,"column":18}},"40":{"start":{"line":41,"column":0},"end":{"line":41,"column":12}},"41":{"start":{"line":42,"column":0},"end":{"line":42,"column":17}},"42":{"start":{"line":43,"column":0},"end":{"line":43,"column":47}},"43":{"start":{"line":44,"column":0},"end":{"line":44,"column":110}},"45":{"start":{"line":46,"column":0},"end":{"line":46,"column":35}},"46":{"start":{"line":47,"column":0},"end":{"line":47,"column":35}},"48":{"start":{"line":49,"column":0},"end":{"line":49,"column":10}},"49":{"start":{"line":50,"column":0},"end":{"line":50,"column":11}},"50":{"start":{"line":51,"column":0},"end":{"line":51,"column":17}},"51":{"start":{"line":52,"column":0},"end":{"line":52,"column":23}},"52":{"start":{"line":53,"column":0},"end":{"line":53,"column":25}},"53":{"start":{"line":54,"column":0},"end":{"line":54,"column":20}},"54":{"start":{"line":55,"column":0},"end":{"line":55,"column":146}},"55":{"start":{"line":56,"column":0},"end":{"line":56,"column":36}},"56":{"start":{"line":57,"column":0},"end":{"line":57,"column":26}},"57":{"start":{"line":58,"column":0},"end":{"line":58,"column":52}},"58":{"start":{"line":59,"column":0},"end":{"line":59,"column":18}},"59":{"start":{"line":60,"column":0},"end":{"line":60,"column":8}},"60":{"start":{"line":61,"column":0},"end":{"line":61,"column":14}},"61":{"start":{"line":62,"column":0},"end":{"line":62,"column":28}},"62":{"start":{"line":63,"column":0},"end":{"line":63,"column":14}},"63":{"start":{"line":64,"column":0},"end":{"line":64,"column":43}},"64":{"start":{"line":65,"column":0},"end":{"line":65,"column":61}},"65":{"start":{"line":66,"column":0},"end":{"line":66,"column":17}},"66":{"start":{"line":67,"column":0},"end":{"line":67,"column":32}},"67":{"start":{"line":68,"column":0},"end":{"line":68,"column":24}},"68":{"start":{"line":69,"column":0},"end":{"line":69,"column":8}},"70":{"start":{"line":71,"column":0},"end":{"line":71,"column":55}},"71":{"start":{"line":72,"column":0},"end":{"line":72,"column":27}},"72":{"start":{"line":73,"column":0},"end":{"line":73,"column":13}},"74":{"start":{"line":75,"column":0},"end":{"line":75,"column":1}}},"s":{"2":1,"18":1,"19":1,"20":1,"21":1,"22":1,"23":1,"24":1,"25":1,"27":1,"28":1,"29":1,"30":1,"32":1,"33":35,"34":35,"35":35,"36":35,"37":35,"38":35,"39":35,"40":35,"41":35,"42":35,"43":35,"45":35,"46":35,"48":35,"49":35,"50":35,"51":35,"52":35,"53":35,"54":35,"55":35,"56":35,"57":35,"58":35,"59":35,"60":35,"61":35,"62":35,"63":35,"64":35,"65":35,"66":35,"67":35,"68":35,"70":35,"71":35,"72":35,"74":35},"branchMap":{"0":{"type":"branch","line":33,"loc":{"start":{"line":33,"column":7},"end":{"line":75,"column":1}},"locations":[{"start":{"line":33,"column":7},"end":{"line":75,"column":1}}]},"1":{"type":"branch","line":44,"loc":{"start":{"line":44,"column":67},"end":{"line":44,"column":98}},"locations":[{"start":{"line":44,"column":67},"end":{"line":44,"column":98}}]},"2":{"type":"branch","line":44,"loc":{"start":{"line":44,"column":89},"end":{"line":44,"column":105}},"locations":[{"start":{"line":44,"column":89},"end":{"line":44,"column":105}}]},"3":{"type":"branch","line":44,"loc":{"start":{"line":44,"column":98},"end":{"line":44,"column":109}},"locations":[{"start":{"line":44,"column":98},"end":{"line":44,"column":109}}]},"4":{"type":"branch","line":56,"loc":{"start":{"line":56,"column":8},"end":{"line":56,"column":36}},"locations":[{"start":{"line":56,"column":8},"end":{"line":56,"column":36}}]},"5":{"type":"branch","line":57,"loc":{"start":{"line":57,"column":8},"end":{"line":57,"column":26}},"locations":[{"start":{"line":57,"column":8},"end":{"line":57,"column":26}}]},"6":{"type":"branch","line":58,"loc":{"start":{"line":58,"column":8},"end":{"line":58,"column":52}},"locations":[{"start":{"line":58,"column":8},"end":{"line":58,"column":52}}]},"7":{"type":"branch","line":64,"loc":{"start":{"line":64,"column":19},"end":{"line":64,"column":33}},"locations":[{"start":{"line":64,"column":19},"end":{"line":64,"column":33}}]},"8":{"type":"branch","line":64,"loc":{"start":{"line":64,"column":28},"end":{"line":64,"column":43}},"locations":[{"start":{"line":64,"column":28},"end":{"line":64,"column":43}}]},"9":{"type":"branch","line":65,"loc":{"start":{"line":65,"column":17},"end":{"line":65,"column":38}},"locations":[{"start":{"line":65,"column":17},"end":{"line":65,"column":38}}]},"10":{"type":"branch","line":65,"loc":{"start":{"line":65,"column":26},"end":{"line":65,"column":61}},"locations":[{"start":{"line":65,"column":26},"end":{"line":65,"column":61}}]},"11":{"type":"branch","line":65,"loc":{"start":{"line":65,"column":38},"end":{"line":65,"column":53}},"locations":[{"start":{"line":65,"column":38},"end":{"line":65,"column":53}}]},"12":{"type":"branch","line":65,"loc":{"start":{"line":65,"column":47},"end":{"line":65,"column":61}},"locations":[{"start":{"line":65,"column":47},"end":{"line":65,"column":61}}]},"13":{"type":"branch","line":71,"loc":{"start":{"line":71,"column":7},"end":{"line":71,"column":55}},"locations":[{"start":{"line":71,"column":7},"end":{"line":71,"column":55}}]},"14":{"type":"branch","line":72,"loc":{"start":{"line":72,"column":8},"end":{"line":72,"column":27}},"locations":[{"start":{"line":72,"column":8},"end":{"line":72,"column":27}}]}},"b":{"0":[35],"1":[34],"2":[4],"3":[31],"4":[1],"5":[3],"6":[4],"7":[3],"8":[32],"9":[3],"10":[32],"11":[1],"12":[31],"13":[6],"14":[32]},"fnMap":{"0":{"name":"Button","decl":{"start":{"line":33,"column":7},"end":{"line":75,"column":1}},"loc":{"start":{"line":33,"column":7},"end":{"line":75,"column":1}},"line":33}},"f":{"0":35}}
,"/home/kylan/projects/df-fake-dash/src/components/ui/Card.tsx": {"path":"/home/kylan/projects/df-fake-dash/src/components/ui/Card.tsx","all":false,"statementMap":{"1":{"start":{"line":2,"column":0},"end":{"line":2,"column":29}},"8":{"start":{"line":9,"column":0},"end":{"line":9,"column":58}},"9":{"start":{"line":10,"column":0},"end":{"line":10,"column":10}},"10":{"start":{"line":11,"column":0},"end":{"line":11,"column":68}},"11":{"start":{"line":12,"column":0},"end":{"line":12,"column":16}},"12":{"start":{"line":13,"column":0},"end":{"line":13,"column":10}},"14":{"start":{"line":15,"column":0},"end":{"line":15,"column":1}}},"s":{"1":1,"8":1,"9":4,"10":4,"11":4,"12":4,"14":4},"branchMap":{"0":{"type":"branch","line":9,"loc":{"start":{"line":9,"column":7},"end":{"line":15,"column":1}},"locations":[{"start":{"line":9,"column":7},"end":{"line":15,"column":1}}]}},"b":{"0":[4]},"fnMap":{"0":{"name":"Card","decl":{"start":{"line":9,"column":7},"end":{"line":15,"column":1}},"loc":{"start":{"line":9,"column":7},"end":{"line":15,"column":1}},"line":9}},"f":{"0":4}}
,"/home/kylan/projects/df-fake-dash/src/components/ui/CodeBlock.tsx": {"path":"/home/kylan/projects/df-fake-dash/src/components/ui/CodeBlock.tsx","all":false,"statementMap":{"0":{"start":{"line":1,"column":0},"end":{"line":1,"column":55}},"7":{"start":{"line":8,"column":0},"end":{"line":8,"column":53}},"8":{"start":{"line":9,"column":0},"end":{"line":9,"column":10}},"9":{"start":{"line":10,"column":0},"end":{"line":10,"column":48}},"10":{"start":{"line":11,"column":0},"end":{"line":11,"column":10}},"11":{"start":{"line":12,"column":0},"end":{"line":12,"column":57}},"12":{"start":{"line":13,"column":0},"end":{"line":13,"column":46}},"14":{"start":{"line":15,"column":0},"end":{"line":15,"column":12}},"15":{"start":{"line":16,"column":0},"end":{"line":16,"column":61}},"16":{"start":{"line":17,"column":0},"end":{"line":17,"column":112}},"18":{"start":{"line":19,"column":0},"end":{"line":19,"column":16}},"19":{"start":{"line":20,"column":0},"end":{"line":20,"column":14}},"20":{"start":{"line":21,"column":0},"end":{"line":21,"column":12}},"21":{"start":{"line":22,"column":0},"end":{"line":22,"column":11}},"22":{"start":{"line":23,"column":0},"end":{"line":23,"column":78}},"23":{"start":{"line":24,"column":0},"end":{"line":24,"column":12}},"24":{"start":{"line":25,"column":0},"end":{"line":25,"column":10}},"26":{"start":{"line":27,"column":0},"end":{"line":27,"column":1}}},"s":{"0":1,"7":1,"8":6,"9":6,"10":6,"11":6,"12":6,"14":6,"15":6,"16":6,"18":6,"19":6,"20":6,"21":6,"22":6,"23":6,"24":6,"26":6},"branchMap":{"0":{"type":"branch","line":8,"loc":{"start":{"line":8,"column":7},"end":{"line":27,"column":1}},"locations":[{"start":{"line":8,"column":7},"end":{"line":27,"column":1}}]}},"b":{"0":[6]},"fnMap":{"0":{"name":"CodeBlock","decl":{"start":{"line":8,"column":7},"end":{"line":27,"column":1}},"loc":{"start":{"line":8,"column":7},"end":{"line":27,"column":1}},"line":8}},"f":{"0":6}}
,"/home/kylan/projects/df-fake-dash/src/components/ui/CopyButton.tsx": {"path":"/home/kylan/projects/df-fake-dash/src/components/ui/CopyButton.tsx","all":false,"statementMap":{"0":{"start":{"line":1,"column":0},"end":{"line":1,"column":32}},"1":{"start":{"line":2,"column":0},"end":{"line":2,"column":42}},"9":{"start":{"line":10,"column":0},"end":{"line":10,"column":28}},"10":{"start":{"line":11,"column":0},"end":{"line":11,"column":8}},"11":{"start":{"line":12,"column":0},"end":{"line":12,"column":17}},"12":{"start":{"line":13,"column":0},"end":{"line":13,"column":26}},"13":{"start":{"line":14,"column":0},"end":{"line":14,"column":21}},"14":{"start":{"line":15,"column":0},"end":{"line":15,"column":45}},"16":{"start":{"line":17,"column":0},"end":{"line":17,"column":28}},"17":{"start":{"line":18,"column":0},"end":{"line":18,"column":58}},"18":{"start":{"line":19,"column":0},"end":{"line":19,"column":21}},"19":{"start":{"line":20,"column":0},"end":{"line":20,"column":46}},"20":{"start":{"line":21,"column":0},"end":{"line":21,"column":6}},"21":{"start":{"line":22,"column":0},"end":{"line":22,"column":3}},"23":{"start":{"line":24,"column":0},"end":{"line":24,"column":10}},"24":{"start":{"line":25,"column":0},"end":{"line":25,"column":11}},"25":{"start":{"line":26,"column":0},"end":{"line":26,"column":26}},"26":{"start":{"line":27,"column":0},"end":{"line":27,"column":47}},"27":{"start":{"line":28,"column":0},"end":{"line":28,"column":130}},"28":{"start":{"line":29,"column":0},"end":{"line":29,"column":88}},"30":{"start":{"line":31,"column":0},"end":{"line":31,"column":17}},"31":{"start":{"line":32,"column":0},"end":{"line":32,"column":48}},"33":{"start":{"line":34,"column":0},"end":{"line":34,"column":47}},"35":{"start":{"line":36,"column":0},"end":{"line":36,"column":36}},"36":{"start":{"line":37,"column":0},"end":{"line":37,"column":13}},"38":{"start":{"line":39,"column":0},"end":{"line":39,"column":1}}},"s":{"0":1,"1":1,"9":1,"10":17,"11":17,"12":17,"13":17,"14":17,"16":17,"17":4,"18":4,"19":4,"20":4,"21":4,"23":17,"24":17,"25":17,"26":17,"27":17,"28":17,"30":17,"31":4,"33":13,"35":17,"36":17,"38":17},"branchMap":{"0":{"type":"branch","line":10,"loc":{"start":{"line":10,"column":7},"end":{"line":39,"column":1}},"locations":[{"start":{"line":10,"column":7},"end":{"line":39,"column":1}}]},"1":{"type":"branch","line":27,"loc":{"start":{"line":27,"column":18},"end":{"line":27,"column":41}},"locations":[{"start":{"line":27,"column":18},"end":{"line":27,"column":41}}]},"2":{"type":"branch","line":27,"loc":{"start":{"line":27,"column":27},"end":{"line":27,"column":47}},"locations":[{"start":{"line":27,"column":27},"end":{"line":27,"column":47}}]},"3":{"type":"branch","line":31,"loc":{"start":{"line":31,"column":7},"end":{"line":32,"column":48}},"locations":[{"start":{"line":31,"column":7},"end":{"line":32,"column":48}}]},"4":{"type":"branch","line":32,"loc":{"start":{"line":32,"column":46},"end":{"line":34,"column":47}},"locations":[{"start":{"line":32,"column":46},"end":{"line":34,"column":47}}]},"5":{"type":"branch","line":36,"loc":{"start":{"line":36,"column":7},"end":{"line":36,"column":30}},"locations":[{"start":{"line":36,"column":7},"end":{"line":36,"column":30}}]},"6":{"type":"branch","line":36,"loc":{"start":{"line":36,"column":16},"end":{"line":36,"column":36}},"locations":[{"start":{"line":36,"column":16},"end":{"line":36,"column":36}}]},"7":{"type":"branch","line":17,"loc":{"start":{"line":17,"column":21},"end":{"line":22,"column":3}},"locations":[{"start":{"line":17,"column":21},"end":{"line":22,"column":3}}]},"8":{"type":"branch","line":18,"loc":{"start":{"line":18,"column":51},"end":{"line":21,"column":5}},"locations":[{"start":{"line":18,"column":51},"end":{"line":21,"column":5}}]},"9":{"type":"branch","line":20,"loc":{"start":{"line":20,"column":17},"end":{"line":20,"column":41}},"locations":[{"start":{"line":20,"column":17},"end":{"line":20,"column":41}}]}},"b":{"0":[17],"1":[4],"2":[13],"3":[4],"4":[13],"5":[4],"6":[13],"7":[4],"8":[4],"9":[1]},"fnMap":{"0":{"name":"CopyButton","decl":{"start":{"line":10,"column":7},"end":{"line":39,"column":1}},"loc":{"start":{"line":10,"column":7},"end":{"line":39,"column":1}},"line":10},"1":{"name":"handleCopy","decl":{"start":{"line":17,"column":21},"end":{"line":22,"column":3}},"loc":{"start":{"line":17,"column":21},"end":{"line":22,"column":3}},"line":17}},"f":{"0":17,"1":4}}
,"/home/kylan/projects/df-fake-dash/src/components/ui/Dialog.tsx": {"path":"/home/kylan/projects/df-fake-dash/src/components/ui/Dialog.tsx","all":false,"statementMap":{"1":{"start":{"line":2,"column":0},"end":{"line":2,"column":32}},"2":{"start":{"line":3,"column":0},"end":{"line":3,"column":29}},"13":{"start":{"line":14,"column":0},"end":{"line":14,"column":93}},"14":{"start":{"line":15,"column":0},"end":{"line":15,"column":10}},"15":{"start":{"line":16,"column":0},"end":{"line":16,"column":8}},"16":{"start":{"line":17,"column":0},"end":{"line":17,"column":84}},"18":{"start":{"line":19,"column":0},"end":{"line":19,"column":9}},"19":{"start":{"line":20,"column":0},"end":{"line":20,"column":47}},"20":{"start":{"line":21,"column":0},"end":{"line":21,"column":50}},"22":{"start":{"line":23,"column":0},"end":{"line":23,"column":15}},"23":{"start":{"line":24,"column":0},"end":{"line":24,"column":11}},"24":{"start":{"line":25,"column":0},"end":{"line":25,"column":23}},"25":{"start":{"line":26,"column":0},"end":{"line":26,"column":10}},"26":{"start":{"line":27,"column":0},"end":{"line":27,"column":42}},"27":{"start":{"line":28,"column":0},"end":{"line":28,"column":52}},"29":{"start":{"line":30,"column":0},"end":{"line":30,"column":23}},"30":{"start":{"line":31,"column":0},"end":{"line":31,"column":12}},"32":{"start":{"line":33,"column":0},"end":{"line":33,"column":19}},"33":{"start":{"line":34,"column":0},"end":{"line":34,"column":15}},"34":{"start":{"line":35,"column":0},"end":{"line":35,"column":23}},"35":{"start":{"line":36,"column":0},"end":{"line":36,"column":27}},"36":{"start":{"line":37,"column":0},"end":{"line":37,"column":35}},"37":{"start":{"line":38,"column":0},"end":{"line":38,"column":131}},"38":{"start":{"line":39,"column":0},"end":{"line":39,"column":38}},"40":{"start":{"line":41,"column":0},"end":{"line":41,"column":25}},"41":{"start":{"line":42,"column":0},"end":{"line":42,"column":17}},"43":{"start":{"line":44,"column":0},"end":{"line":44,"column":10}},"45":{"start":{"line":46,"column":0},"end":{"line":46,"column":1}},"54":{"start":{"line":55,"column":0},"end":{"line":55,"column":74}},"55":{"start":{"line":56,"column":0},"end":{"line":56,"column":10}},"56":{"start":{"line":57,"column":0},"end":{"line":57,"column":8}},"57":{"start":{"line":58,"column":0},"end":{"line":58,"column":20}},"58":{"start":{"line":59,"column":0},"end":{"line":59,"column":82}},"59":{"start":{"line":60,"column":0},"end":{"line":60,"column":18}},"60":{"start":{"line":61,"column":0},"end":{"line":61,"column":8}},"62":{"start":{"line":63,"column":0},"end":{"line":63,"column":16}},"63":{"start":{"line":64,"column":0},"end":{"line":64,"column":10}},"65":{"start":{"line":66,"column":0},"end":{"line":66,"column":1}}},"s":{"1":1,"2":1,"13":1,"14":8,"15":8,"16":8,"18":8,"19":8,"20":8,"22":8,"23":8,"24":8,"25":1,"26":1,"27":1,"29":1,"30":1,"32":8,"33":2,"34":2,"35":2,"36":2,"37":2,"38":2,"40":2,"41":2,"43":8,"45":8,"54":1,"55":3,"56":3,"57":3,"58":3,"59":3,"60":3,"62":3,"63":3,"65":3},"branchMap":{"0":{"type":"branch","line":14,"loc":{"start":{"line":14,"column":7},"end":{"line":46,"column":1}},"locations":[{"start":{"line":14,"column":7},"end":{"line":46,"column":1}}]},"1":{"type":"branch","line":25,"loc":{"start":{"line":25,"column":7},"end":{"line":31,"column":12}},"locations":[{"start":{"line":25,"column":7},"end":{"line":31,"column":12}}]},"2":{"type":"branch","line":33,"loc":{"start":{"line":33,"column":7},"end":{"line":42,"column":17}},"locations":[{"start":{"line":33,"column":7},"end":{"line":42,"column":17}}]},"3":{"type":"branch","line":55,"loc":{"start":{"line":55,"column":7},"end":{"line":66,"column":1}},"locations":[{"start":{"line":55,"column":7},"end":{"line":66,"column":1}}]}},"b":{"0":[8],"1":[1],"2":[2],"3":[3]},"fnMap":{"0":{"name":"DialogHeader","decl":{"start":{"line":14,"column":7},"end":{"line":46,"column":1}},"loc":{"start":{"line":14,"column":7},"end":{"line":46,"column":1}},"line":14},"1":{"name":"DialogFooter","decl":{"start":{"line":55,"column":7},"end":{"line":66,"column":1}},"loc":{"start":{"line":55,"column":7},"end":{"line":66,"column":1}},"line":55}},"f":{"0":8,"1":3}}
,"/home/kylan/projects/df-fake-dash/src/components/ui/FlyoverHeader.tsx": {"path":"/home/kylan/projects/df-fake-dash/src/components/ui/FlyoverHeader.tsx","all":false,"statementMap":{"1":{"start":{"line":2,"column":0},"end":{"line":2,"column":32}},"2":{"start":{"line":3,"column":0},"end":{"line":3,"column":29}},"11":{"start":{"line":12,"column":0},"end":{"line":12,"column":91}},"12":{"start":{"line":13,"column":0},"end":{"line":13,"column":10}},"13":{"start":{"line":14,"column":0},"end":{"line":14,"column":81}},"14":{"start":{"line":15,"column":0},"end":{"line":15,"column":81}},"15":{"start":{"line":16,"column":0},"end":{"line":16,"column":15}},"16":{"start":{"line":17,"column":0},"end":{"line":17,"column":13}},"17":{"start":{"line":18,"column":0},"end":{"line":18,"column":47}},"18":{"start":{"line":19,"column":0},"end":{"line":19,"column":17}},"19":{"start":{"line":20,"column":0},"end":{"line":20,"column":21}},"20":{"start":{"line":21,"column":0},"end":{"line":21,"column":17}},"21":{"start":{"line":22,"column":0},"end":{"line":22,"column":25}},"22":{"start":{"line":23,"column":0},"end":{"line":23,"column":29}},"23":{"start":{"line":24,"column":0},"end":{"line":24,"column":36}},"24":{"start":{"line":25,"column":0},"end":{"line":25,"column":112}},"25":{"start":{"line":26,"column":0},"end":{"line":26,"column":40}},"27":{"start":{"line":28,"column":0},"end":{"line":28,"column":27}},"28":{"start":{"line":29,"column":0},"end":{"line":29,"column":19}},"30":{"start":{"line":31,"column":0},"end":{"line":31,"column":12}},"31":{"start":{"line":32,"column":0},"end":{"line":32,"column":10}},"33":{"start":{"line":34,"column":0},"end":{"line":34,"column":1}}},"s":{"1":1,"2":1,"11":1,"12":7,"13":7,"14":7,"15":7,"16":7,"17":7,"18":7,"19":7,"20":2,"21":2,"22":2,"23":2,"24":2,"25":2,"27":2,"28":2,"30":7,"31":7,"33":7},"branchMap":{"0":{"type":"branch","line":12,"loc":{"start":{"line":12,"column":7},"end":{"line":34,"column":1}},"locations":[{"start":{"line":12,"column":7},"end":{"line":34,"column":1}}]},"1":{"type":"branch","line":20,"loc":{"start":{"line":20,"column":9},"end":{"line":29,"column":19}},"locations":[{"start":{"line":20,"column":9},"end":{"line":29,"column":19}}]}},"b":{"0":[7],"1":[2]},"fnMap":{"0":{"name":"FlyoverHeader","decl":{"start":{"line":12,"column":7},"end":{"line":34,"column":1}},"loc":{"start":{"line":12,"column":7},"end":{"line":34,"column":1}},"line":12}},"f":{"0":7}}
,"/home/kylan/projects/df-fake-dash/src/components/ui/FormField.tsx": {"path":"/home/kylan/projects/df-fake-dash/src/components/ui/FormField.tsx","all":false,"statementMap":{"1":{"start":{"line":2,"column":0},"end":{"line":2,"column":29}},"2":{"start":{"line":3,"column":0},"end":{"line":3,"column":61}},"14":{"start":{"line":15,"column":0},"end":{"line":15,"column":27}},"15":{"start":{"line":16,"column":0},"end":{"line":16,"column":8}},"16":{"start":{"line":17,"column":0},"end":{"line":17,"column":10}},"17":{"start":{"line":18,"column":0},"end":{"line":18,"column":22}},"18":{"start":{"line":19,"column":0},"end":{"line":19,"column":11}},"19":{"start":{"line":20,"column":0},"end":{"line":20,"column":12}},"20":{"start":{"line":21,"column":0},"end":{"line":21,"column":20}},"21":{"start":{"line":22,"column":0},"end":{"line":22,"column":10}},"22":{"start":{"line":23,"column":0},"end":{"line":23,"column":92}},"23":{"start":{"line":24,"column":0},"end":{"line":24,"column":17}},"24":{"start":{"line":25,"column":0},"end":{"line":25,"column":13}},"25":{"start":{"line":26,"column":0},"end":{"line":26,"column":43}},"26":{"start":{"line":27,"column":0},"end":{"line":27,"column":18}},"27":{"start":{"line":28,"column":0},"end":{"line":28,"column":25}},"28":{"start":{"line":29,"column":0},"end":{"line":29,"column":35}},"29":{"start":{"line":30,"column":0},"end":{"line":30,"column":29}},"30":{"start":{"line":31,"column":0},"end":{"line":31,"column":28}},"31":{"start":{"line":32,"column":0},"end":{"line":32,"column":12}},"33":{"start":{"line":34,"column":0},"end":{"line":34,"column":17}},"34":{"start":{"line":35,"column":0},"end":{"line":35,"column":15}},"36":{"start":{"line":37,"column":0},"end":{"line":37,"column":16}},"37":{"start":{"line":38,"column":0},"end":{"line":38,"column":19}},"38":{"start":{"line":39,"column":0},"end":{"line":39,"column":67}},"40":{"start":{"line":41,"column":0},"end":{"line":41,"column":10}},"42":{"start":{"line":43,"column":0},"end":{"line":43,"column":1}}},"s":{"1":1,"2":1,"14":1,"15":9,"16":9,"17":9,"18":9,"19":9,"20":9,"21":9,"22":9,"23":9,"24":2,"25":2,"26":2,"27":2,"28":2,"29":2,"30":2,"31":2,"33":2,"34":2,"36":9,"37":9,"38":3,"40":9,"42":9},"branchMap":{"0":{"type":"branch","line":15,"loc":{"start":{"line":15,"column":7},"end":{"line":43,"column":1}},"locations":[{"start":{"line":15,"column":7},"end":{"line":43,"column":1}}]},"1":{"type":"branch","line":23,"loc":{"start":{"line":23,"column":41},"end":{"line":23,"column":61}},"locations":[{"start":{"line":23,"column":41},"end":{"line":23,"column":61}}]},"2":{"type":"branch","line":23,"loc":{"start":{"line":23,"column":50},"end":{"line":23,"column":71}},"locations":[{"start":{"line":23,"column":50},"end":{"line":23,"column":71}}]},"3":{"type":"branch","line":23,"loc":{"start":{"line":23,"column":61},"end":{"line":23,"column":80}},"locations":[{"start":{"line":23,"column":61},"end":{"line":23,"column":80}}]},"4":{"type":"branch","line":24,"loc":{"start":{"line":24,"column":7},"end":{"line":35,"column":15}},"locations":[{"start":{"line":24,"column":7},"end":{"line":35,"column":15}}]},"5":{"type":"branch","line":38,"loc":{"start":{"line":38,"column":7},"end":{"line":39,"column":67}},"locations":[{"start":{"line":38,"column":7},"end":{"line":39,"column":67}}]}},"b":{"0":[9],"1":[7],"2":[5],"3":[4],"4":[2],"5":[3]},"fnMap":{"0":{"name":"FormField","decl":{"start":{"line":15,"column":7},"end":{"line":43,"column":1}},"loc":{"start":{"line":15,"column":7},"end":{"line":43,"column":1}},"line":15}},"f":{"0":9}}
,"/home/kylan/projects/df-fake-dash/src/components/ui/InfoGrid.tsx": {"path":"/home/kylan/projects/df-fake-dash/src/components/ui/InfoGrid.tsx","all":false,"statementMap":{"11":{"start":{"line":12,"column":0},"end":{"line":12,"column":52}},"12":{"start":{"line":13,"column":0},"end":{"line":13,"column":10}},"13":{"start":{"line":14,"column":0},"end":{"line":14,"column":53}},"14":{"start":{"line":15,"column":0},"end":{"line":15,"column":31}},"15":{"start":{"line":16,"column":0},"end":{"line":16,"column":62}},"16":{"start":{"line":17,"column":0},"end":{"line":17,"column":12}},"17":{"start":{"line":18,"column":0},"end":{"line":18,"column":63}},"18":{"start":{"line":19,"column":0},"end":{"line":19,"column":95}},"20":{"start":{"line":21,"column":0},"end":{"line":21,"column":24}},"21":{"start":{"line":22,"column":0},"end":{"line":22,"column":14}},"22":{"start":{"line":23,"column":0},"end":{"line":23,"column":14}},"23":{"start":{"line":24,"column":0},"end":{"line":24,"column":41}},"24":{"start":{"line":25,"column":0},"end":{"line":25,"column":37}},"26":{"start":{"line":27,"column":0},"end":{"line":27,"column":47}},"27":{"start":{"line":28,"column":0},"end":{"line":28,"column":19}},"28":{"start":{"line":29,"column":0},"end":{"line":29,"column":59}},"29":{"start":{"line":30,"column":0},"end":{"line":30,"column":83}},"31":{"start":{"line":32,"column":0},"end":{"line":32,"column":28}},"32":{"start":{"line":33,"column":0},"end":{"line":33,"column":21}},"34":{"start":{"line":35,"column":0},"end":{"line":35,"column":24}},"36":{"start":{"line":37,"column":0},"end":{"line":37,"column":16}},"37":{"start":{"line":38,"column":0},"end":{"line":38,"column":14}},"38":{"start":{"line":39,"column":0},"end":{"line":39,"column":9}},"39":{"start":{"line":40,"column":0},"end":{"line":40,"column":10}},"41":{"start":{"line":42,"column":0},"end":{"line":42,"column":1}}},"s":{"11":1,"12":6,"13":6,"14":6,"15":9,"16":9,"17":9,"18":9,"20":9,"21":9,"22":9,"23":9,"24":9,"26":9,"27":8,"28":8,"29":8,"31":8,"32":8,"34":1,"36":9,"37":9,"38":6,"39":6,"41":6},"branchMap":{"0":{"type":"branch","line":12,"loc":{"start":{"line":12,"column":7},"end":{"line":42,"column":1}},"locations":[{"start":{"line":12,"column":7},"end":{"line":42,"column":1}}]},"1":{"type":"branch","line":15,"loc":{"start":{"line":15,"column":17},"end":{"line":38,"column":14}},"locations":[{"start":{"line":15,"column":17},"end":{"line":38,"column":14}}]},"2":{"type":"branch","line":27,"loc":{"start":{"line":27,"column":35},"end":{"line":33,"column":21}},"locations":[{"start":{"line":27,"column":35},"end":{"line":33,"column":21}}]},"3":{"type":"branch","line":33,"loc":{"start":{"line":33,"column":14},"end":{"line":35,"column":24}},"locations":[{"start":{"line":33,"column":14},"end":{"line":35,"column":24}}]}},"b":{"0":[6],"1":[9],"2":[8],"3":[1]},"fnMap":{"0":{"name":"InfoGrid","decl":{"start":{"line":12,"column":7},"end":{"line":42,"column":1}},"loc":{"start":{"line":12,"column":7},"end":{"line":42,"column":1}},"line":12}},"f":{"0":6}}
,"/home/kylan/projects/df-fake-dash/src/components/ui/InlineMessage.tsx": {"path":"/home/kylan/projects/df-fake-dash/src/components/ui/InlineMessage.tsx","all":false,"statementMap":{"1":{"start":{"line":2,"column":0},"end":{"line":2,"column":42}},"11":{"start":{"line":12,"column":0},"end":{"line":12,"column":56}},"12":{"start":{"line":13,"column":0},"end":{"line":13,"column":24}},"13":{"start":{"line":14,"column":0},"end":{"line":14,"column":24}},"14":{"start":{"line":15,"column":0},"end":{"line":15,"column":24}},"15":{"start":{"line":16,"column":0},"end":{"line":16,"column":24}},"16":{"start":{"line":17,"column":0},"end":{"line":17,"column":1}},"18":{"start":{"line":19,"column":0},"end":{"line":19,"column":84}},"19":{"start":{"line":20,"column":0},"end":{"line":20,"column":33}},"20":{"start":{"line":21,"column":0},"end":{"line":21,"column":10}},"21":{"start":{"line":22,"column":0},"end":{"line":22,"column":8}},"22":{"start":{"line":23,"column":0},"end":{"line":23,"column":46}},"23":{"start":{"line":24,"column":0},"end":{"line":24,"column":62}},"25":{"start":{"line":26,"column":0},"end":{"line":26,"column":38}},"26":{"start":{"line":27,"column":0},"end":{"line":27,"column":66}},"28":{"start":{"line":29,"column":0},"end":{"line":29,"column":74}},"29":{"start":{"line":30,"column":0},"end":{"line":30,"column":10}},"31":{"start":{"line":32,"column":0},"end":{"line":32,"column":1}}},"s":{"1":1,"11":1,"12":1,"13":1,"14":1,"15":1,"16":1,"18":1,"19":11,"20":11,"21":11,"22":11,"23":11,"25":11,"26":8,"28":11,"29":11,"31":11},"branchMap":{"0":{"type":"branch","line":19,"loc":{"start":{"line":19,"column":7},"end":{"line":32,"column":1}},"locations":[{"start":{"line":19,"column":7},"end":{"line":32,"column":1}}]},"1":{"type":"branch","line":26,"loc":{"start":{"line":26,"column":7},"end":{"line":26,"column":38}},"locations":[{"start":{"line":26,"column":7},"end":{"line":26,"column":38}}]},"2":{"type":"branch","line":26,"loc":{"start":{"line":26,"column":24},"end":{"line":27,"column":66}},"locations":[{"start":{"line":26,"column":24},"end":{"line":27,"column":66}}]}},"b":{"0":[11],"1":[10],"2":[8]},"fnMap":{"0":{"name":"InlineMessage","decl":{"start":{"line":19,"column":7},"end":{"line":32,"column":1}},"loc":{"start":{"line":19,"column":7},"end":{"line":32,"column":1}},"line":19}},"f":{"0":11}}
,"/home/kylan/projects/df-fake-dash/src/components/ui/Input.tsx": {"path":"/home/kylan/projects/df-fake-dash/src/components/ui/Input.tsx","all":false,"statementMap":{"1":{"start":{"line":2,"column":0},"end":{"line":2,"column":29}},"7":{"start":{"line":8,"column":0},"end":{"line":8,"column":93}},"8":{"start":{"line":9,"column":0},"end":{"line":9,"column":10}},"9":{"start":{"line":10,"column":0},"end":{"line":10,"column":10}},"10":{"start":{"line":11,"column":0},"end":{"line":11,"column":25}},"11":{"start":{"line":12,"column":0},"end":{"line":12,"column":16}},"12":{"start":{"line":13,"column":0},"end":{"line":13,"column":20}},"13":{"start":{"line":14,"column":0},"end":{"line":14,"column":147}},"14":{"start":{"line":15,"column":0},"end":{"line":15,"column":37}},"15":{"start":{"line":16,"column":0},"end":{"line":16,"column":27}},"16":{"start":{"line":17,"column":0},"end":{"line":17,"column":79}},"17":{"start":{"line":18,"column":0},"end":{"line":18,"column":36}},"18":{"start":{"line":19,"column":0},"end":{"line":19,"column":64}},"19":{"start":{"line":20,"column":0},"end":{"line":20,"column":52}},"20":{"start":{"line":21,"column":0},"end":{"line":21,"column":18}},"21":{"start":{"line":22,"column":0},"end":{"line":22,"column":8}},"22":{"start":{"line":23,"column":0},"end":{"line":23,"column":34}},"23":{"start":{"line":24,"column":0},"end":{"line":24,"column":6}},"25":{"start":{"line":26,"column":0},"end":{"line":26,"column":1}}},"s":{"1":1,"7":1,"8":19,"9":19,"10":19,"11":19,"12":19,"13":19,"14":19,"15":19,"16":19,"17":19,"18":19,"19":19,"20":19,"21":19,"22":19,"23":19,"25":19},"branchMap":{"0":{"type":"branch","line":8,"loc":{"start":{"line":8,"column":7},"end":{"line":26,"column":1}},"locations":[{"start":{"line":8,"column":7},"end":{"line":26,"column":1}}]},"1":{"type":"branch","line":18,"loc":{"start":{"line":18,"column":8},"end":{"line":18,"column":36}},"locations":[{"start":{"line":18,"column":8},"end":{"line":18,"column":36}}]},"2":{"type":"branch","line":19,"loc":{"start":{"line":19,"column":8},"end":{"line":19,"column":64}},"locations":[{"start":{"line":19,"column":8},"end":{"line":19,"column":64}}]},"3":{"type":"branch","line":20,"loc":{"start":{"line":20,"column":8},"end":{"line":20,"column":52}},"locations":[{"start":{"line":20,"column":8},"end":{"line":20,"column":52}}]}},"b":{"0":[19],"1":[1],"2":[1],"3":[2]},"fnMap":{"0":{"name":"Input","decl":{"start":{"line":8,"column":7},"end":{"line":26,"column":1}},"loc":{"start":{"line":8,"column":7},"end":{"line":26,"column":1}},"line":8}},"f":{"0":19}}
,"/home/kylan/projects/df-fake-dash/src/components/ui/Menu.tsx": {"path":"/home/kylan/projects/df-fake-dash/src/components/ui/Menu.tsx","all":false,"statementMap":{"1":{"start":{"line":2,"column":0},"end":{"line":2,"column":36}},"2":{"start":{"line":3,"column":0},"end":{"line":3,"column":29}},"3":{"start":{"line":4,"column":0},"end":{"line":4,"column":49}},"16":{"start":{"line":17,"column":0},"end":{"line":17,"column":94}},"17":{"start":{"line":18,"column":0},"end":{"line":18,"column":10}},"18":{"start":{"line":19,"column":0},"end":{"line":19,"column":8}},"19":{"start":{"line":20,"column":0},"end":{"line":20,"column":21}},"20":{"start":{"line":21,"column":0},"end":{"line":21,"column":34}},"21":{"start":{"line":22,"column":0},"end":{"line":22,"column":30}},"22":{"start":{"line":23,"column":0},"end":{"line":23,"column":46}},"23":{"start":{"line":24,"column":0},"end":{"line":24,"column":25}},"24":{"start":{"line":25,"column":0},"end":{"line":25,"column":74}},"25":{"start":{"line":26,"column":0},"end":{"line":26,"column":8}},"26":{"start":{"line":27,"column":0},"end":{"line":27,"column":20}},"27":{"start":{"line":28,"column":0},"end":{"line":28,"column":109}},"28":{"start":{"line":29,"column":0},"end":{"line":29,"column":43}},"29":{"start":{"line":30,"column":0},"end":{"line":30,"column":50}},"30":{"start":{"line":31,"column":0},"end":{"line":31,"column":72}},"31":{"start":{"line":32,"column":0},"end":{"line":32,"column":8}},"32":{"start":{"line":33,"column":0},"end":{"line":33,"column":59}},"34":{"start":{"line":35,"column":0},"end":{"line":35,"column":63}},"35":{"start":{"line":36,"column":0},"end":{"line":36,"column":55}},"36":{"start":{"line":37,"column":0},"end":{"line":37,"column":18}},"37":{"start":{"line":38,"column":0},"end":{"line":38,"column":13}},"38":{"start":{"line":39,"column":0},"end":{"line":39,"column":82}},"39":{"start":{"line":40,"column":0},"end":{"line":40,"column":10}},"41":{"start":{"line":42,"column":0},"end":{"line":42,"column":1}},"50":{"start":{"line":51,"column":0},"end":{"line":51,"column":58}},"51":{"start":{"line":52,"column":0},"end":{"line":52,"column":10}},"52":{"start":{"line":53,"column":0},"end":{"line":53,"column":8}},"53":{"start":{"line":54,"column":0},"end":{"line":54,"column":17}},"54":{"start":{"line":55,"column":0},"end":{"line":55,"column":20}},"55":{"start":{"line":56,"column":0},"end":{"line":56,"column":66}},"56":{"start":{"line":57,"column":0},"end":{"line":57,"column":18}},"57":{"start":{"line":58,"column":0},"end":{"line":58,"column":8}},"59":{"start":{"line":60,"column":0},"end":{"line":60,"column":16}},"60":{"start":{"line":61,"column":0},"end":{"line":61,"column":10}},"62":{"start":{"line":63,"column":0},"end":{"line":63,"column":1}}},"s":{"1":1,"2":1,"3":1,"16":1,"17":14,"18":14,"19":14,"20":14,"21":14,"22":14,"23":14,"24":2,"25":2,"26":14,"27":14,"28":14,"29":14,"30":14,"31":14,"32":14,"34":14,"35":14,"36":14,"37":14,"38":14,"39":14,"41":14,"50":1,"51":14,"52":14,"53":14,"54":14,"55":14,"56":14,"57":14,"59":14,"60":14,"62":14},"branchMap":{"0":{"type":"branch","line":17,"loc":{"start":{"line":17,"column":7},"end":{"line":42,"column":1}},"locations":[{"start":{"line":17,"column":7},"end":{"line":42,"column":1}}]},"1":{"type":"branch","line":21,"loc":{"start":{"line":21,"column":16},"end":{"line":21,"column":32}},"locations":[{"start":{"line":21,"column":16},"end":{"line":21,"column":32}}]},"2":{"type":"branch","line":21,"loc":{"start":{"line":21,"column":27},"end":{"line":21,"column":34}},"locations":[{"start":{"line":21,"column":27},"end":{"line":21,"column":34}}]},"3":{"type":"branch","line":23,"loc":{"start":{"line":23,"column":15},"end":{"line":23,"column":38}},"locations":[{"start":{"line":23,"column":15},"end":{"line":23,"column":38}}]},"4":{"type":"branch","line":23,"loc":{"start":{"line":23,"column":26},"end":{"line":23,"column":46}},"locations":[{"start":{"line":23,"column":26},"end":{"line":23,"column":46}}]},"5":{"type":"branch","line":30,"loc":{"start":{"line":30,"column":8},"end":{"line":30,"column":36}},"locations":[{"start":{"line":30,"column":8},"end":{"line":30,"column":36}}]},"6":{"type":"branch","line":30,"loc":{"start":{"line":30,"column":18},"end":{"line":30,"column":50}},"locations":[{"start":{"line":30,"column":18},"end":{"line":30,"column":50}}]},"7":{"type":"branch","line":31,"loc":{"start":{"line":31,"column":8},"end":{"line":31,"column":72}},"locations":[{"start":{"line":31,"column":8},"end":{"line":31,"column":72}}]},"8":{"type":"branch","line":36,"loc":{"start":{"line":36,"column":9},"end":{"line":36,"column":55}},"locations":[{"start":{"line":36,"column":9},"end":{"line":36,"column":55}}]},"9":{"type":"branch","line":39,"loc":{"start":{"line":39,"column":7},"end":{"line":39,"column":82}},"locations":[{"start":{"line":39,"column":7},"end":{"line":39,"column":82}}]},"10":{"type":"branch","line":24,"loc":{"start":{"line":24,"column":17},"end":{"line":26,"column":8}},"locations":[{"start":{"line":24,"column":17},"end":{"line":26,"column":8}}]},"11":{"type":"branch","line":25,"loc":{"start":{"line":25,"column":36},"end":{"line":25,"column":63}},"locations":[{"start":{"line":25,"column":36},"end":{"line":25,"column":63}}]},"12":{"type":"branch","line":51,"loc":{"start":{"line":51,"column":7},"end":{"line":63,"column":1}},"locations":[{"start":{"line":51,"column":7},"end":{"line":63,"column":1}}]}},"b":{"0":[14],"1":[1],"2":[13],"3":[1],"4":[13],"5":[2],"6":[12],"7":[1],"8":[1],"9":[2],"10":[2],"11":[1],"12":[14]},"fnMap":{"0":{"name":"MenuItem","decl":{"start":{"line":17,"column":7},"end":{"line":42,"column":1}},"loc":{"start":{"line":17,"column":7},"end":{"line":42,"column":1}},"line":17},"1":{"name":"onKeyDown","decl":{"start":{"line":24,"column":17},"end":{"line":26,"column":8}},"loc":{"start":{"line":24,"column":17},"end":{"line":26,"column":8}},"line":24},"2":{"name":"Menu","decl":{"start":{"line":51,"column":7},"end":{"line":63,"column":1}},"loc":{"start":{"line":51,"column":7},"end":{"line":63,"column":1}},"line":51}},"f":{"0":14,"1":2,"2":14}}
,"/home/kylan/projects/df-fake-dash/src/components/ui/Modal.tsx": {"path":"/home/kylan/projects/df-fake-dash/src/components/ui/Modal.tsx","all":false,"statementMap":{"0":{"start":{"line":1,"column":0},"end":{"line":1,"column":33}},"1":{"start":{"line":2,"column":0},"end":{"line":2,"column":40}},"2":{"start":{"line":3,"column":0},"end":{"line":3,"column":32}},"14":{"start":{"line":15,"column":0},"end":{"line":15,"column":23}},"15":{"start":{"line":16,"column":0},"end":{"line":16,"column":9}},"16":{"start":{"line":17,"column":0},"end":{"line":17,"column":10}},"17":{"start":{"line":18,"column":0},"end":{"line":18,"column":8}},"18":{"start":{"line":19,"column":0},"end":{"line":19,"column":11}},"19":{"start":{"line":20,"column":0},"end":{"line":20,"column":9}},"20":{"start":{"line":21,"column":0},"end":{"line":21,"column":14}},"21":{"start":{"line":22,"column":0},"end":{"line":22,"column":16}},"22":{"start":{"line":23,"column":0},"end":{"line":23,"column":31}},"24":{"start":{"line":25,"column":0},"end":{"line":25,"column":19}},"25":{"start":{"line":26,"column":0},"end":{"line":26,"column":23}},"26":{"start":{"line":27,"column":0},"end":{"line":27,"column":45}},"27":{"start":{"line":28,"column":0},"end":{"line":28,"column":39}},"28":{"start":{"line":29,"column":0},"end":{"line":29,"column":5}},"29":{"start":{"line":30,"column":0},"end":{"line":30,"column":51}},"30":{"start":{"line":31,"column":0},"end":{"line":31,"column":67}},"31":{"start":{"line":32,"column":0},"end":{"line":32,"column":23}},"33":{"start":{"line":34,"column":0},"end":{"line":34,"column":26}},"35":{"start":{"line":36,"column":0},"end":{"line":36,"column":22}},"36":{"start":{"line":37,"column":0},"end":{"line":37,"column":8}},"37":{"start":{"line":38,"column":0},"end":{"line":38,"column":64}},"38":{"start":{"line":39,"column":0},"end":{"line":39,"column":64}},"39":{"start":{"line":40,"column":0},"end":{"line":40,"column":23}},"40":{"start":{"line":41,"column":0},"end":{"line":41,"column":34}},"42":{"start":{"line":43,"column":0},"end":{"line":43,"column":10}},"43":{"start":{"line":44,"column":0},"end":{"line":44,"column":21}},"44":{"start":{"line":45,"column":0},"end":{"line":45,"column":25}},"45":{"start":{"line":46,"column":0},"end":{"line":46,"column":33}},"46":{"start":{"line":47,"column":0},"end":{"line":47,"column":63}},"47":{"start":{"line":48,"column":0},"end":{"line":48,"column":44}},"48":{"start":{"line":49,"column":0},"end":{"line":49,"column":44}},"51":{"start":{"line":52,"column":0},"end":{"line":52,"column":12}},"52":{"start":{"line":53,"column":0},"end":{"line":53,"column":83}},"53":{"start":{"line":54,"column":0},"end":{"line":54,"column":44}},"55":{"start":{"line":56,"column":0},"end":{"line":56,"column":13}},"56":{"start":{"line":57,"column":0},"end":{"line":57,"column":24}},"57":{"start":{"line":58,"column":0},"end":{"line":58,"column":37}},"58":{"start":{"line":59,"column":0},"end":{"line":59,"column":78}},"60":{"start":{"line":61,"column":0},"end":{"line":61,"column":19}},"61":{"start":{"line":62,"column":0},"end":{"line":62,"column":15}},"62":{"start":{"line":63,"column":0},"end":{"line":63,"column":17}},"63":{"start":{"line":64,"column":0},"end":{"line":64,"column":29}},"64":{"start":{"line":65,"column":0},"end":{"line":65,"column":30}},"65":{"start":{"line":66,"column":0},"end":{"line":66,"column":145}},"66":{"start":{"line":67,"column":0},"end":{"line":67,"column":40}},"68":{"start":{"line":69,"column":0},"end":{"line":69,"column":45}},"69":{"start":{"line":70,"column":0},"end":{"line":70,"column":19}},"70":{"start":{"line":71,"column":0},"end":{"line":71,"column":14}},"73":{"start":{"line":74,"column":0},"end":{"line":74,"column":58}},"74":{"start":{"line":75,"column":0},"end":{"line":75,"column":20}},"75":{"start":{"line":76,"column":0},"end":{"line":76,"column":14}},"78":{"start":{"line":79,"column":0},"end":{"line":79,"column":20}},"79":{"start":{"line":80,"column":0},"end":{"line":80,"column":14}},"80":{"start":{"line":81,"column":0},"end":{"line":81,"column":87}},"81":{"start":{"line":82,"column":0},"end":{"line":82,"column":46}},"83":{"start":{"line":84,"column":0},"end":{"line":84,"column":20}},"84":{"start":{"line":85,"column":0},"end":{"line":85,"column":16}},"86":{"start":{"line":87,"column":0},"end":{"line":87,"column":12}},"87":{"start":{"line":88,"column":0},"end":{"line":88,"column":11}},"88":{"start":{"line":89,"column":0},"end":{"line":89,"column":18}},"89":{"start":{"line":90,"column":0},"end":{"line":90,"column":3}},"90":{"start":{"line":91,"column":0},"end":{"line":91,"column":1}}},"s":{"0":1,"1":1,"2":1,"14":1,"15":14,"16":14,"17":14,"18":14,"19":14,"20":14,"21":14,"22":14,"24":14,"25":14,"26":12,"27":1,"28":1,"29":12,"30":12,"31":14,"33":14,"35":12,"36":12,"37":12,"38":12,"39":12,"40":12,"42":12,"43":12,"44":12,"45":12,"46":12,"47":12,"48":12,"51":12,"52":12,"53":12,"55":12,"56":12,"57":12,"58":12,"60":12,"61":12,"62":12,"63":12,"64":12,"65":12,"66":12,"68":12,"69":12,"70":12,"73":12,"74":12,"75":12,"78":12,"79":1,"80":1,"81":1,"83":1,"84":1,"86":14,"87":14,"88":14,"89":14,"90":14},"branchMap":{"0":{"type":"branch","line":15,"loc":{"start":{"line":15,"column":7},"end":{"line":91,"column":1}},"locations":[{"start":{"line":15,"column":7},"end":{"line":91,"column":1}}]},"1":{"type":"branch","line":34,"loc":{"start":{"line":34,"column":15},"end":{"line":34,"column":26}},"locations":[{"start":{"line":34,"column":15},"end":{"line":34,"column":26}}]},"2":{"type":"branch","line":34,"loc":{"start":{"line":34,"column":22},"end":{"line":79,"column":20}},"locations":[{"start":{"line":34,"column":22},"end":{"line":79,"column":20}}]},"3":{"type":"branch","line":79,"loc":{"start":{"line":79,"column":9},"end":{"line":85,"column":16}},"locations":[{"start":{"line":79,"column":9},"end":{"line":85,"column":16}}]},"4":{"type":"branch","line":25,"loc":{"start":{"line":25,"column":12},"end":{"line":32,"column":5}},"locations":[{"start":{"line":25,"column":12},"end":{"line":32,"column":5}}]},"5":{"type":"branch","line":26,"loc":{"start":{"line":26,"column":17},"end":{"line":26,"column":23}},"locations":[{"start":{"line":26,"column":17},"end":{"line":26,"column":23}}]},"6":{"type":"branch","line":26,"loc":{"start":{"line":26,"column":17},"end":{"line":31,"column":67}},"locations":[{"start":{"line":26,"column":17},"end":{"line":31,"column":67}}]},"7":{"type":"branch","line":27,"loc":{"start":{"line":27,"column":22},"end":{"line":29,"column":5}},"locations":[{"start":{"line":27,"column":22},"end":{"line":29,"column":5}}]},"8":{"type":"branch","line":31,"loc":{"start":{"line":31,"column":11},"end":{"line":31,"column":67}},"locations":[{"start":{"line":31,"column":11},"end":{"line":31,"column":67}}]},"9":{"type":"branch","line":49,"loc":{"start":{"line":49,"column":17},"end":{"line":49,"column":44}},"locations":[{"start":{"line":49,"column":17},"end":{"line":49,"column":44}}]}},"b":{"0":[14],"1":[2],"2":[12],"3":[1],"4":[14],"5":[2],"6":[12],"7":[1],"8":[12],"9":[2]},"fnMap":{"0":{"name":"Modal","decl":{"start":{"line":15,"column":7},"end":{"line":91,"column":1}},"loc":{"start":{"line":15,"column":7},"end":{"line":91,"column":1}},"line":15},"1":{"name":"handleKey","decl":{"start":{"line":27,"column":22},"end":{"line":29,"column":5}},"loc":{"start":{"line":27,"column":22},"end":{"line":29,"column":5}},"line":27},"2":{"name":"onClick","decl":{"start":{"line":49,"column":17},"end":{"line":49,"column":44}},"loc":{"start":{"line":49,"column":17},"end":{"line":49,"column":44}},"line":49}},"f":{"0":14,"1":1,"2":2}}
[...]
e":97,"column":40}},"97":{"start":{"line":98,"column":0},"end":{"line":98,"column":90}},"98":{"start":{"line":99,"column":0},"end":{"line":99,"column":33}},"99":{"start":{"line":100,"column":0},"end":{"line":100,"column":55}},"100":{"start":{"line":101,"column":0},"end":{"line":101,"column":37}},"101":{"start":{"line":102,"column":0},"end":{"line":102,"column":44}},"102":{"start":{"line":103,"column":0},"end":{"line":103,"column":55}},"103":{"start":{"line":104,"column":0},"end":{"line":104,"column":20}},"105":{"start":{"line":106,"column":0},"end":{"line":106,"column":54}},"106":{"start":{"line":107,"column":0},"end":{"line":107,"column":31}},"107":{"start":{"line":108,"column":0},"end":{"line":108,"column":25}},"108":{"start":{"line":109,"column":0},"end":{"line":109,"column":19}},"110":{"start":{"line":111,"column":0},"end":{"line":111,"column":13}},"111":{"start":{"line":112,"column":0},"end":{"line":112,"column":13}},"113":{"start":{"line":114,"column":0},"end":{"line":114,"column":10}},"115":{"start":{"line":116,"column":0},"end":{"line":116,"column":1}}},"s":{"0":1,"1":1,"2":1,"17":1,"18":25,"19":25,"21":25,"23":25,"24":25,"25":8,"26":3,"27":1,"28":1,"29":3,"30":8,"31":8,"32":25,"34":25,"35":25,"36":8,"37":1,"38":1,"39":8,"40":8,"41":25,"43":25,"44":25,"45":25,"46":25,"47":25,"48":25,"49":25,"50":25,"51":25,"53":25,"54":25,"55":25,"56":25,"57":25,"58":25,"59":25,"60":25,"61":25,"63":25,"64":25,"65":25,"66":25,"68":25,"69":8,"70":8,"71":8,"72":8,"73":8,"74":8,"75":8,"76":8,"77":8,"78":8,"79":8,"80":8,"81":8,"82":8,"83":8,"84":8,"85":8,"87":8,"88":24,"89":24,"90":24,"91":24,"92":24,"93":24,"94":24,"95":24,"96":24,"97":24,"98":24,"99":24,"100":24,"101":24,"102":24,"103":24,"105":24,"106":24,"107":24,"108":24,"110":8,"111":8,"113":25,"115":25},"branchMap":{"0":{"type":"branch","line":18,"loc":{"start":{"line":18,"column":7},"end":{"line":116,"column":1}},"locations":[{"start":{"line":18,"column":7},"end":{"line":116,"column":1}}]},"1":{"type":"branch","line":22,"loc":{"start":{"line":22,"column":56},"end":{"line":22,"column":71}},"locations":[{"start":{"line":22,"column":56},"end":{"line":22,"column":71}}]},"2":{"type":"branch","line":69,"loc":{"start":{"line":69,"column":7},"end":{"line":112,"column":13}},"locations":[{"start":{"line":69,"column":7},"end":{"line":112,"column":13}}]},"3":{"type":"branch","line":22,"loc":{"start":{"line":22,"column":32},"end":{"line":22,"column":56}},"locations":[{"start":{"line":22,"column":32},"end":{"line":22,"column":56}}]},"4":{"type":"branch","line":24,"loc":{"start":{"line":24,"column":12},"end":{"line":33,"column":5}},"locations":[{"start":{"line":24,"column":12},"end":{"line":33,"column":5}}]},"5":{"type":"branch","line":25,"loc":{"start":{"line":25,"column":15},"end":{"line":25,"column":21}},"locations":[{"start":{"line":25,"column":15},"end":{"line":25,"column":21}}]},"6":{"type":"branch","line":25,"loc":{"start":{"line":25,"column":15},"end":{"line":32,"column":73}},"locations":[{"start":{"line":25,"column":15},"end":{"line":32,"column":73}}]},"7":{"type":"branch","line":26,"loc":{"start":{"line":26,"column":4},"end":{"line":30,"column":5}},"locations":[{"start":{"line":26,"column":4},"end":{"line":30,"column":5}}]},"8":{"type":"branch","line":27,"loc":{"start":{"line":27,"column":84},"end":{"line":29,"column":7}},"locations":[{"start":{"line":27,"column":84},"end":{"line":29,"column":7}}]},"9":{"type":"branch","line":32,"loc":{"start":{"line":32,"column":11},"end":{"line":32,"column":73}},"locations":[{"start":{"line":32,"column":11},"end":{"line":32,"column":73}}]},"10":{"type":"branch","line":35,"loc":{"start":{"line":35,"column":12},"end":{"line":42,"column":5}},"locations":[{"start":{"line":35,"column":12},"end":{"line":42,"column":5}}]},"11":{"type":"branch","line":36,"loc":{"start":{"line":36,"column":15},"end":{"line":36,"column":21}},"locations":[{"start":{"line":36,"column":15},"end":{"line":36,"column":21}}]},"12":{"type":"branch","line":36,"loc":{"start":{"line":36,"column":15},"end":{"line":41,"column":70}},"locations":[{"start":{"line":36,"column":15},"end":{"line":41,"column":70}}]},"13":{"type":"branch","line":37,"loc":{"start":{"line":37,"column":4},"end":{"line":39,"column":5}},"locations":[{"start":{"line":37,"column":4},"end":{"line":39,"column":5}}]},"14":{"type":"branch","line":41,"loc":{"start":{"line":41,"column":11},"end":{"line":41,"column":70}},"locations":[{"start":{"line":41,"column":11},"end":{"line":41,"column":70}}]},"15":{"type":"branch","line":50,"loc":{"start":{"line":50,"column":17},"end":{"line":50,"column":46}},"locations":[{"start":{"line":50,"column":17},"end":{"line":50,"column":46}}]},"16":{"type":"branch","line":50,"loc":{"start":{"line":50,"column":31},"end":{"line":50,"column":44}},"locations":[{"start":{"line":50,"column":31},"end":{"line":50,"column":44}}]},"17":{"type":"branch","line":88,"loc":{"start":{"line":88,"column":23},"end":{"line":111,"column":11}},"locations":[{"start":{"line":88,"column":23},"end":{"line":111,"column":11}}]},"18":{"type":"branch","line":98,"loc":{"start":{"line":98,"column":37},"end":{"line":98,"column":76}},"locations":[{"start":{"line":98,"column":37},"end":{"line":98,"column":76}}]},"19":{"type":"branch","line":98,"loc":{"start":{"line":98,"column":50},"end":{"line":98,"column":90}},"locations":[{"start":{"line":98,"column":50},"end":{"line":98,"column":90}}]},"20":{"type":"branch","line":100,"loc":{"start":{"line":100,"column":32},"end":{"line":100,"column":51}},"locations":[{"start":{"line":100,"column":32},"end":{"line":100,"column":51}}]},"21":{"type":"branch","line":100,"loc":{"start":{"line":100,"column":45},"end":{"line":100,"column":55}},"locations":[{"start":{"line":100,"column":45},"end":{"line":100,"column":55}}]},"22":{"type":"branch","line":93,"loc":{"start":{"line":93,"column":27},"end":{"line":93,"column":73}},"locations":[{"start":{"line":93,"column":27},"end":{"line":93,"column":73}}]}},"b":{"0":[25],"1":[1],"2":[8],"3":[31],"4":[25],"5":[17],"6":[8],"7":[3],"8":[1],"9":[8],"10":[25],"11":[17],"12":[8],"13":[1],"14":[8],"15":[8],"16":[8],"17":[24],"18":[8],"19":[16],"20":[8],"21":[16],"22":[2]},"fnMap":{"0":{"name":"TrustDomainSelector","decl":{"start":{"line":18,"column":7},"end":{"line":116,"column":1}},"loc":{"start":{"line":18,"column":7},"end":{"line":116,"column":1}},"line":18},"1":{"name":"handleOutside","decl":{"start":{"line":26,"column":4},"end":{"line":30,"column":5}},"loc":{"start":{"line":26,"column":4},"end":{"line":30,"column":5}},"line":26},"2":{"name":"handleEscape","decl":{"start":{"line":37,"column":4},"end":{"line":39,"column":5}},"loc":{"start":{"line":37,"column":4},"end":{"line":39,"column":5}},"line":37},"3":{"name":"onClick","decl":{"start":{"line":50,"column":17},"end":{"line":50,"column":46}},"loc":{"start":{"line":50,"column":17},"end":{"line":50,"column":46}},"line":50},"4":{"name":"onClick","decl":{"start":{"line":93,"column":27},"end":{"line":93,"column":73}},"loc":{"start":{"line":93,"column":27},"end":{"line":93,"column":73}},"line":93}},"f":{"0":25,"1":3,"2":1,"3":8,"4":2}}
,"/home/kylan/projects/df-fake-dash/src/components/ui/UrlTag.tsx": {"path":"/home/kylan/projects/df-fake-dash/src/components/ui/UrlTag.tsx","all":false,"statementMap":{"0":{"start":{"line":1,"column":0},"end":{"line":1,"column":35}},"1":{"start":{"line":2,"column":0},"end":{"line":2,"column":29}},"9":{"start":{"line":10,"column":0},"end":{"line":10,"column":62}},"10":{"start":{"line":11,"column":0},"end":{"line":11,"column":10}},"11":{"start":{"line":12,"column":0},"end":{"line":12,"column":9}},"12":{"start":{"line":13,"column":0},"end":{"line":13,"column":23}},"13":{"start":{"line":14,"column":0},"end":{"line":14,"column":20}},"14":{"start":{"line":15,"column":0},"end":{"line":15,"column":88}},"15":{"start":{"line":16,"column":0},"end":{"line":16,"column":36}},"16":{"start":{"line":17,"column":0},"end":{"line":17,"column":8}},"17":{"start":{"line":18,"column":0},"end":{"line":18,"column":14}},"18":{"start":{"line":19,"column":0},"end":{"line":19,"column":48}},"19":{"start":{"line":20,"column":0},"end":{"line":20,"column":25}},"20":{"start":{"line":21,"column":0},"end":{"line":21,"column":43}},"21":{"start":{"line":22,"column":0},"end":{"line":22,"column":21}},"22":{"start":{"line":23,"column":0},"end":{"line":23,"column":8}},"24":{"start":{"line":25,"column":0},"end":{"line":25,"column":50}},"25":{"start":{"line":26,"column":0},"end":{"line":26,"column":54}},"26":{"start":{"line":27,"column":0},"end":{"line":27,"column":11}},"28":{"start":{"line":29,"column":0},"end":{"line":29,"column":1}}},"s":{"0":1,"1":1,"9":1,"10":9,"11":9,"12":9,"13":9,"14":9,"15":9,"16":9,"17":9,"18":9,"19":9,"20":9,"21":9,"22":9,"24":9,"25":9,"26":9,"28":9},"branchMap":{"0":{"type":"branch","line":10,"loc":{"start":{"line":10,"column":7},"end":{"line":29,"column":1}},"locations":[{"start":{"line":10,"column":7},"end":{"line":29,"column":1}}]},"1":{"type":"branch","line":16,"loc":{"start":{"line":16,"column":8},"end":{"line":16,"column":36}},"locations":[{"start":{"line":16,"column":8},"end":{"line":16,"column":36}}]},"2":{"type":"branch","line":26,"loc":{"start":{"line":26,"column":34},"end":{"line":26,"column":47}},"locations":[{"start":{"line":26,"column":34},"end":{"line":26,"column":47}}]}},"b":{"0":[9],"1":[2],"2":[7]},"fnMap":{"0":{"name":"UrlTag","decl":{"start":{"line":10,"column":7},"end":{"line":29,"column":1}},"loc":{"start":{"line":10,"column":7},"end":{"line":29,"column":1}},"line":10}},"f":{"0":9}}
,"/home/kylan/projects/df-fake-dash/src/components/ui/WizardNav.tsx": {"path":"/home/kylan/projects/df-fake-dash/src/components/ui/WizardNav.tsx","all":false,"statementMap":{"0":{"start":{"line":1,"column":0},"end":{"line":1,"column":29}},"20":{"start":{"line":21,"column":0},"end":{"line":21,"column":62}},"21":{"start":{"line":22,"column":0},"end":{"line":22,"column":10}},"22":{"start":{"line":23,"column":0},"end":{"line":23,"column":9}},"23":{"start":{"line":24,"column":0},"end":{"line":24,"column":46}},"24":{"start":{"line":25,"column":0},"end":{"line":25,"column":14}},"25":{"start":{"line":26,"column":0},"end":{"line":26,"column":32}},"26":{"start":{"line":27,"column":0},"end":{"line":27,"column":18}},"27":{"start":{"line":28,"column":0},"end":{"line":28,"column":19}},"28":{"start":{"line":29,"column":0},"end":{"line":29,"column":55}},"29":{"start":{"line":30,"column":0},"end":{"line":30,"column":63}},"30":{"start":{"line":31,"column":0},"end":{"line":31,"column":21}},"31":{"start":{"line":32,"column":0},"end":{"line":32,"column":8}},"32":{"start":{"line":33,"column":0},"end":{"line":33,"column":6}},"34":{"start":{"line":35,"column":0},"end":{"line":35,"column":1}},"36":{"start":{"line":37,"column":0},"end":{"line":37,"column":81}},"37":{"start":{"line":38,"column":0},"end":{"line":38,"column":10}},"38":{"start":{"line":39,"column":0},"end":{"line":39,"column":104}},"39":{"start":{"line":40,"column":0},"end":{"line":40,"column":28}},"40":{"start":{"line":41,"column":0},"end":{"line":41,"column":49}},"41":{"start":{"line":42,"column":0},"end":{"line":42,"column":16}},"42":{"start":{"line":43,"column":0},"end":{"line":43,"column":17}},"43":{"start":{"line":44,"column":0},"end":{"line":44,"column":25}},"44":{"start":{"line":45,"column":0},"end":{"line":45,"column":50}},"45":{"start":{"line":46,"column":0},"end":{"line":46,"column":26}},"46":{"start":{"line":47,"column":0},"end":{"line":47,"column":128}},"47":{"start":{"line":48,"column":0},"end":{"line":48,"column":14}},"48":{"start":{"line":49,"column":0},"end":{"line":49,"column":20}},"49":{"start":{"line":50,"column":0},"end":{"line":50,"column":69}},"50":{"start":{"line":51,"column":0},"end":{"line":51,"column":14}},"52":{"start":{"line":53,"column":0},"end":{"line":53,"column":14}},"53":{"start":{"line":54,"column":0},"end":{"line":54,"column":46}},"54":{"start":{"line":55,"column":0},"end":{"line":55,"column":22}},"55":{"start":{"line":56,"column":0},"end":{"line":56,"column":29}},"56":{"start":{"line":57,"column":0},"end":{"line":57,"column":56}},"57":{"start":{"line":58,"column":0},"end":{"line":58,"column":40}},"58":{"start":{"line":59,"column":0},"end":{"line":59,"column":32}},"59":{"start":{"line":60,"column":0},"end":{"line":60,"column":16}},"61":{"start":{"line":62,"column":0},"end":{"line":62,"column":26}},"62":{"start":{"line":63,"column":0},"end":{"line":63,"column":16}},"63":{"start":{"line":64,"column":0},"end":{"line":64,"column":31}},"64":{"start":{"line":65,"column":0},"end":{"line":65,"column":58}},"65":{"start":{"line":66,"column":0},"end":{"line":66,"column":45}},"66":{"start":{"line":67,"column":0},"end":{"line":67,"column":71}},"67":{"start":{"line":68,"column":0},"end":{"line":68,"column":65}},"68":{"start":{"line":69,"column":0},"end":{"line":69,"column":63}},"69":{"start":{"line":70,"column":0},"end":{"line":70,"column":27}},"70":{"start":{"line":71,"column":0},"end":{"line":71,"column":22}},"71":{"start":{"line":72,"column":0},"end":{"line":72,"column":62}},"72":{"start":{"line":73,"column":0},"end":{"line":73,"column":30}},"73":{"start":{"line":74,"column":0},"end":{"line":74,"column":37}},"74":{"start":{"line":75,"column":0},"end":{"line":75,"column":64}},"75":{"start":{"line":76,"column":0},"end":{"line":76,"column":48}},"76":{"start":{"line":77,"column":0},"end":{"line":77,"column":40}},"77":{"start":{"line":78,"column":0},"end":{"line":78,"column":24}},"79":{"start":{"line":80,"column":0},"end":{"line":80,"column":33}},"80":{"start":{"line":81,"column":0},"end":{"line":81,"column":24}},"81":{"start":{"line":82,"column":0},"end":{"line":82,"column":24}},"82":{"start":{"line":83,"column":0},"end":{"line":83,"column":19}},"83":{"start":{"line":84,"column":0},"end":{"line":84,"column":20}},"85":{"start":{"line":86,"column":0},"end":{"line":86,"column":19}},"87":{"start":{"line":88,"column":0},"end":{"line":88,"column":9}},"88":{"start":{"line":89,"column":0},"end":{"line":89,"column":10}},"90":{"start":{"line":91,"column":0},"end":{"line":91,"column":1}}},"s":{"0":1,"20":33,"21":33,"22":33,"23":33,"24":33,"25":33,"26":33,"27":33,"28":33,"29":33,"30":33,"31":33,"32":33,"34":33,"36":1,"37":11,"38":11,"39":11,"40":22,"41":22,"42":22,"43":22,"44":22,"45":22,"46":22,"47":22,"48":22,"49":22,"50":22,"52":22,"53":22,"54":22,"55":22,"56":22,"57":22,"58":22,"59":22,"61":22,"62":22,"63":22,"64":22,"65":22,"66":33,"67":33,"68":33,"69":33,"70":33,"71":33,"72":33,"73":33,"74":33,"75":33,"76":33,"77":33,"79":33,"80":33,"81":33,"82":22,"83":22,"85":22,"87":11,"88":11,"90":11},"branchMap":{"0":{"type":"branch","line":21,"loc":{"start":{"line":21,"column":0},"end":{"line":35,"column":1}},"locations":[{"start":{"line":21,"column":0},"end":{"line":35,"column":1}}]},"1":{"type":"branch","line":29,"loc":{"start":{"line":29,"column":21},"end":{"line":29,"column":45}},"locations":[{"start":{"line":29,"column":21},"end":{"line":29,"column":45}}]},"2":{"type":"branch","line":29,"loc":{"start":{"line":29,"column":33},"end":{"line":29,"column":55}},"locations":[{"start":{"line":29,"column":33},"end":{"line":29,"column":55}}]},"3":{"type":"branch","line":30,"loc":{"start":{"line":30,"column":25},"end":{"line":30,"column":49}},"locations":[{"start":{"line":30,"column":25},"end":{"line":30,"column":49}}]},"4":{"type":"branch","line":30,"loc":{"start":{"line":30,"column":37},"end":{"line":30,"column":63}},"locations":[{"start":{"line":30,"column":37},"end":{"line":30,"column":63}}]},"5":{"type":"branch","line":37,"loc":{"start":{"line":37,"column":7},"end":{"line":91,"column":1}},"locations":[{"start":{"line":37,"column":7},"end":{"line":91,"column":1}}]},"6":{"type":"branch","line":40,"loc":{"start":{"line":40,"column":17},"end":{"line":88,"column":7}},"locations":[{"start":{"line":40,"column":17},"end":{"line":88,"column":7}}]},"7":{"type":"branch","line":50,"loc":{"start":{"line":50,"column":32},"end":{"line":50,"column":55}},"locations":[{"start":{"line":50,"column":32},"end":{"line":50,"column":55}}]},"8":{"type":"branch","line":50,"loc":{"start":{"line":50,"column":43},"end":{"line":50,"column":69}},"locations":[{"start":{"line":50,"column":43},"end":{"line":50,"column":69}}]},"9":{"type":"branch","line":57,"loc":{"start":{"line":57,"column":23},"end":{"line":57,"column":46}},"locations":[{"start":{"line":57,"column":23},"end":{"line":57,"column":46}}]},"10":{"type":"branch","line":57,"loc":{"start":{"line":57,"column":34},"end":{"line":57,"column":56}},"locations":[{"start":{"line":57,"column":34},"end":{"line":57,"column":56}}]},"11":{"type":"branch","line":45,"loc":{"start":{"line":45,"column":21},"end":{"line":45,"column":50}},"locations":[{"start":{"line":45,"column":21},"end":{"line":45,"column":50}}]},"12":{"type":"branch","line":66,"loc":{"start":{"line":66,"column":35},"end":{"line":82,"column":24}},"locations":[{"start":{"line":66,"column":35},"end":{"line":82,"column":24}}]},"13":{"type":"branch","line":75,"loc":{"start":{"line":75,"column":31},"end":{"line":75,"column":54}},"locations":[{"start":{"line":75,"column":31},"end":{"line":75,"column":54}}]},"14":{"type":"branch","line":75,"loc":{"start":{"line":75,"column":42},"end":{"line":75,"column":64}},"locations":[{"start":{"line":75,"column":42},"end":{"line":75,"column":64}}]}},"b":{"0":[33],"1":[11],"2":[22],"3":[11],"4":[22],"5":[11],"6":[22],"7":[11],"8":[11],"9":[11],"10":[11],"11":[1],"12":[33],"13":[22],"14":[11]},"fnMap":{"0":{"name":"SubStepIcon","decl":{"start":{"line":21,"column":0},"end":{"line":35,"column":1}},"loc":{"start":{"line":21,"column":0},"end":{"line":35,"column":1}},"line":21},"1":{"name":"WizardNav","decl":{"start":{"line":37,"column":7},"end":{"line":91,"column":1}},"loc":{"start":{"line":37,"column":7},"end":{"line":91,"column":1}},"line":37},"2":{"name":"onClick","decl":{"start":{"line":45,"column":21},"end":{"line":45,"column":50}},"loc":{"start":{"line":45,"column":21},"end":{"line":45,"column":50}},"line":45}},"f":{"0":33,"1":11,"2":1}}
,"/home/kylan/projects/df-fake-dash/src/components/ui/WorkflowProcessState.tsx": {"path":"/home/kylan/projects/df-fake-dash/src/components/ui/WorkflowProcessState.tsx","all":false,"statementMap":{"0":{"start":{"line":1,"column":0},"end":{"line":1,"column":80}},"1":{"start":{"line":2,"column":0},"end":{"line":2,"column":29}},"11":{"start":{"line":12,"column":0},"end":{"line":12,"column":42}},"15":{"start":{"line":16,"column":0},"end":{"line":16,"column":6}},"16":{"start":{"line":17,"column":0},"end":{"line":17,"column":84}},"17":{"start":{"line":18,"column":0},"end":{"line":18,"column":84}},"18":{"start":{"line":19,"column":0},"end":{"line":19,"column":83}},"19":{"start":{"line":20,"column":0},"end":{"line":20,"column":84}},"20":{"start":{"line":21,"column":0},"end":{"line":21,"column":1}},"22":{"start":{"line":23,"column":0},"end":{"line":23,"column":96}},"23":{"start":{"line":24,"column":0},"end":{"line":24,"column":49}},"25":{"start":{"line":26,"column":0},"end":{"line":26,"column":10}},"26":{"start":{"line":27,"column":0},"end":{"line":27,"column":8}},"27":{"start":{"line":28,"column":0},"end":{"line":28,"column":101}},"28":{"start":{"line":29,"column":0},"end":{"line":29,"column":37}},"30":{"start":{"line":31,"column":0},"end":{"line":31,"column":57}},"31":{"start":{"line":32,"column":0},"end":{"line":32,"column":85}},"32":{"start":{"line":33,"column":0},"end":{"line":33,"column":10}},"34":{"start":{"line":35,"column":0},"end":{"line":35,"column":1}}},"s":{"0":1,"1":1,"11":1,"15":1,"16":1,"17":1,"18":1,"19":1,"20":1,"22":1,"23":11,"25":11,"26":11,"27":11,"28":11,"30":11,"31":11,"32":11,"34":11},"branchMap":{"0":{"type":"branch","line":23,"loc":{"start":{"line":23,"column":7},"end":{"line":35,"column":1}},"locations":[{"start":{"line":23,"column":7},"end":{"line":35,"column":1}}]}},"b":{"0":[11]},"fnMap":{"0":{"name":"WorkflowProcessState","decl":{"start":{"line":23,"column":7},"end":{"line":35,"column":1}},"loc":{"start":{"line":23,"column":7},"end":{"line":35,"column":1}},"line":23}},"f":{"0":11}}
}
